[2.440s] DEBUG:colcon:Command line arguments: ['/usr/bin/colcon', 'build']
[2.440s] DEBUG:colcon:Parsed command line arguments: Namespace(allow_overriding=[], ament_cmake_args=None, base_paths=['.'], build_base='build', catkin_cmake_args=None, catkin_skip_building_tests=False, cmake_args=None, cmake_clean_cache=False, cmake_clean_first=False, cmake_force_configure=False, cmake_target=None, cmake_target_skip_unavailable=False, continue_on_error=False, event_handlers=None, executor='parallel', ignore_user_meta=False, install_base='install', log_base=None, log_level=None, main=<bound method BuildVerb.main of <colcon_core.verb.build.BuildVerb object at 0x7f319cd983d0>>, merge_install=False, metas=['./colcon.meta'], packages_above=None, packages_above_and_dependencies=None, packages_above_depth=None, packages_end=None, packages_ignore=None, packages_ignore_regex=None, packages_select=None, packages_select_build_failed=False, packages_select_by_dep=None, packages_select_regex=None, packages_select_test_failures=False, packages_skip=None, packages_skip_build_finished=False, packages_skip_by_dep=None, packages_skip_regex=None, packages_skip_test_passed=False, packages_skip_up_to=None, packages_start=None, packages_up_to=None, packages_up_to_regex=None, parallel_workers=12, paths=None, symlink_install=False, test_result_base=None, verb_extension=<colcon_core.verb.build.BuildVerb object at 0x7f319cd983d0>, verb_name='build', verb_parser=<colcon_defaults.argument_parser.defaults.DefaultArgumentsDecorator object at 0x7f319c9b35b0>)
[2.555s] Level 1:colcon.colcon_core.package_discovery:discover_packages(colcon_meta) check parameters
[2.555s] Level 1:colcon.colcon_core.package_discovery:discover_packages(recursive) check parameters
[2.555s] Level 1:colcon.colcon_core.package_discovery:discover_packages(ignore) check parameters
[2.555s] Level 1:colcon.colcon_core.package_discovery:discover_packages(path) check parameters
[2.555s] Level 1:colcon.colcon_core.package_discovery:discover_packages(colcon_meta) discover
[2.555s] Level 1:colcon.colcon_core.package_discovery:discover_packages(recursive) discover
[2.555s] INFO:colcon.colcon_core.package_discovery:Crawling recursively for packages in '/home/wythe/PWCL_ws'
[2.555s] Level 1:colcon.colcon_core.package_identification:_identify(.) by extensions ['ignore', 'ignore_ament_install']
[2.555s] Level 1:colcon.colcon_core.package_identification:_identify(.) by extension 'ignore'
[2.555s] Level 1:colcon.colcon_core.package_identification:_identify(.) by extension 'ignore_ament_install'
[2.555s] Level 1:colcon.colcon_core.package_identification:_identify(.) by extensions ['colcon_pkg']
[2.555s] Level 1:colcon.colcon_core.package_identification:_identify(.) by extension 'colcon_pkg'
[2.555s] Level 1:colcon.colcon_core.package_identification:_identify(.) by extensions ['colcon_meta']
[2.555s] Level 1:colcon.colcon_core.package_identification:_identify(.) by extension 'colcon_meta'
[2.555s] Level 1:colcon.colcon_core.package_identification:_identify(.) by extensions ['ros']
[2.556s] Level 1:colcon.colcon_core.package_identification:_identify(.) by extension 'ros'
[2.567s] Level 1:colcon.colcon_core.package_identification:_identify(.) by extensions ['cmake', 'python']
[2.567s] Level 1:colcon.colcon_core.package_identification:_identify(.) by extension 'cmake'
[2.567s] Level 1:colcon.colcon_core.package_identification:_identify(.) by extension 'python'
[2.567s] Level 1:colcon.colcon_core.package_identification:_identify(.) by extensions ['python_setup_py']
[2.567s] Level 1:colcon.colcon_core.package_identification:_identify(.) by extension 'python_setup_py'
[2.567s] Level 1:colcon.colcon_core.package_identification:_identify(Node) by extensions ['ignore', 'ignore_ament_install']
[2.567s] Level 1:colcon.colcon_core.package_identification:_identify(Node) by extension 'ignore'
[2.567s] Level 1:colcon.colcon_core.package_identification:_identify(Node) by extension 'ignore_ament_install'
[2.567s] Level 1:colcon.colcon_core.package_identification:_identify(Node) by extensions ['colcon_pkg']
[2.567s] Level 1:colcon.colcon_core.package_identification:_identify(Node) by extension 'colcon_pkg'
[2.567s] Level 1:colcon.colcon_core.package_identification:_identify(Node) by extensions ['colcon_meta']
[2.567s] Level 1:colcon.colcon_core.package_identification:_identify(Node) by extension 'colcon_meta'
[2.567s] Level 1:colcon.colcon_core.package_identification:_identify(Node) by extensions ['ros']
[2.567s] Level 1:colcon.colcon_core.package_identification:_identify(Node) by extension 'ros'
[2.567s] Level 1:colcon.colcon_core.package_identification:_identify(Node) by extensions ['cmake', 'python']
[2.568s] Level 1:colcon.colcon_core.package_identification:_identify(Node) by extension 'cmake'
[2.568s] Level 1:colcon.colcon_core.package_identification:_identify(Node) by extension 'python'
[2.568s] Level 1:colcon.colcon_core.package_identification:_identify(Node) by extensions ['python_setup_py']
[2.568s] Level 1:colcon.colcon_core.package_identification:_identify(Node) by extension 'python_setup_py'
[2.568s] Level 1:colcon.colcon_core.package_identification:_identify(Node/__pycache__) by extensions ['ignore', 'ignore_ament_install']
[2.568s] Level 1:colcon.colcon_core.package_identification:_identify(Node/__pycache__) by extension 'ignore'
[2.568s] Level 1:colcon.colcon_core.package_identification:_identify(Node/__pycache__) by extension 'ignore_ament_install'
[2.568s] Level 1:colcon.colcon_core.package_identification:_identify(Node/__pycache__) by extensions ['colcon_pkg']
[2.568s] Level 1:colcon.colcon_core.package_identification:_identify(Node/__pycache__) by extension 'colcon_pkg'
[2.568s] Level 1:colcon.colcon_core.package_identification:_identify(Node/__pycache__) by extensions ['colcon_meta']
[2.568s] Level 1:colcon.colcon_core.package_identification:_identify(Node/__pycache__) by extension 'colcon_meta'
[2.568s] Level 1:colcon.colcon_core.package_identification:_identify(Node/__pycache__) by extensions ['ros']
[2.568s] Level 1:colcon.colcon_core.package_identification:_identify(Node/__pycache__) by extension 'ros'
[2.568s] Level 1:colcon.colcon_core.package_identification:_identify(Node/__pycache__) by extensions ['cmake', 'python']
[2.568s] Level 1:colcon.colcon_core.package_identification:_identify(Node/__pycache__) by extension 'cmake'
[2.568s] Level 1:colcon.colcon_core.package_identification:_identify(Node/__pycache__) by extension 'python'
[2.568s] Level 1:colcon.colcon_core.package_identification:_identify(Node/__pycache__) by extensions ['python_setup_py']
[2.568s] Level 1:colcon.colcon_core.package_identification:_identify(Node/__pycache__) by extension 'python_setup_py'
[2.568s] Level 1:colcon.colcon_core.package_identification:_identify(RTK) by extensions ['ignore', 'ignore_ament_install']
[2.569s] Level 1:colcon.colcon_core.package_identification:_identify(RTK) by extension 'ignore'
[2.569s] Level 1:colcon.colcon_core.package_identification:_identify(RTK) by extension 'ignore_ament_install'
[2.569s] Level 1:colcon.colcon_core.package_identification:_identify(RTK) by extensions ['colcon_pkg']
[2.569s] Level 1:colcon.colcon_core.package_identification:_identify(RTK) by extension 'colcon_pkg'
[2.569s] Level 1:colcon.colcon_core.package_identification:_identify(RTK) by extensions ['colcon_meta']
[2.569s] Level 1:colcon.colcon_core.package_identification:_identify(RTK) by extension 'colcon_meta'
[2.569s] Level 1:colcon.colcon_core.package_identification:_identify(RTK) by extensions ['ros']
[2.569s] Level 1:colcon.colcon_core.package_identification:_identify(RTK) by extension 'ros'
[2.569s] Level 1:colcon.colcon_core.package_identification:_identify(RTK) by extensions ['cmake', 'python']
[2.569s] Level 1:colcon.colcon_core.package_identification:_identify(RTK) by extension 'cmake'
[2.569s] Level 1:colcon.colcon_core.package_identification:_identify(RTK) by extension 'python'
[2.569s] Level 1:colcon.colcon_core.package_identification:_identify(RTK) by extensions ['python_setup_py']
[2.569s] Level 1:colcon.colcon_core.package_identification:_identify(RTK) by extension 'python_setup_py'
[2.569s] Level 1:colcon.colcon_core.package_identification:_identify(RTSP) by extensions ['ignore', 'ignore_ament_install']
[2.569s] Level 1:colcon.colcon_core.package_identification:_identify(RTSP) by extension 'ignore'
[2.569s] Level 1:colcon.colcon_core.package_identification:_identify(RTSP) by extension 'ignore_ament_install'
[2.569s] Level 1:colcon.colcon_core.package_identification:_identify(RTSP) by extensions ['colcon_pkg']
[2.569s] Level 1:colcon.colcon_core.package_identification:_identify(RTSP) by extension 'colcon_pkg'
[2.569s] Level 1:colcon.colcon_core.package_identification:_identify(RTSP) by extensions ['colcon_meta']
[2.570s] Level 1:colcon.colcon_core.package_identification:_identify(RTSP) by extension 'colcon_meta'
[2.570s] Level 1:colcon.colcon_core.package_identification:_identify(RTSP) by extensions ['ros']
[2.570s] Level 1:colcon.colcon_core.package_identification:_identify(RTSP) by extension 'ros'
[2.570s] Level 1:colcon.colcon_core.package_identification:_identify(RTSP) by extensions ['cmake', 'python']
[2.570s] Level 1:colcon.colcon_core.package_identification:_identify(RTSP) by extension 'cmake'
[2.570s] Level 1:colcon.colcon_core.package_identification:_identify(RTSP) by extension 'python'
[2.570s] Level 1:colcon.colcon_core.package_identification:_identify(RTSP) by extensions ['python_setup_py']
[2.570s] Level 1:colcon.colcon_core.package_identification:_identify(RTSP) by extension 'python_setup_py'
[2.570s] Level 1:colcon.colcon_core.package_identification:_identify(build) by extensions ['ignore', 'ignore_ament_install']
[2.570s] Level 1:colcon.colcon_core.package_identification:_identify(build) by extension 'ignore'
[2.570s] Level 1:colcon.colcon_core.package_identification:_identify(build) ignored
[2.570s] Level 1:colcon.colcon_core.package_identification:_identify(install) by extensions ['ignore', 'ignore_ament_install']
[2.570s] Level 1:colcon.colcon_core.package_identification:_identify(install) by extension 'ignore'
[2.570s] Level 1:colcon.colcon_core.package_identification:_identify(install) ignored
[2.570s] Level 1:colcon.colcon_core.package_identification:_identify(log) by extensions ['ignore', 'ignore_ament_install']
[2.570s] Level 1:colcon.colcon_core.package_identification:_identify(log) by extension 'ignore'
[2.570s] Level 1:colcon.colcon_core.package_identification:_identify(log) ignored
[2.571s] Level 1:colcon.colcon_core.package_identification:_identify(mission) by extensions ['ignore', 'ignore_ament_install']
[2.571s] Level 1:colcon.colcon_core.package_identification:_identify(mission) by extension 'ignore'
[2.571s] Level 1:colcon.colcon_core.package_identification:_identify(mission) by extension 'ignore_ament_install'
[2.571s] Level 1:colcon.colcon_core.package_identification:_identify(mission) by extensions ['colcon_pkg']
[2.571s] Level 1:colcon.colcon_core.package_identification:_identify(mission) by extension 'colcon_pkg'
[2.571s] Level 1:colcon.colcon_core.package_identification:_identify(mission) by extensions ['colcon_meta']
[2.571s] Level 1:colcon.colcon_core.package_identification:_identify(mission) by extension 'colcon_meta'
[2.571s] Level 1:colcon.colcon_core.package_identification:_identify(mission) by extensions ['ros']
[2.571s] Level 1:colcon.colcon_core.package_identification:_identify(mission) by extension 'ros'
[2.571s] Level 1:colcon.colcon_core.package_identification:_identify(mission) by extensions ['cmake', 'python']
[2.571s] Level 1:colcon.colcon_core.package_identification:_identify(mission) by extension 'cmake'
[2.571s] Level 1:colcon.colcon_core.package_identification:_identify(mission) by extension 'python'
[2.571s] Level 1:colcon.colcon_core.package_identification:_identify(mission) by extensions ['python_setup_py']
[2.571s] Level 1:colcon.colcon_core.package_identification:_identify(mission) by extension 'python_setup_py'
[2.571s] Level 1:colcon.colcon_core.package_identification:_identify(src) by extensions ['ignore', 'ignore_ament_install']
[2.571s] Level 1:colcon.colcon_core.package_identification:_identify(src) by extension 'ignore'
[2.571s] Level 1:colcon.colcon_core.package_identification:_identify(src) by extension 'ignore_ament_install'
[2.571s] Level 1:colcon.colcon_core.package_identification:_identify(src) by extensions ['colcon_pkg']
[2.571s] Level 1:colcon.colcon_core.package_identification:_identify(src) by extension 'colcon_pkg'
[2.571s] Level 1:colcon.colcon_core.package_identification:_identify(src) by extensions ['colcon_meta']
[2.571s] Level 1:colcon.colcon_core.package_identification:_identify(src) by extension 'colcon_meta'
[2.571s] Level 1:colcon.colcon_core.package_identification:_identify(src) by extensions ['ros']
[2.572s] Level 1:colcon.colcon_core.package_identification:_identify(src) by extension 'ros'
[2.572s] Level 1:colcon.colcon_core.package_identification:_identify(src) by extensions ['cmake', 'python']
[2.572s] Level 1:colcon.colcon_core.package_identification:_identify(src) by extension 'cmake'
[2.572s] Level 1:colcon.colcon_core.package_identification:_identify(src) by extension 'python'
[2.572s] Level 1:colcon.colcon_core.package_identification:_identify(src) by extensions ['python_setup_py']
[2.572s] Level 1:colcon.colcon_core.package_identification:_identify(src) by extension 'python_setup_py'
[2.572s] Level 1:colcon.colcon_core.package_identification:_identify(src/mavlink) by extensions ['ignore', 'ignore_ament_install']
[2.572s] Level 1:colcon.colcon_core.package_identification:_identify(src/mavlink) by extension 'ignore'
[2.572s] Level 1:colcon.colcon_core.package_identification:_identify(src/mavlink) by extension 'ignore_ament_install'
[2.572s] Level 1:colcon.colcon_core.package_identification:_identify(src/mavlink) by extensions ['colcon_pkg']
[2.572s] Level 1:colcon.colcon_core.package_identification:_identify(src/mavlink) by extension 'colcon_pkg'
[2.572s] Level 1:colcon.colcon_core.package_identification:_identify(src/mavlink) by extensions ['colcon_meta']
[2.572s] Level 1:colcon.colcon_core.package_identification:_identify(src/mavlink) by extension 'colcon_meta'
[2.572s] Level 1:colcon.colcon_core.package_identification:_identify(src/mavlink) by extensions ['ros']
[2.572s] Level 1:colcon.colcon_core.package_identification:_identify(src/mavlink) by extension 'ros'
[2.578s] DEBUG:colcon.colcon_core.package_identification:Package 'src/mavlink' with type 'ros.cmake' and name 'mavlink'
[2.579s] Level 1:colcon.colcon_core.package_identification:_identify(src/mavros) by extensions ['ignore', 'ignore_ament_install']
[2.579s] Level 1:colcon.colcon_core.package_identification:_identify(src/mavros) by extension 'ignore'
[2.579s] Level 1:colcon.colcon_core.package_identification:_identify(src/mavros) by extension 'ignore_ament_install'
[2.579s] Level 1:colcon.colcon_core.package_identification:_identify(src/mavros) by extensions ['colcon_pkg']
[2.579s] Level 1:colcon.colcon_core.package_identification:_identify(src/mavros) by extension 'colcon_pkg'
[2.579s] Level 1:colcon.colcon_core.package_identification:_identify(src/mavros) by extensions ['colcon_meta']
[2.579s] Level 1:colcon.colcon_core.package_identification:_identify(src/mavros) by extension 'colcon_meta'
[2.579s] Level 1:colcon.colcon_core.package_identification:_identify(src/mavros) by extensions ['ros']
[2.579s] Level 1:colcon.colcon_core.package_identification:_identify(src/mavros) by extension 'ros'
[2.579s] Level 1:colcon.colcon_core.package_identification:_identify(src/mavros) by extensions ['cmake', 'python']
[2.579s] Level 1:colcon.colcon_core.package_identification:_identify(src/mavros) by extension 'cmake'
[2.579s] Level 1:colcon.colcon_core.package_identification:_identify(src/mavros) by extension 'python'
[2.579s] Level 1:colcon.colcon_core.package_identification:_identify(src/mavros) by extensions ['python_setup_py']
[2.579s] Level 1:colcon.colcon_core.package_identification:_identify(src/mavros) by extension 'python_setup_py'
[2.580s] Level 1:colcon.colcon_core.package_identification:_identify(src/mavros/libmavconn) by extensions ['ignore', 'ignore_ament_install']
[2.580s] Level 1:colcon.colcon_core.package_identification:_identify(src/mavros/libmavconn) by extension 'ignore'
[2.580s] Level 1:colcon.colcon_core.package_identification:_identify(src/mavros/libmavconn) by extension 'ignore_ament_install'
[2.580s] Level 1:colcon.colcon_core.package_identification:_identify(src/mavros/libmavconn) by extensions ['colcon_pkg']
[2.580s] Level 1:colcon.colcon_core.package_identification:_identify(src/mavros/libmavconn) by extension 'colcon_pkg'
[2.580s] Level 1:colcon.colcon_core.package_identification:_identify(src/mavros/libmavconn) by extensions ['colcon_meta']
[2.580s] Level 1:colcon.colcon_core.package_identification:_identify(src/mavros/libmavconn) by extension 'colcon_meta'
[2.580s] Level 1:colcon.colcon_core.package_identification:_identify(src/mavros/libmavconn) by extensions ['ros']
[2.580s] Level 1:colcon.colcon_core.package_identification:_identify(src/mavros/libmavconn) by extension 'ros'
[2.582s] DEBUG:colcon.colcon_core.package_identification:Package 'src/mavros/libmavconn' with type 'ros.ament_cmake' and name 'libmavconn'
[2.582s] Level 1:colcon.colcon_core.package_identification:_identify(src/mavros/mavros) by extensions ['ignore', 'ignore_ament_install']
[2.582s] Level 1:colcon.colcon_core.package_identification:_identify(src/mavros/mavros) by extension 'ignore'
[2.582s] Level 1:colcon.colcon_core.package_identification:_identify(src/mavros/mavros) by extension 'ignore_ament_install'
[2.582s] Level 1:colcon.colcon_core.package_identification:_identify(src/mavros/mavros) by extensions ['colcon_pkg']
[2.582s] Level 1:colcon.colcon_core.package_identification:_identify(src/mavros/mavros) by extension 'colcon_pkg'
[2.582s] Level 1:colcon.colcon_core.package_identification:_identify(src/mavros/mavros) by extensions ['colcon_meta']
[2.582s] Level 1:colcon.colcon_core.package_identification:_identify(src/mavros/mavros) by extension 'colcon_meta'
[2.583s] Level 1:colcon.colcon_core.package_identification:_identify(src/mavros/mavros) by extensions ['ros']
[2.583s] Level 1:colcon.colcon_core.package_identification:_identify(src/mavros/mavros) by extension 'ros'
[2.586s] DEBUG:colcon.colcon_core.package_identification:Package 'src/mavros/mavros' with type 'ros.ament_cmake' and name 'mavros'
[2.586s] Level 1:colcon.colcon_core.package_identification:_identify(src/mavros/mavros_extras) by extensions ['ignore', 'ignore_ament_install']
[2.586s] Level 1:colcon.colcon_core.package_identification:_identify(src/mavros/mavros_extras) by extension 'ignore'
[2.586s] Level 1:colcon.colcon_core.package_identification:_identify(src/mavros/mavros_extras) by extension 'ignore_ament_install'
[2.586s] Level 1:colcon.colcon_core.package_identification:_identify(src/mavros/mavros_extras) by extensions ['colcon_pkg']
[2.586s] Level 1:colcon.colcon_core.package_identification:_identify(src/mavros/mavros_extras) by extension 'colcon_pkg'
[2.586s] Level 1:colcon.colcon_core.package_identification:_identify(src/mavros/mavros_extras) by extensions ['colcon_meta']
[2.586s] Level 1:colcon.colcon_core.package_identification:_identify(src/mavros/mavros_extras) by extension 'colcon_meta'
[2.586s] Level 1:colcon.colcon_core.package_identification:_identify(src/mavros/mavros_extras) by extensions ['ros']
[2.586s] Level 1:colcon.colcon_core.package_identification:_identify(src/mavros/mavros_extras) by extension 'ros'
[2.590s] DEBUG:colcon.colcon_core.package_identification:Package 'src/mavros/mavros_extras' with type 'ros.ament_cmake' and name 'mavros_extras'
[2.590s] Level 1:colcon.colcon_core.package_identification:_identify(src/mavros/mavros_msgs) by extensions ['ignore', 'ignore_ament_install']
[2.590s] Level 1:colcon.colcon_core.package_identification:_identify(src/mavros/mavros_msgs) by extension 'ignore'
[2.590s] Level 1:colcon.colcon_core.package_identification:_identify(src/mavros/mavros_msgs) by extension 'ignore_ament_install'
[2.591s] Level 1:colcon.colcon_core.package_identification:_identify(src/mavros/mavros_msgs) by extensions ['colcon_pkg']
[2.591s] Level 1:colcon.colcon_core.package_identification:_identify(src/mavros/mavros_msgs) by extension 'colcon_pkg'
[2.591s] Level 1:colcon.colcon_core.package_identification:_identify(src/mavros/mavros_msgs) by extensions ['colcon_meta']
[2.591s] Level 1:colcon.colcon_core.package_identification:_identify(src/mavros/mavros_msgs) by extension 'colcon_meta'
[2.591s] Level 1:colcon.colcon_core.package_identification:_identify(src/mavros/mavros_msgs) by extensions ['ros']
[2.591s] Level 1:colcon.colcon_core.package_identification:_identify(src/mavros/mavros_msgs) by extension 'ros'
[2.592s] DEBUG:colcon.colcon_core.package_identification:Package 'src/mavros/mavros_msgs' with type 'ros.ament_cmake' and name 'mavros_msgs'
[2.592s] Level 1:colcon.colcon_core.package_identification:_identify(src/mavros/test_mavros) by extensions ['ignore', 'ignore_ament_install']
[2.592s] Level 1:colcon.colcon_core.package_identification:_identify(src/mavros/test_mavros) by extension 'ignore'
[2.592s] Level 1:colcon.colcon_core.package_identification:_identify(src/mavros/test_mavros) ignored
[2.592s] Level 1:colcon.colcon_core.package_identification:_identify(src/tutorial_interfaces) by extensions ['ignore', 'ignore_ament_install']
[2.592s] Level 1:colcon.colcon_core.package_identification:_identify(src/tutorial_interfaces) by extension 'ignore'
[2.592s] Level 1:colcon.colcon_core.package_identification:_identify(src/tutorial_interfaces) by extension 'ignore_ament_install'
[2.592s] Level 1:colcon.colcon_core.package_identification:_identify(src/tutorial_interfaces) by extensions ['colcon_pkg']
[2.592s] Level 1:colcon.colcon_core.package_identification:_identify(src/tutorial_interfaces) by extension 'colcon_pkg'
[2.592s] Level 1:colcon.colcon_core.package_identification:_identify(src/tutorial_interfaces) by extensions ['colcon_meta']
[2.592s] Level 1:colcon.colcon_core.package_identification:_identify(src/tutorial_interfaces) by extension 'colcon_meta'
[2.592s] Level 1:colcon.colcon_core.package_identification:_identify(src/tutorial_interfaces) by extensions ['ros']
[2.592s] Level 1:colcon.colcon_core.package_identification:_identify(src/tutorial_interfaces) by extension 'ros'
[2.593s] DEBUG:colcon.colcon_core.package_identification:Package 'src/tutorial_interfaces' with type 'ros.ament_cmake' and name 'tutorial_interfaces'
[2.593s] Level 1:colcon.colcon_core.package_discovery:discover_packages(recursive) using defaults
[2.593s] Level 1:colcon.colcon_core.package_discovery:discover_packages(ignore) discover
[2.593s] Level 1:colcon.colcon_core.package_discovery:discover_packages(ignore) using defaults
[2.593s] Level 1:colcon.colcon_core.package_discovery:discover_packages(path) discover
[2.593s] Level 1:colcon.colcon_core.package_discovery:discover_packages(path) using defaults
[2.821s] Level 1:colcon.colcon_core.package_discovery:discover_packages(prefix_path) check parameters
[2.821s] Level 1:colcon.colcon_core.package_discovery:discover_packages(prefix_path) discover
[2.906s] DEBUG:colcon.colcon_installed_package_information.package_discovery:Found 262 installed packages in /opt/ros/foxy
[2.908s] Level 1:colcon.colcon_core.package_discovery:discover_packages(prefix_path) using defaults
[3.069s] Level 5:colcon.colcon_core.verb:set package 'mavlink' build argument 'cmake_args' from command line to 'None'
[3.069s] Level 5:colcon.colcon_core.verb:set package 'mavlink' build argument 'cmake_target' from command line to 'None'
[3.069s] Level 5:colcon.colcon_core.verb:set package 'mavlink' build argument 'cmake_target_skip_unavailable' from command line to 'False'
[3.069s] Level 5:colcon.colcon_core.verb:set package 'mavlink' build argument 'cmake_clean_cache' from command line to 'False'
[3.069s] Level 5:colcon.colcon_core.verb:set package 'mavlink' build argument 'cmake_clean_first' from command line to 'False'
[3.069s] Level 5:colcon.colcon_core.verb:set package 'mavlink' build argument 'cmake_force_configure' from command line to 'False'
[3.069s] Level 5:colcon.colcon_core.verb:set package 'mavlink' build argument 'ament_cmake_args' from command line to 'None'
[3.069s] Level 5:colcon.colcon_core.verb:set package 'mavlink' build argument 'catkin_cmake_args' from command line to 'None'
[3.069s] Level 5:colcon.colcon_core.verb:set package 'mavlink' build argument 'catkin_skip_building_tests' from command line to 'False'
[3.069s] DEBUG:colcon.colcon_core.verb:Building package 'mavlink' with the following arguments: {'ament_cmake_args': None, 'build_base': '/home/wythe/PWCL_ws/build/mavlink', 'catkin_cmake_args': None, 'catkin_skip_building_tests': False, 'cmake_args': None, 'cmake_clean_cache': False, 'cmake_clean_first': False, 'cmake_force_configure': False, 'cmake_target': None, 'cmake_target_skip_unavailable': False, 'install_base': '/home/wythe/PWCL_ws/install/mavlink', 'merge_install': False, 'path': '/home/wythe/PWCL_ws/src/mavlink', 'symlink_install': False, 'test_result_base': None}
[3.109s] Level 5:colcon.colcon_core.verb:set package 'mavros_msgs' build argument 'cmake_args' from command line to 'None'
[3.109s] Level 5:colcon.colcon_core.verb:set package 'mavros_msgs' build argument 'cmake_target' from command line to 'None'
[3.109s] Level 5:colcon.colcon_core.verb:set package 'mavros_msgs' build argument 'cmake_target_skip_unavailable' from command line to 'False'
[3.109s] Level 5:colcon.colcon_core.verb:set package 'mavros_msgs' build argument 'cmake_clean_cache' from command line to 'False'
[3.109s] Level 5:colcon.colcon_core.verb:set package 'mavros_msgs' build argument 'cmake_clean_first' from command line to 'False'
[3.109s] Level 5:colcon.colcon_core.verb:set package 'mavros_msgs' build argument 'cmake_force_configure' from command line to 'False'
[3.109s] Level 5:colcon.colcon_core.verb:set package 'mavros_msgs' build argument 'ament_cmake_args' from command line to 'None'
[3.109s] Level 5:colcon.colcon_core.verb:set package 'mavros_msgs' build argument 'catkin_cmake_args' from command line to 'None'
[3.109s] Level 5:colcon.colcon_core.verb:set package 'mavros_msgs' build argument 'catkin_skip_building_tests' from command line to 'False'
[3.109s] DEBUG:colcon.colcon_core.verb:Building package 'mavros_msgs' with the following arguments: {'ament_cmake_args': None, 'build_base': '/home/wythe/PWCL_ws/build/mavros_msgs', 'catkin_cmake_args': None, 'catkin_skip_building_tests': False, 'cmake_args': None, 'cmake_clean_cache': False, 'cmake_clean_first': False, 'cmake_force_configure': False, 'cmake_target': None, 'cmake_target_skip_unavailable': False, 'install_base': '/home/wythe/PWCL_ws/install/mavros_msgs', 'merge_install': False, 'path': '/home/wythe/PWCL_ws/src/mavros/mavros_msgs', 'symlink_install': False, 'test_result_base': None}
[3.149s] Level 5:colcon.colcon_core.verb:set package 'tutorial_interfaces' build argument 'cmake_args' from command line to 'None'
[3.149s] Level 5:colcon.colcon_core.verb:set package 'tutorial_interfaces' build argument 'cmake_target' from command line to 'None'
[3.149s] Level 5:colcon.colcon_core.verb:set package 'tutorial_interfaces' build argument 'cmake_target_skip_unavailable' from command line to 'False'
[3.149s] Level 5:colcon.colcon_core.verb:set package 'tutorial_interfaces' build argument 'cmake_clean_cache' from command line to 'False'
[3.149s] Level 5:colcon.colcon_core.verb:set package 'tutorial_interfaces' build argument 'cmake_clean_first' from command line to 'False'
[3.149s] Level 5:colcon.colcon_core.verb:set package 'tutorial_interfaces' build argument 'cmake_force_configure' from command line to 'False'
[3.149s] Level 5:colcon.colcon_core.verb:set package 'tutorial_interfaces' build argument 'ament_cmake_args' from command line to 'None'
[3.149s] Level 5:colcon.colcon_core.verb:set package 'tutorial_interfaces' build argument 'catkin_cmake_args' from command line to 'None'
[3.149s] Level 5:colcon.colcon_core.verb:set package 'tutorial_interfaces' build argument 'catkin_skip_building_tests' from command line to 'False'
[3.150s] DEBUG:colcon.colcon_core.verb:Building package 'tutorial_interfaces' with the following arguments: {'ament_cmake_args': None, 'build_base': '/home/wythe/PWCL_ws/build/tutorial_interfaces', 'catkin_cmake_args': None, 'catkin_skip_building_tests': False, 'cmake_args': None, 'cmake_clean_cache': False, 'cmake_clean_first': False, 'cmake_force_configure': False, 'cmake_target': None, 'cmake_target_skip_unavailable': False, 'install_base': '/home/wythe/PWCL_ws/install/tutorial_interfaces', 'merge_install': False, 'path': '/home/wythe/PWCL_ws/src/tutorial_interfaces', 'symlink_install': False, 'test_result_base': None}
[3.189s] Level 5:colcon.colcon_core.verb:set package 'libmavconn' build argument 'cmake_args' from command line to 'None'
[3.189s] Level 5:colcon.colcon_core.verb:set package 'libmavconn' build argument 'cmake_target' from command line to 'None'
[3.189s] Level 5:colcon.colcon_core.verb:set package 'libmavconn' build argument 'cmake_target_skip_unavailable' from command line to 'False'
[3.190s] Level 5:colcon.colcon_core.verb:set package 'libmavconn' build argument 'cmake_clean_cache' from command line to 'False'
[3.190s] Level 5:colcon.colcon_core.verb:set package 'libmavconn' build argument 'cmake_clean_first' from command line to 'False'
[3.190s] Level 5:colcon.colcon_core.verb:set package 'libmavconn' build argument 'cmake_force_configure' from command line to 'False'
[3.190s] Level 5:colcon.colcon_core.verb:set package 'libmavconn' build argument 'ament_cmake_args' from command line to 'None'
[3.190s] Level 5:colcon.colcon_core.verb:set package 'libmavconn' build argument 'catkin_cmake_args' from command line to 'None'
[3.190s] Level 5:colcon.colcon_core.verb:set package 'libmavconn' build argument 'catkin_skip_building_tests' from command line to 'False'
[3.190s] DEBUG:colcon.colcon_core.verb:Building package 'libmavconn' with the following arguments: {'ament_cmake_args': None, 'build_base': '/home/wythe/PWCL_ws/build/libmavconn', 'catkin_cmake_args': None, 'catkin_skip_building_tests': False, 'cmake_args': None, 'cmake_clean_cache': False, 'cmake_clean_first': False, 'cmake_force_configure': False, 'cmake_target': None, 'cmake_target_skip_unavailable': False, 'install_base': '/home/wythe/PWCL_ws/install/libmavconn', 'merge_install': False, 'path': '/home/wythe/PWCL_ws/src/mavros/libmavconn', 'symlink_install': False, 'test_result_base': None}
[3.229s] Level 5:colcon.colcon_core.verb:set package 'mavros' build argument 'cmake_args' from command line to 'None'
[3.230s] Level 5:colcon.colcon_core.verb:set package 'mavros' build argument 'cmake_target' from command line to 'None'
[3.230s] Level 5:colcon.colcon_core.verb:set package 'mavros' build argument 'cmake_target_skip_unavailable' from command line to 'False'
[3.230s] Level 5:colcon.colcon_core.verb:set package 'mavros' build argument 'cmake_clean_cache' from command line to 'False'
[3.230s] Level 5:colcon.colcon_core.verb:set package 'mavros' build argument 'cmake_clean_first' from command line to 'False'
[3.230s] Level 5:colcon.colcon_core.verb:set package 'mavros' build argument 'cmake_force_configure' from command line to 'False'
[3.230s] Level 5:colcon.colcon_core.verb:set package 'mavros' build argument 'ament_cmake_args' from command line to 'None'
[3.230s] Level 5:colcon.colcon_core.verb:set package 'mavros' build argument 'catkin_cmake_args' from command line to 'None'
[3.230s] Level 5:colcon.colcon_core.verb:set package 'mavros' build argument 'catkin_skip_building_tests' from command line to 'False'
[3.230s] DEBUG:colcon.colcon_core.verb:Building package 'mavros' with the following arguments: {'ament_cmake_args': None, 'build_base': '/home/wythe/PWCL_ws/build/mavros', 'catkin_cmake_args': None, 'catkin_skip_building_tests': False, 'cmake_args': None, 'cmake_clean_cache': False, 'cmake_clean_first': False, 'cmake_force_configure': False, 'cmake_target': None, 'cmake_target_skip_unavailable': False, 'install_base': '/home/wythe/PWCL_ws/install/mavros', 'merge_install': False, 'path': '/home/wythe/PWCL_ws/src/mavros/mavros', 'symlink_install': False, 'test_result_base': None}
[3.270s] Level 5:colcon.colcon_core.verb:set package 'mavros_extras' build argument 'cmake_args' from command line to 'None'
[3.270s] Level 5:colcon.colcon_core.verb:set package 'mavros_extras' build argument 'cmake_target' from command line to 'None'
[3.270s] Level 5:colcon.colcon_core.verb:set package 'mavros_extras' build argument 'cmake_target_skip_unavailable' from command line to 'False'
[3.270s] Level 5:colcon.colcon_core.verb:set package 'mavros_extras' build argument 'cmake_clean_cache' from command line to 'False'
[3.270s] Level 5:colcon.colcon_core.verb:set package 'mavros_extras' build argument 'cmake_clean_first' from command line to 'False'
[3.270s] Level 5:colcon.colcon_core.verb:set package 'mavros_extras' build argument 'cmake_force_configure' from command line to 'False'
[3.270s] Level 5:colcon.colcon_core.verb:set package 'mavros_extras' build argument 'ament_cmake_args' from command line to 'None'
[3.270s] Level 5:colcon.colcon_core.verb:set package 'mavros_extras' build argument 'catkin_cmake_args' from command line to 'None'
[3.270s] Level 5:colcon.colcon_core.verb:set package 'mavros_extras' build argument 'catkin_skip_building_tests' from command line to 'False'
[3.270s] DEBUG:colcon.colcon_core.verb:Building package 'mavros_extras' with the following arguments: {'ament_cmake_args': None, 'build_base': '/home/wythe/PWCL_ws/build/mavros_extras', 'catkin_cmake_args': None, 'catkin_skip_building_tests': False, 'cmake_args': None, 'cmake_clean_cache': False, 'cmake_clean_first': False, 'cmake_force_configure': False, 'cmake_target': None, 'cmake_target_skip_unavailable': False, 'install_base': '/home/wythe/PWCL_ws/install/mavros_extras', 'merge_install': False, 'path': '/home/wythe/PWCL_ws/src/mavros/mavros_extras', 'symlink_install': False, 'test_result_base': None}
[3.310s] INFO:colcon.colcon_core.executor:Executing jobs using 'parallel' executor
[3.351s] DEBUG:colcon.colcon_parallel_executor.executor.parallel:run_until_complete
[3.351s] INFO:colcon.colcon_ros.task.cmake.build:Building ROS package in '/home/wythe/PWCL_ws/src/mavlink' with build type 'cmake'
[3.351s] INFO:colcon.colcon_cmake.task.cmake.build:Building CMake package in '/home/wythe/PWCL_ws/src/mavlink'
[3.405s] INFO:colcon.colcon_core.plugin_system:Skipping extension 'colcon_core.shell.bat': Not used on non-Windows systems
[3.405s] INFO:colcon.colcon_core.shell:Skip shell extension 'powershell' for command environment: Not usable outside of PowerShell
[3.405s] DEBUG:colcon.colcon_core.shell:Skip shell extension 'dsv' for command environment
[3.509s] INFO:colcon.colcon_ros.task.ament_cmake.build:Building ROS package in '/home/wythe/PWCL_ws/src/mavros/mavros_msgs' with build type 'ament_cmake'
[3.509s] INFO:colcon.colcon_cmake.task.cmake.build:Building CMake package in '/home/wythe/PWCL_ws/src/mavros/mavros_msgs'
[3.566s] INFO:colcon.colcon_core.shell:Skip shell extension 'powershell' for command environment: Not usable outside of PowerShell
[3.566s] DEBUG:colcon.colcon_core.shell:Skip shell extension 'dsv' for command environment
[3.684s] INFO:colcon.colcon_ros.task.ament_cmake.build:Building ROS package in '/home/wythe/PWCL_ws/src/tutorial_interfaces' with build type 'ament_cmake'
[3.684s] INFO:colcon.colcon_cmake.task.cmake.build:Building CMake package in '/home/wythe/PWCL_ws/src/tutorial_interfaces'
[3.736s] INFO:colcon.colcon_core.shell:Skip shell extension 'powershell' for command environment: Not usable outside of PowerShell
[3.736s] DEBUG:colcon.colcon_core.shell:Skip shell extension 'dsv' for command environment
[3.858s] DEBUG:colcon.colcon_core.event_handler.log_command:Invoking command in '/home/wythe/PWCL_ws/build/mavlink': CMAKE_PREFIX_PATH=/opt/ros/foxy /usr/bin/cmake --build /home/wythe/PWCL_ws/build/mavlink -- -j12 -l12
[3.865s] DEBUG:colcon.colcon_core.event_handler.log_command:Invoking command in '/home/wythe/PWCL_ws/build/mavros_msgs': CMAKE_PREFIX_PATH=/opt/ros/foxy /usr/bin/cmake --build /home/wythe/PWCL_ws/build/mavros_msgs -- -j12 -l12
[3.872s] DEBUG:colcon.colcon_core.event_handler.log_command:Invoking command in '/home/wythe/PWCL_ws/build/tutorial_interfaces': CMAKE_PREFIX_PATH=/opt/ros/foxy /usr/bin/cmake --build /home/wythe/PWCL_ws/build/tutorial_interfaces -- -j12 -l12
[4.046s] DEBUG:colcon.colcon_core.event_handler.log_command:Invoked command in '/home/wythe/PWCL_ws/build/mavlink' returned '0': CMAKE_PREFIX_PATH=/opt/ros/foxy /usr/bin/cmake --build /home/wythe/PWCL_ws/build/mavlink -- -j12 -l12
[4.093s] DEBUG:colcon.colcon_core.event_handler.log_command:Invoking command in '/home/wythe/PWCL_ws/build/mavlink': CMAKE_PREFIX_PATH=/opt/ros/foxy /usr/bin/cmake --install /home/wythe/PWCL_ws/build/mavlink
[4.183s] DEBUG:colcon.colcon_core.event_handler.log_command:Invoked command in '/home/wythe/PWCL_ws/build/tutorial_interfaces' returned '0': CMAKE_PREFIX_PATH=/opt/ros/foxy /usr/bin/cmake --build /home/wythe/PWCL_ws/build/tutorial_interfaces -- -j12 -l12
[4.280s] DEBUG:colcon.colcon_core.event_handler.log_command:Invoking command in '/home/wythe/PWCL_ws/build/tutorial_interfaces': CMAKE_PREFIX_PATH=/opt/ros/foxy /usr/bin/cmake --install /home/wythe/PWCL_ws/build/tutorial_interfaces
[4.311s] Level 1:colcon.colcon_core.environment:create_environment_scripts_only(tutorial_interfaces)
[4.316s] DEBUG:colcon.colcon_core.event_handler.log_command:Invoked command in '/home/wythe/PWCL_ws/build/mavlink' returned '0': CMAKE_PREFIX_PATH=/opt/ros/foxy /usr/bin/cmake --install /home/wythe/PWCL_ws/build/mavlink
[4.327s] DEBUG:colcon.colcon_core.event_handler.log_command:Invoked command in '/home/wythe/PWCL_ws/build/tutorial_interfaces' returned '0': CMAKE_PREFIX_PATH=/opt/ros/foxy /usr/bin/cmake --install /home/wythe/PWCL_ws/build/tutorial_interfaces
[4.372s] Level 1:colcon.colcon_core.environment:checking '/home/wythe/PWCL_ws/install/tutorial_interfaces' for CMake module files
[4.373s] Level 1:colcon.colcon_core.environment:checking '/home/wythe/PWCL_ws/install/tutorial_interfaces' for CMake config files
[4.373s] Level 1:colcon.colcon_core.shell:create_environment_hook('tutorial_interfaces', 'cmake_prefix_path')
[4.416s] INFO:colcon.colcon_core.shell:Creating environment hook '/home/wythe/PWCL_ws/install/tutorial_interfaces/share/tutorial_interfaces/hook/cmake_prefix_path.ps1'
[4.416s] INFO:colcon.colcon_core.shell:Creating environment descriptor '/home/wythe/PWCL_ws/install/tutorial_interfaces/share/tutorial_interfaces/hook/cmake_prefix_path.dsv'
[4.417s] INFO:colcon.colcon_core.shell:Creating environment hook '/home/wythe/PWCL_ws/install/tutorial_interfaces/share/tutorial_interfaces/hook/cmake_prefix_path.sh'
[4.418s] Level 1:colcon.colcon_core.environment:checking '/home/wythe/PWCL_ws/install/tutorial_interfaces/lib'
[4.418s] Level 1:colcon.colcon_core.shell:create_environment_hook('tutorial_interfaces', 'ld_library_path_lib')
[4.458s] INFO:colcon.colcon_core.shell:Creating environment hook '/home/wythe/PWCL_ws/install/tutorial_interfaces/share/tutorial_interfaces/hook/ld_library_path_lib.ps1'
[4.459s] INFO:colcon.colcon_core.shell:Creating environment descriptor '/home/wythe/PWCL_ws/install/tutorial_interfaces/share/tutorial_interfaces/hook/ld_library_path_lib.dsv'
[4.459s] INFO:colcon.colcon_core.shell:Creating environment hook '/home/wythe/PWCL_ws/install/tutorial_interfaces/share/tutorial_interfaces/hook/ld_library_path_lib.sh'
[4.460s] Level 1:colcon.colcon_core.environment:checking '/home/wythe/PWCL_ws/install/tutorial_interfaces/bin'
[4.460s] Level 1:colcon.colcon_core.environment:checking '/home/wythe/PWCL_ws/install/tutorial_interfaces/lib/pkgconfig/tutorial_interfaces.pc'
[4.460s] Level 1:colcon.colcon_core.environment:checking '/home/wythe/PWCL_ws/install/tutorial_interfaces/lib/python3.8/site-packages'
[4.460s] Level 1:colcon.colcon_core.shell:create_environment_hook('tutorial_interfaces', 'pythonpath')
[4.506s] INFO:colcon.colcon_core.shell:Creating environment hook '/home/wythe/PWCL_ws/install/tutorial_interfaces/share/tutorial_interfaces/hook/pythonpath.ps1'
[4.507s] INFO:colcon.colcon_core.shell:Creating environment descriptor '/home/wythe/PWCL_ws/install/tutorial_interfaces/share/tutorial_interfaces/hook/pythonpath.dsv'
[4.507s] INFO:colcon.colcon_core.shell:Creating environment hook '/home/wythe/PWCL_ws/install/tutorial_interfaces/share/tutorial_interfaces/hook/pythonpath.sh'
[4.507s] Level 1:colcon.colcon_core.environment:checking '/home/wythe/PWCL_ws/install/tutorial_interfaces/bin'
[4.553s] INFO:colcon.colcon_core.shell:Creating package script '/home/wythe/PWCL_ws/install/tutorial_interfaces/share/tutorial_interfaces/package.ps1'
[4.553s] INFO:colcon.colcon_core.shell:Creating package descriptor '/home/wythe/PWCL_ws/install/tutorial_interfaces/share/tutorial_interfaces/package.dsv'
[4.554s] INFO:colcon.colcon_core.shell:Creating package script '/home/wythe/PWCL_ws/install/tutorial_interfaces/share/tutorial_interfaces/package.sh'
[4.555s] INFO:colcon.colcon_core.shell:Creating package script '/home/wythe/PWCL_ws/install/tutorial_interfaces/share/tutorial_interfaces/package.bash'
[4.555s] INFO:colcon.colcon_core.shell:Creating package script '/home/wythe/PWCL_ws/install/tutorial_interfaces/share/tutorial_interfaces/package.zsh'
[4.556s] Level 1:colcon.colcon_core.environment:create_file_with_runtime_dependencies(/home/wythe/PWCL_ws/install/tutorial_interfaces/share/colcon-core/packages/tutorial_interfaces)
[4.559s] Level 1:colcon.colcon_core.shell:create_environment_hook('mavlink', 'pkg_config_path')
[4.602s] INFO:colcon.colcon_core.shell:Creating environment hook '/home/wythe/PWCL_ws/install/mavlink/share/mavlink/hook/pkg_config_path.ps1'
[4.602s] INFO:colcon.colcon_core.shell:Creating environment descriptor '/home/wythe/PWCL_ws/install/mavlink/share/mavlink/hook/pkg_config_path.dsv'
[4.603s] INFO:colcon.colcon_core.shell:Creating environment hook '/home/wythe/PWCL_ws/install/mavlink/share/mavlink/hook/pkg_config_path.sh'
[4.606s] Level 1:colcon.colcon_core.shell:create_environment_hook('mavlink', 'pkg_config_path_multiarch')
[4.648s] INFO:colcon.colcon_core.shell:Creating environment hook '/home/wythe/PWCL_ws/install/mavlink/share/mavlink/hook/pkg_config_path_multiarch.ps1'
[4.649s] INFO:colcon.colcon_core.shell:Creating environment descriptor '/home/wythe/PWCL_ws/install/mavlink/share/mavlink/hook/pkg_config_path_multiarch.dsv'
[4.649s] INFO:colcon.colcon_core.shell:Creating environment hook '/home/wythe/PWCL_ws/install/mavlink/share/mavlink/hook/pkg_config_path_multiarch.sh'
[4.649s] Level 1:colcon.colcon_core.environment:create_environment_scripts_only(mavlink)
[4.702s] Level 1:colcon.colcon_core.environment:checking '/home/wythe/PWCL_ws/install/mavlink' for CMake module files
[4.702s] Level 1:colcon.colcon_core.environment:checking '/home/wythe/PWCL_ws/install/mavlink' for CMake config files
[4.702s] Level 1:colcon.colcon_core.shell:create_environment_hook('mavlink', 'cmake_prefix_path')
[4.745s] INFO:colcon.colcon_core.shell:Creating environment hook '/home/wythe/PWCL_ws/install/mavlink/share/mavlink/hook/cmake_prefix_path.ps1'
[4.746s] INFO:colcon.colcon_core.shell:Creating environment descriptor '/home/wythe/PWCL_ws/install/mavlink/share/mavlink/hook/cmake_prefix_path.dsv'
[4.746s] INFO:colcon.colcon_core.shell:Creating environment hook '/home/wythe/PWCL_ws/install/mavlink/share/mavlink/hook/cmake_prefix_path.sh'
[4.747s] Level 1:colcon.colcon_core.environment:checking '/home/wythe/PWCL_ws/install/mavlink/lib'
[4.747s] Level 1:colcon.colcon_core.environment:checking '/home/wythe/PWCL_ws/install/mavlink/bin'
[4.747s] Level 1:colcon.colcon_core.environment:checking '/home/wythe/PWCL_ws/install/mavlink/lib/pkgconfig/mavlink.pc'
[4.747s] Level 1:colcon.colcon_core.shell:create_environment_hook('mavlink', 'pkg_config')
[4.790s] INFO:colcon.colcon_core.shell:Creating environment hook '/home/wythe/PWCL_ws/install/mavlink/share/mavlink/hook/pkg_config.ps1'
[4.790s] INFO:colcon.colcon_core.shell:Creating environment descriptor '/home/wythe/PWCL_ws/install/mavlink/share/mavlink/hook/pkg_config.dsv'
[4.790s] INFO:colcon.colcon_core.shell:Creating environment hook '/home/wythe/PWCL_ws/install/mavlink/share/mavlink/hook/pkg_config.sh'
[4.791s] Level 1:colcon.colcon_core.environment:checking '/home/wythe/PWCL_ws/install/mavlink/lib/python3.8/site-packages'
[4.791s] Level 1:colcon.colcon_core.environment:checking '/home/wythe/PWCL_ws/install/mavlink/bin'
[4.832s] INFO:colcon.colcon_core.shell:Creating package script '/home/wythe/PWCL_ws/install/mavlink/share/mavlink/package.ps1'
[4.833s] INFO:colcon.colcon_core.shell:Creating package descriptor '/home/wythe/PWCL_ws/install/mavlink/share/mavlink/package.dsv'
[4.833s] INFO:colcon.colcon_core.shell:Creating package script '/home/wythe/PWCL_ws/install/mavlink/share/mavlink/package.sh'
[4.833s] INFO:colcon.colcon_core.shell:Creating package script '/home/wythe/PWCL_ws/install/mavlink/share/mavlink/package.bash'
[4.834s] INFO:colcon.colcon_core.shell:Creating package script '/home/wythe/PWCL_ws/install/mavlink/share/mavlink/package.zsh'
[4.834s] Level 1:colcon.colcon_core.environment:create_file_with_runtime_dependencies(/home/wythe/PWCL_ws/install/mavlink/share/colcon-core/packages/mavlink)
[4.835s] INFO:colcon.colcon_ros.task.ament_cmake.build:Building ROS package in '/home/wythe/PWCL_ws/src/mavros/libmavconn' with build type 'ament_cmake'
[4.835s] INFO:colcon.colcon_cmake.task.cmake.build:Building CMake package in '/home/wythe/PWCL_ws/src/mavros/libmavconn'
[4.877s] INFO:colcon.colcon_core.shell:Skip shell extension 'powershell' for command environment: Not usable outside of PowerShell
[4.877s] DEBUG:colcon.colcon_core.shell:Skip shell extension 'dsv' for command environment
[4.964s] DEBUG:colcon.colcon_core.event_handler.log_command:Invoked command in '/home/wythe/PWCL_ws/build/mavros_msgs' returned '0': CMAKE_PREFIX_PATH=/opt/ros/foxy /usr/bin/cmake --build /home/wythe/PWCL_ws/build/mavros_msgs -- -j12 -l12
[5.012s] Level 1:colcon.colcon_core.environment:create_environment_scripts_only(tutorial_interfaces)
[5.056s] Level 1:colcon.colcon_core.environment:checking '/home/wythe/PWCL_ws/install/tutorial_interfaces' for CMake module files
[5.057s] Level 1:colcon.colcon_core.environment:checking '/home/wythe/PWCL_ws/install/tutorial_interfaces' for CMake config files
[5.057s] Level 1:colcon.colcon_core.shell:create_environment_hook('tutorial_interfaces', 'cmake_prefix_path')
[5.106s] INFO:colcon.colcon_core.shell:Creating environment hook '/home/wythe/PWCL_ws/install/tutorial_interfaces/share/tutorial_interfaces/hook/cmake_prefix_path.ps1'
[5.106s] INFO:colcon.colcon_core.shell:Creating environment descriptor '/home/wythe/PWCL_ws/install/tutorial_interfaces/share/tutorial_interfaces/hook/cmake_prefix_path.dsv'
[5.106s] INFO:colcon.colcon_core.shell:Creating environment hook '/home/wythe/PWCL_ws/install/tutorial_interfaces/share/tutorial_interfaces/hook/cmake_prefix_path.sh'
[5.107s] Level 1:colcon.colcon_core.environment:checking '/home/wythe/PWCL_ws/install/tutorial_interfaces/lib'
[5.107s] Level 1:colcon.colcon_core.shell:create_environment_hook('tutorial_interfaces', 'ld_library_path_lib')
[5.165s] INFO:colcon.colcon_core.shell:Creating environment hook '/home/wythe/PWCL_ws/install/tutorial_interfaces/share/tutorial_interfaces/hook/ld_library_path_lib.ps1'
[5.165s] INFO:colcon.colcon_core.shell:Creating environment descriptor '/home/wythe/PWCL_ws/install/tutorial_interfaces/share/tutorial_interfaces/hook/ld_library_path_lib.dsv'
[5.166s] INFO:colcon.colcon_core.shell:Creating environment hook '/home/wythe/PWCL_ws/install/tutorial_interfaces/share/tutorial_interfaces/hook/ld_library_path_lib.sh'
[5.167s] Level 1:colcon.colcon_core.environment:checking '/home/wythe/PWCL_ws/install/tutorial_interfaces/bin'
[5.167s] Level 1:colcon.colcon_core.environment:checking '/home/wythe/PWCL_ws/install/tutorial_interfaces/lib/pkgconfig/tutorial_interfaces.pc'
[5.167s] Level 1:colcon.colcon_core.environment:checking '/home/wythe/PWCL_ws/install/tutorial_interfaces/lib/python3.8/site-packages'
[5.167s] Level 1:colcon.colcon_core.shell:create_environment_hook('tutorial_interfaces', 'pythonpath')
[5.210s] INFO:colcon.colcon_core.shell:Creating environment hook '/home/wythe/PWCL_ws/install/tutorial_interfaces/share/tutorial_interfaces/hook/pythonpath.ps1'
[5.211s] INFO:colcon.colcon_core.shell:Creating environment descriptor '/home/wythe/PWCL_ws/install/tutorial_interfaces/share/tutorial_interfaces/hook/pythonpath.dsv'
[5.211s] INFO:colcon.colcon_core.shell:Creating environment hook '/home/wythe/PWCL_ws/install/tutorial_interfaces/share/tutorial_interfaces/hook/pythonpath.sh'
[5.212s] Level 1:colcon.colcon_core.environment:checking '/home/wythe/PWCL_ws/install/tutorial_interfaces/bin'
[5.266s] INFO:colcon.colcon_core.shell:Creating package script '/home/wythe/PWCL_ws/install/tutorial_interfaces/share/tutorial_interfaces/package.ps1'
[5.267s] INFO:colcon.colcon_core.shell:Creating package descriptor '/home/wythe/PWCL_ws/install/tutorial_interfaces/share/tutorial_interfaces/package.dsv'
[5.268s] INFO:colcon.colcon_core.shell:Creating package script '/home/wythe/PWCL_ws/install/tutorial_interfaces/share/tutorial_interfaces/package.sh'
[5.269s] INFO:colcon.colcon_core.shell:Creating package script '/home/wythe/PWCL_ws/install/tutorial_interfaces/share/tutorial_interfaces/package.bash'
[5.269s] INFO:colcon.colcon_core.shell:Creating package script '/home/wythe/PWCL_ws/install/tutorial_interfaces/share/tutorial_interfaces/package.zsh'
[5.270s] Level 1:colcon.colcon_core.environment:create_file_with_runtime_dependencies(/home/wythe/PWCL_ws/install/tutorial_interfaces/share/colcon-core/packages/tutorial_interfaces)
[5.276s] DEBUG:colcon.colcon_core.event_handler.log_command:Invoking command in '/home/wythe/PWCL_ws/build/libmavconn': CMAKE_PREFIX_PATH=/home/wythe/PWCL_ws/install/mavlink:/opt/ros/foxy PKG_CONFIG_PATH=/home/wythe/PWCL_ws/install/mavlink/lib/x86_64-linux-gnu/pkgconfig:/home/wythe/PWCL_ws/install/mavlink/lib/pkgconfig /usr/bin/cmake --build /home/wythe/PWCL_ws/build/libmavconn -- -j12 -l12
[5.393s] DEBUG:colcon.colcon_core.event_handler.log_command:Invoked command in '/home/wythe/PWCL_ws/build/libmavconn' returned '0': CMAKE_PREFIX_PATH=/home/wythe/PWCL_ws/install/mavlink:/opt/ros/foxy PKG_CONFIG_PATH=/home/wythe/PWCL_ws/install/mavlink/lib/x86_64-linux-gnu/pkgconfig:/home/wythe/PWCL_ws/install/mavlink/lib/pkgconfig /usr/bin/cmake --build /home/wythe/PWCL_ws/build/libmavconn -- -j12 -l12
[5.427s] DEBUG:colcon.colcon_core.event_handler.log_command:Invoking command in '/home/wythe/PWCL_ws/build/libmavconn': CMAKE_PREFIX_PATH=/home/wythe/PWCL_ws/install/mavlink:/opt/ros/foxy PKG_CONFIG_PATH=/home/wythe/PWCL_ws/install/mavlink/lib/x86_64-linux-gnu/pkgconfig:/home/wythe/PWCL_ws/install/mavlink/lib/pkgconfig /usr/bin/cmake --install /home/wythe/PWCL_ws/build/libmavconn
[5.445s] Level 1:colcon.colcon_core.environment:create_environment_scripts_only(libmavconn)
[5.446s] DEBUG:colcon.colcon_core.event_handler.log_command:Invoked command in '/home/wythe/PWCL_ws/build/libmavconn' returned '0': CMAKE_PREFIX_PATH=/home/wythe/PWCL_ws/install/mavlink:/opt/ros/foxy PKG_CONFIG_PATH=/home/wythe/PWCL_ws/install/mavlink/lib/x86_64-linux-gnu/pkgconfig:/home/wythe/PWCL_ws/install/mavlink/lib/pkgconfig /usr/bin/cmake --install /home/wythe/PWCL_ws/build/libmavconn
[5.500s] Level 1:colcon.colcon_core.environment:checking '/home/wythe/PWCL_ws/install/libmavconn' for CMake module files
[5.500s] Level 1:colcon.colcon_core.environment:checking '/home/wythe/PWCL_ws/install/libmavconn' for CMake config files
[5.500s] Level 1:colcon.colcon_core.shell:create_environment_hook('libmavconn', 'cmake_prefix_path')
[5.555s] INFO:colcon.colcon_core.shell:Creating environment hook '/home/wythe/PWCL_ws/install/libmavconn/share/libmavconn/hook/cmake_prefix_path.ps1'
[5.556s] INFO:colcon.colcon_core.shell:Creating environment descriptor '/home/wythe/PWCL_ws/install/libmavconn/share/libmavconn/hook/cmake_prefix_path.dsv'
[5.556s] INFO:colcon.colcon_core.shell:Creating environment hook '/home/wythe/PWCL_ws/install/libmavconn/share/libmavconn/hook/cmake_prefix_path.sh'
[5.556s] Level 1:colcon.colcon_core.environment:checking '/home/wythe/PWCL_ws/install/libmavconn/lib'
[5.557s] Level 1:colcon.colcon_core.shell:create_environment_hook('libmavconn', 'ld_library_path_lib')
[5.607s] INFO:colcon.colcon_core.shell:Creating environment hook '/home/wythe/PWCL_ws/install/libmavconn/share/libmavconn/hook/ld_library_path_lib.ps1'
[5.608s] INFO:colcon.colcon_core.shell:Creating environment descriptor '/home/wythe/PWCL_ws/install/libmavconn/share/libmavconn/hook/ld_library_path_lib.dsv'
[5.608s] INFO:colcon.colcon_core.shell:Creating environment hook '/home/wythe/PWCL_ws/install/libmavconn/share/libmavconn/hook/ld_library_path_lib.sh'
[5.608s] Level 1:colcon.colcon_core.environment:checking '/home/wythe/PWCL_ws/install/libmavconn/bin'
[5.608s] Level 1:colcon.colcon_core.environment:checking '/home/wythe/PWCL_ws/install/libmavconn/lib/pkgconfig/libmavconn.pc'
[5.609s] Level 1:colcon.colcon_core.environment:checking '/home/wythe/PWCL_ws/install/libmavconn/lib/python3.8/site-packages'
[5.609s] Level 1:colcon.colcon_core.environment:checking '/home/wythe/PWCL_ws/install/libmavconn/bin'
[5.659s] INFO:colcon.colcon_core.shell:Creating package script '/home/wythe/PWCL_ws/install/libmavconn/share/libmavconn/package.ps1'
[5.660s] INFO:colcon.colcon_core.shell:Creating package descriptor '/home/wythe/PWCL_ws/install/libmavconn/share/libmavconn/package.dsv'
[5.660s] INFO:colcon.colcon_core.shell:Creating package script '/home/wythe/PWCL_ws/install/libmavconn/share/libmavconn/package.sh'
[5.661s] INFO:colcon.colcon_core.shell:Creating package script '/home/wythe/PWCL_ws/install/libmavconn/share/libmavconn/package.bash'
[5.661s] INFO:colcon.colcon_core.shell:Creating package script '/home/wythe/PWCL_ws/install/libmavconn/share/libmavconn/package.zsh'
[5.661s] Level 1:colcon.colcon_core.environment:create_file_with_runtime_dependencies(/home/wythe/PWCL_ws/install/libmavconn/share/colcon-core/packages/libmavconn)
[5.746s] Level 1:colcon.colcon_core.environment:create_environment_scripts_only(libmavconn)
[5.804s] Level 1:colcon.colcon_core.environment:checking '/home/wythe/PWCL_ws/install/libmavconn' for CMake module files
[5.805s] Level 1:colcon.colcon_core.environment:checking '/home/wythe/PWCL_ws/install/libmavconn' for CMake config files
[5.805s] Level 1:colcon.colcon_core.shell:create_environment_hook('libmavconn', 'cmake_prefix_path')
[5.854s] INFO:colcon.colcon_core.shell:Creating environment hook '/home/wythe/PWCL_ws/install/libmavconn/share/libmavconn/hook/cmake_prefix_path.ps1'
[5.855s] INFO:colcon.colcon_core.shell:Creating environment descriptor '/home/wythe/PWCL_ws/install/libmavconn/share/libmavconn/hook/cmake_prefix_path.dsv'
[5.855s] INFO:colcon.colcon_core.shell:Creating environment hook '/home/wythe/PWCL_ws/install/libmavconn/share/libmavconn/hook/cmake_prefix_path.sh'
[5.856s] Level 1:colcon.colcon_core.environment:checking '/home/wythe/PWCL_ws/install/libmavconn/lib'
[5.856s] Level 1:colcon.colcon_core.shell:create_environment_hook('libmavconn', 'ld_library_path_lib')
[5.908s] INFO:colcon.colcon_core.shell:Creating environment hook '/home/wythe/PWCL_ws/install/libmavconn/share/libmavconn/hook/ld_library_path_lib.ps1'
[5.908s] INFO:colcon.colcon_core.shell:Creating environment descriptor '/home/wythe/PWCL_ws/install/libmavconn/share/libmavconn/hook/ld_library_path_lib.dsv'
[5.908s] INFO:colcon.colcon_core.shell:Creating environment hook '/home/wythe/PWCL_ws/install/libmavconn/share/libmavconn/hook/ld_library_path_lib.sh'
[5.909s] Level 1:colcon.colcon_core.environment:checking '/home/wythe/PWCL_ws/install/libmavconn/bin'
[5.909s] Level 1:colcon.colcon_core.environment:checking '/home/wythe/PWCL_ws/install/libmavconn/lib/pkgconfig/libmavconn.pc'
[5.909s] Level 1:colcon.colcon_core.environment:checking '/home/wythe/PWCL_ws/install/libmavconn/lib/python3.8/site-packages'
[5.909s] Level 1:colcon.colcon_core.environment:checking '/home/wythe/PWCL_ws/install/libmavconn/bin'
[5.954s] INFO:colcon.colcon_core.shell:Creating package script '/home/wythe/PWCL_ws/install/libmavconn/share/libmavconn/package.ps1'
[5.955s] INFO:colcon.colcon_core.shell:Creating package descriptor '/home/wythe/PWCL_ws/install/libmavconn/share/libmavconn/package.dsv'
[5.955s] INFO:colcon.colcon_core.shell:Creating package script '/home/wythe/PWCL_ws/install/libmavconn/share/libmavconn/package.sh'
[5.956s] INFO:colcon.colcon_core.shell:Creating package script '/home/wythe/PWCL_ws/install/libmavconn/share/libmavconn/package.bash'
[5.956s] INFO:colcon.colcon_core.shell:Creating package script '/home/wythe/PWCL_ws/install/libmavconn/share/libmavconn/package.zsh'
[5.956s] Level 1:colcon.colcon_core.environment:create_file_with_runtime_dependencies(/home/wythe/PWCL_ws/install/libmavconn/share/colcon-core/packages/libmavconn)
[6.565s] DEBUG:colcon.colcon_core.event_handler.log_command:Invoking command in '/home/wythe/PWCL_ws/build/mavros_msgs': CMAKE_PREFIX_PATH=/opt/ros/foxy /usr/bin/cmake --install /home/wythe/PWCL_ws/build/mavros_msgs
[7.012s] Level 1:colcon.colcon_core.environment:create_environment_scripts_only(mavros_msgs)
[7.013s] DEBUG:colcon.colcon_core.event_handler.log_command:Invoked command in '/home/wythe/PWCL_ws/build/mavros_msgs' returned '0': CMAKE_PREFIX_PATH=/opt/ros/foxy /usr/bin/cmake --install /home/wythe/PWCL_ws/build/mavros_msgs
[7.060s] Level 1:colcon.colcon_core.environment:checking '/home/wythe/PWCL_ws/install/mavros_msgs' for CMake module files
[7.061s] Level 1:colcon.colcon_core.environment:checking '/home/wythe/PWCL_ws/install/mavros_msgs' for CMake config files
[7.061s] Level 1:colcon.colcon_core.shell:create_environment_hook('mavros_msgs', 'cmake_prefix_path')
[7.106s] INFO:colcon.colcon_core.shell:Creating environment hook '/home/wythe/PWCL_ws/install/mavros_msgs/share/mavros_msgs/hook/cmake_prefix_path.ps1'
[7.106s] INFO:colcon.colcon_core.shell:Creating environment descriptor '/home/wythe/PWCL_ws/install/mavros_msgs/share/mavros_msgs/hook/cmake_prefix_path.dsv'
[7.107s] INFO:colcon.colcon_core.shell:Creating environment hook '/home/wythe/PWCL_ws/install/mavros_msgs/share/mavros_msgs/hook/cmake_prefix_path.sh'
[7.107s] Level 1:colcon.colcon_core.environment:checking '/home/wythe/PWCL_ws/install/mavros_msgs/lib'
[7.107s] Level 1:colcon.colcon_core.shell:create_environment_hook('mavros_msgs', 'ld_library_path_lib')
[7.153s] INFO:colcon.colcon_core.shell:Creating environment hook '/home/wythe/PWCL_ws/install/mavros_msgs/share/mavros_msgs/hook/ld_library_path_lib.ps1'
[7.154s] INFO:colcon.colcon_core.shell:Creating environment descriptor '/home/wythe/PWCL_ws/install/mavros_msgs/share/mavros_msgs/hook/ld_library_path_lib.dsv'
[7.154s] INFO:colcon.colcon_core.shell:Creating environment hook '/home/wythe/PWCL_ws/install/mavros_msgs/share/mavros_msgs/hook/ld_library_path_lib.sh'
[7.154s] Level 1:colcon.colcon_core.environment:checking '/home/wythe/PWCL_ws/install/mavros_msgs/bin'
[7.154s] Level 1:colcon.colcon_core.environment:checking '/home/wythe/PWCL_ws/install/mavros_msgs/lib/pkgconfig/mavros_msgs.pc'
[7.154s] Level 1:colcon.colcon_core.environment:checking '/home/wythe/PWCL_ws/install/mavros_msgs/lib/python3.8/site-packages'
[7.155s] Level 1:colcon.colcon_core.shell:create_environment_hook('mavros_msgs', 'pythonpath')
[7.202s] INFO:colcon.colcon_core.shell:Creating environment hook '/home/wythe/PWCL_ws/install/mavros_msgs/share/mavros_msgs/hook/pythonpath.ps1'
[7.202s] INFO:colcon.colcon_core.shell:Creating environment descriptor '/home/wythe/PWCL_ws/install/mavros_msgs/share/mavros_msgs/hook/pythonpath.dsv'
[7.202s] INFO:colcon.colcon_core.shell:Creating environment hook '/home/wythe/PWCL_ws/install/mavros_msgs/share/mavros_msgs/hook/pythonpath.sh'
[7.203s] Level 1:colcon.colcon_core.environment:checking '/home/wythe/PWCL_ws/install/mavros_msgs/bin'
[7.249s] INFO:colcon.colcon_core.shell:Creating package script '/home/wythe/PWCL_ws/install/mavros_msgs/share/mavros_msgs/package.ps1'
[7.250s] INFO:colcon.colcon_core.shell:Creating package descriptor '/home/wythe/PWCL_ws/install/mavros_msgs/share/mavros_msgs/package.dsv'
[7.250s] INFO:colcon.colcon_core.shell:Creating package script '/home/wythe/PWCL_ws/install/mavros_msgs/share/mavros_msgs/package.sh'
[7.251s] INFO:colcon.colcon_core.shell:Creating package script '/home/wythe/PWCL_ws/install/mavros_msgs/share/mavros_msgs/package.bash'
[7.251s] INFO:colcon.colcon_core.shell:Creating package script '/home/wythe/PWCL_ws/install/mavros_msgs/share/mavros_msgs/package.zsh'
[7.251s] Level 1:colcon.colcon_core.environment:create_file_with_runtime_dependencies(/home/wythe/PWCL_ws/install/mavros_msgs/share/colcon-core/packages/mavros_msgs)
[8.791s] Level 1:colcon.colcon_core.environment:create_environment_scripts_only(mavros_msgs)
[8.831s] Level 1:colcon.colcon_core.environment:checking '/home/wythe/PWCL_ws/install/mavros_msgs' for CMake module files
[8.832s] Level 1:colcon.colcon_core.environment:checking '/home/wythe/PWCL_ws/install/mavros_msgs' for CMake config files
[8.832s] Level 1:colcon.colcon_core.shell:create_environment_hook('mavros_msgs', 'cmake_prefix_path')
[8.872s] INFO:colcon.colcon_core.shell:Creating environment hook '/home/wythe/PWCL_ws/install/mavros_msgs/share/mavros_msgs/hook/cmake_prefix_path.ps1'
[8.873s] INFO:colcon.colcon_core.shell:Creating environment descriptor '/home/wythe/PWCL_ws/install/mavros_msgs/share/mavros_msgs/hook/cmake_prefix_path.dsv'
[8.873s] INFO:colcon.colcon_core.shell:Creating environment hook '/home/wythe/PWCL_ws/install/mavros_msgs/share/mavros_msgs/hook/cmake_prefix_path.sh'
[8.873s] Level 1:colcon.colcon_core.environment:checking '/home/wythe/PWCL_ws/install/mavros_msgs/lib'
[8.874s] Level 1:colcon.colcon_core.shell:create_environment_hook('mavros_msgs', 'ld_library_path_lib')
[8.914s] INFO:colcon.colcon_core.shell:Creating environment hook '/home/wythe/PWCL_ws/install/mavros_msgs/share/mavros_msgs/hook/ld_library_path_lib.ps1'
[8.915s] INFO:colcon.colcon_core.shell:Creating environment descriptor '/home/wythe/PWCL_ws/install/mavros_msgs/share/mavros_msgs/hook/ld_library_path_lib.dsv'
[8.915s] INFO:colcon.colcon_core.shell:Creating environment hook '/home/wythe/PWCL_ws/install/mavros_msgs/share/mavros_msgs/hook/ld_library_path_lib.sh'
[8.915s] Level 1:colcon.colcon_core.environment:checking '/home/wythe/PWCL_ws/install/mavros_msgs/bin'
[8.915s] Level 1:colcon.colcon_core.environment:checking '/home/wythe/PWCL_ws/install/mavros_msgs/lib/pkgconfig/mavros_msgs.pc'
[8.915s] Level 1:colcon.colcon_core.environment:checking '/home/wythe/PWCL_ws/install/mavros_msgs/lib/python3.8/site-packages'
[8.915s] Level 1:colcon.colcon_core.shell:create_environment_hook('mavros_msgs', 'pythonpath')
[8.968s] INFO:colcon.colcon_core.shell:Creating environment hook '/home/wythe/PWCL_ws/install/mavros_msgs/share/mavros_msgs/hook/pythonpath.ps1'
[8.969s] INFO:colcon.colcon_core.shell:Creating environment descriptor '/home/wythe/PWCL_ws/install/mavros_msgs/share/mavros_msgs/hook/pythonpath.dsv'
[8.969s] INFO:colcon.colcon_core.shell:Creating environment hook '/home/wythe/PWCL_ws/install/mavros_msgs/share/mavros_msgs/hook/pythonpath.sh'
[8.969s] Level 1:colcon.colcon_core.environment:checking '/home/wythe/PWCL_ws/install/mavros_msgs/bin'
[9.009s] INFO:colcon.colcon_core.shell:Creating package script '/home/wythe/PWCL_ws/install/mavros_msgs/share/mavros_msgs/package.ps1'
[9.010s] INFO:colcon.colcon_core.shell:Creating package descriptor '/home/wythe/PWCL_ws/install/mavros_msgs/share/mavros_msgs/package.dsv'
[9.010s] INFO:colcon.colcon_core.shell:Creating package script '/home/wythe/PWCL_ws/install/mavros_msgs/share/mavros_msgs/package.sh'
[9.011s] INFO:colcon.colcon_core.shell:Creating package script '/home/wythe/PWCL_ws/install/mavros_msgs/share/mavros_msgs/package.bash'
[9.011s] INFO:colcon.colcon_core.shell:Creating package script '/home/wythe/PWCL_ws/install/mavros_msgs/share/mavros_msgs/package.zsh'
[9.011s] Level 1:colcon.colcon_core.environment:create_file_with_runtime_dependencies(/home/wythe/PWCL_ws/install/mavros_msgs/share/colcon-core/packages/mavros_msgs)
[9.012s] INFO:colcon.colcon_ros.task.ament_cmake.build:Building ROS package in '/home/wythe/PWCL_ws/src/mavros/mavros' with build type 'ament_cmake'
[9.012s] INFO:colcon.colcon_cmake.task.cmake.build:Building CMake package in '/home/wythe/PWCL_ws/src/mavros/mavros'
[9.052s] INFO:colcon.colcon_core.shell:Skip shell extension 'powershell' for command environment: Not usable outside of PowerShell
[9.053s] DEBUG:colcon.colcon_core.shell:Skip shell extension 'dsv' for command environment
[9.148s] DEBUG:colcon.colcon_core.event_handler.log_command:Invoking command in '/home/wythe/PWCL_ws/build/mavros': AMENT_PREFIX_PATH=/home/wythe/PWCL_ws/install/libmavconn:/home/wythe/PWCL_ws/install/mavros_msgs:${AMENT_PREFIX_PATH} CMAKE_PREFIX_PATH=/home/wythe/PWCL_ws/install/libmavconn:/home/wythe/PWCL_ws/install/mavros_msgs:/home/wythe/PWCL_ws/install/mavlink:/opt/ros/foxy LD_LIBRARY_PATH=/home/wythe/PWCL_ws/install/libmavconn/lib:/home/wythe/PWCL_ws/install/mavros_msgs/lib:${LD_LIBRARY_PATH} PKG_CONFIG_PATH=/home/wythe/PWCL_ws/install/mavlink/lib/x86_64-linux-gnu/pkgconfig:/home/wythe/PWCL_ws/install/mavlink/lib/pkgconfig PYTHONPATH=/home/wythe/PWCL_ws/install/mavros_msgs/lib/python3.8/site-packages:${PYTHONPATH} /usr/bin/cmake --build /home/wythe/PWCL_ws/build/mavros -- -j12 -l12
[9.596s] DEBUG:colcon.colcon_core.event_handler.log_command:Invoked command in '/home/wythe/PWCL_ws/build/mavros' returned '0': AMENT_PREFIX_PATH=/home/wythe/PWCL_ws/install/libmavconn:/home/wythe/PWCL_ws/install/mavros_msgs:${AMENT_PREFIX_PATH} CMAKE_PREFIX_PATH=/home/wythe/PWCL_ws/install/libmavconn:/home/wythe/PWCL_ws/install/mavros_msgs:/home/wythe/PWCL_ws/install/mavlink:/opt/ros/foxy LD_LIBRARY_PATH=/home/wythe/PWCL_ws/install/libmavconn/lib:/home/wythe/PWCL_ws/install/mavros_msgs/lib:${LD_LIBRARY_PATH} PKG_CONFIG_PATH=/home/wythe/PWCL_ws/install/mavlink/lib/x86_64-linux-gnu/pkgconfig:/home/wythe/PWCL_ws/install/mavlink/lib/pkgconfig PYTHONPATH=/home/wythe/PWCL_ws/install/mavros_msgs/lib/python3.8/site-packages:${PYTHONPATH} /usr/bin/cmake --build /home/wythe/PWCL_ws/build/mavros -- -j12 -l12
[9.704s] DEBUG:colcon.colcon_core.event_handler.log_command:Invoking command in '/home/wythe/PWCL_ws/build/mavros': AMENT_PREFIX_PATH=/home/wythe/PWCL_ws/install/libmavconn:/home/wythe/PWCL_ws/install/mavros_msgs:${AMENT_PREFIX_PATH} CMAKE_PREFIX_PATH=/home/wythe/PWCL_ws/install/libmavconn:/home/wythe/PWCL_ws/install/mavros_msgs:/home/wythe/PWCL_ws/install/mavlink:/opt/ros/foxy LD_LIBRARY_PATH=/home/wythe/PWCL_ws/install/libmavconn/lib:/home/wythe/PWCL_ws/install/mavros_msgs/lib:${LD_LIBRARY_PATH} PKG_CONFIG_PATH=/home/wythe/PWCL_ws/install/mavlink/lib/x86_64-linux-gnu/pkgconfig:/home/wythe/PWCL_ws/install/mavlink/lib/pkgconfig PYTHONPATH=/home/wythe/PWCL_ws/install/mavros_msgs/lib/python3.8/site-packages:${PYTHONPATH} /usr/bin/cmake --install /home/wythe/PWCL_ws/build/mavros
[9.855s] Level 1:colcon.colcon_core.environment:create_environment_scripts_only(mavros)
[9.856s] DEBUG:colcon.colcon_core.event_handler.log_command:Invoked command in '/home/wythe/PWCL_ws/build/mavros' returned '0': AMENT_PREFIX_PATH=/home/wythe/PWCL_ws/install/libmavconn:/home/wythe/PWCL_ws/install/mavros_msgs:${AMENT_PREFIX_PATH} CMAKE_PREFIX_PATH=/home/wythe/PWCL_ws/install/libmavconn:/home/wythe/PWCL_ws/install/mavros_msgs:/home/wythe/PWCL_ws/install/mavlink:/opt/ros/foxy LD_LIBRARY_PATH=/home/wythe/PWCL_ws/install/libmavconn/lib:/home/wythe/PWCL_ws/install/mavros_msgs/lib:${LD_LIBRARY_PATH} PKG_CONFIG_PATH=/home/wythe/PWCL_ws/install/mavlink/lib/x86_64-linux-gnu/pkgconfig:/home/wythe/PWCL_ws/install/mavlink/lib/pkgconfig PYTHONPATH=/home/wythe/PWCL_ws/install/mavros_msgs/lib/python3.8/site-packages:${PYTHONPATH} /usr/bin/cmake --install /home/wythe/PWCL_ws/build/mavros
[9.900s] Level 1:colcon.colcon_core.environment:checking '/home/wythe/PWCL_ws/install/mavros' for CMake module files
[9.900s] Level 1:colcon.colcon_core.environment:checking '/home/wythe/PWCL_ws/install/mavros' for CMake config files
[9.901s] Level 1:colcon.colcon_core.shell:create_environment_hook('mavros', 'cmake_prefix_path')
[9.943s] INFO:colcon.colcon_core.shell:Creating environment hook '/home/wythe/PWCL_ws/install/mavros/share/mavros/hook/cmake_prefix_path.ps1'
[9.944s] INFO:colcon.colcon_core.shell:Creating environment descriptor '/home/wythe/PWCL_ws/install/mavros/share/mavros/hook/cmake_prefix_path.dsv'
[9.944s] INFO:colcon.colcon_core.shell:Creating environment hook '/home/wythe/PWCL_ws/install/mavros/share/mavros/hook/cmake_prefix_path.sh'
[9.944s] Level 1:colcon.colcon_core.environment:checking '/home/wythe/PWCL_ws/install/mavros/lib'
[9.944s] Level 1:colcon.colcon_core.shell:create_environment_hook('mavros', 'ld_library_path_lib')
[9.989s] INFO:colcon.colcon_core.shell:Creating environment hook '/home/wythe/PWCL_ws/install/mavros/share/mavros/hook/ld_library_path_lib.ps1'
[9.989s] INFO:colcon.colcon_core.shell:Creating environment descriptor '/home/wythe/PWCL_ws/install/mavros/share/mavros/hook/ld_library_path_lib.dsv'
[9.989s] INFO:colcon.colcon_core.shell:Creating environment hook '/home/wythe/PWCL_ws/install/mavros/share/mavros/hook/ld_library_path_lib.sh'
[9.989s] Level 1:colcon.colcon_core.environment:checking '/home/wythe/PWCL_ws/install/mavros/bin'
[9.989s] Level 1:colcon.colcon_core.environment:checking '/home/wythe/PWCL_ws/install/mavros/lib/pkgconfig/mavros.pc'
[9.990s] Level 1:colcon.colcon_core.environment:checking '/home/wythe/PWCL_ws/install/mavros/lib/python3.8/site-packages'
[9.990s] Level 1:colcon.colcon_core.shell:create_environment_hook('mavros', 'pythonpath')
[10.032s] INFO:colcon.colcon_core.shell:Creating environment hook '/home/wythe/PWCL_ws/install/mavros/share/mavros/hook/pythonpath.ps1'
[10.033s] INFO:colcon.colcon_core.shell:Creating environment descriptor '/home/wythe/PWCL_ws/install/mavros/share/mavros/hook/pythonpath.dsv'
[10.033s] INFO:colcon.colcon_core.shell:Creating environment hook '/home/wythe/PWCL_ws/install/mavros/share/mavros/hook/pythonpath.sh'
[10.033s] Level 1:colcon.colcon_core.environment:checking '/home/wythe/PWCL_ws/install/mavros/bin'
[10.076s] INFO:colcon.colcon_core.shell:Creating package script '/home/wythe/PWCL_ws/install/mavros/share/mavros/package.ps1'
[10.076s] INFO:colcon.colcon_core.shell:Creating package descriptor '/home/wythe/PWCL_ws/install/mavros/share/mavros/package.dsv'
[10.077s] INFO:colcon.colcon_core.shell:Creating package script '/home/wythe/PWCL_ws/install/mavros/share/mavros/package.sh'
[10.077s] INFO:colcon.colcon_core.shell:Creating package script '/home/wythe/PWCL_ws/install/mavros/share/mavros/package.bash'
[10.077s] INFO:colcon.colcon_core.shell:Creating package script '/home/wythe/PWCL_ws/install/mavros/share/mavros/package.zsh'
[10.078s] Level 1:colcon.colcon_core.environment:create_file_with_runtime_dependencies(/home/wythe/PWCL_ws/install/mavros/share/colcon-core/packages/mavros)
[10.213s] Level 1:colcon.colcon_core.environment:create_environment_scripts_only(mavros)
[10.255s] Level 1:colcon.colcon_core.environment:checking '/home/wythe/PWCL_ws/install/mavros' for CMake module files
[10.256s] Level 1:colcon.colcon_core.environment:checking '/home/wythe/PWCL_ws/install/mavros' for CMake config files
[10.256s] Level 1:colcon.colcon_core.shell:create_environment_hook('mavros', 'cmake_prefix_path')
[10.299s] INFO:colcon.colcon_core.shell:Creating environment hook '/home/wythe/PWCL_ws/install/mavros/share/mavros/hook/cmake_prefix_path.ps1'
[10.300s] INFO:colcon.colcon_core.shell:Creating environment descriptor '/home/wythe/PWCL_ws/install/mavros/share/mavros/hook/cmake_prefix_path.dsv'
[10.300s] INFO:colcon.colcon_core.shell:Creating environment hook '/home/wythe/PWCL_ws/install/mavros/share/mavros/hook/cmake_prefix_path.sh'
[10.300s] Level 1:colcon.colcon_core.environment:checking '/home/wythe/PWCL_ws/install/mavros/lib'
[10.300s] Level 1:colcon.colcon_core.shell:create_environment_hook('mavros', 'ld_library_path_lib')
[10.342s] INFO:colcon.colcon_core.shell:Creating environment hook '/home/wythe/PWCL_ws/install/mavros/share/mavros/hook/ld_library_path_lib.ps1'
[10.343s] INFO:colcon.colcon_core.shell:Creating environment descriptor '/home/wythe/PWCL_ws/install/mavros/share/mavros/hook/ld_library_path_lib.dsv'
[10.343s] INFO:colcon.colcon_core.shell:Creating environment hook '/home/wythe/PWCL_ws/install/mavros/share/mavros/hook/ld_library_path_lib.sh'
[10.343s] Level 1:colcon.colcon_core.environment:checking '/home/wythe/PWCL_ws/install/mavros/bin'
[10.343s] Level 1:colcon.colcon_core.environment:checking '/home/wythe/PWCL_ws/install/mavros/lib/pkgconfig/mavros.pc'
[10.344s] Level 1:colcon.colcon_core.environment:checking '/home/wythe/PWCL_ws/install/mavros/lib/python3.8/site-packages'
[10.344s] Level 1:colcon.colcon_core.shell:create_environment_hook('mavros', 'pythonpath')
[10.387s] INFO:colcon.colcon_core.shell:Creating environment hook '/home/wythe/PWCL_ws/install/mavros/share/mavros/hook/pythonpath.ps1'
[10.387s] INFO:colcon.colcon_core.shell:Creating environment descriptor '/home/wythe/PWCL_ws/install/mavros/share/mavros/hook/pythonpath.dsv'
[10.388s] INFO:colcon.colcon_core.shell:Creating environment hook '/home/wythe/PWCL_ws/install/mavros/share/mavros/hook/pythonpath.sh'
[10.388s] Level 1:colcon.colcon_core.environment:checking '/home/wythe/PWCL_ws/install/mavros/bin'
[10.429s] INFO:colcon.colcon_core.shell:Creating package script '/home/wythe/PWCL_ws/install/mavros/share/mavros/package.ps1'
[10.429s] INFO:colcon.colcon_core.shell:Creating package descriptor '/home/wythe/PWCL_ws/install/mavros/share/mavros/package.dsv'
[10.430s] INFO:colcon.colcon_core.shell:Creating package script '/home/wythe/PWCL_ws/install/mavros/share/mavros/package.sh'
[10.430s] INFO:colcon.colcon_core.shell:Creating package script '/home/wythe/PWCL_ws/install/mavros/share/mavros/package.bash'
[10.431s] INFO:colcon.colcon_core.shell:Creating package script '/home/wythe/PWCL_ws/install/mavros/share/mavros/package.zsh'
[10.431s] Level 1:colcon.colcon_core.environment:create_file_with_runtime_dependencies(/home/wythe/PWCL_ws/install/mavros/share/colcon-core/packages/mavros)
[10.431s] INFO:colcon.colcon_ros.task.ament_cmake.build:Building ROS package in '/home/wythe/PWCL_ws/src/mavros/mavros_extras' with build type 'ament_cmake'
[10.432s] INFO:colcon.colcon_cmake.task.cmake.build:Building CMake package in '/home/wythe/PWCL_ws/src/mavros/mavros_extras'
[10.473s] INFO:colcon.colcon_core.shell:Skip shell extension 'powershell' for command environment: Not usable outside of PowerShell
[10.473s] DEBUG:colcon.colcon_core.shell:Skip shell extension 'dsv' for command environment
[10.572s] DEBUG:colcon.colcon_core.event_handler.log_command:Invoking command in '/home/wythe/PWCL_ws/build/mavros_extras': AMENT_PREFIX_PATH=/home/wythe/PWCL_ws/install/mavros:/home/wythe/PWCL_ws/install/libmavconn:/home/wythe/PWCL_ws/install/mavros_msgs:${AMENT_PREFIX_PATH} CMAKE_PREFIX_PATH=/home/wythe/PWCL_ws/install/mavros:/home/wythe/PWCL_ws/install/libmavconn:/home/wythe/PWCL_ws/install/mavros_msgs:/home/wythe/PWCL_ws/install/mavlink:/opt/ros/foxy LD_LIBRARY_PATH=/home/wythe/PWCL_ws/install/mavros/lib:/home/wythe/PWCL_ws/install/libmavconn/lib:/home/wythe/PWCL_ws/install/mavros_msgs/lib:${LD_LIBRARY_PATH} PKG_CONFIG_PATH=/home/wythe/PWCL_ws/install/mavlink/lib/x86_64-linux-gnu/pkgconfig:/home/wythe/PWCL_ws/install/mavlink/lib/pkgconfig PYTHONPATH=/home/wythe/PWCL_ws/install/mavros/lib/python3.8/site-packages:/home/wythe/PWCL_ws/install/mavros_msgs/lib/python3.8/site-packages:${PYTHONPATH} /usr/bin/cmake --build /home/wythe/PWCL_ws/build/mavros_extras -- -j12 -l12
[10.983s] DEBUG:colcon.colcon_core.event_handler.log_command:Invoked command in '/home/wythe/PWCL_ws/build/mavros_extras' returned '0': AMENT_PREFIX_PATH=/home/wythe/PWCL_ws/install/mavros:/home/wythe/PWCL_ws/install/libmavconn:/home/wythe/PWCL_ws/install/mavros_msgs:${AMENT_PREFIX_PATH} CMAKE_PREFIX_PATH=/home/wythe/PWCL_ws/install/mavros:/home/wythe/PWCL_ws/install/libmavconn:/home/wythe/PWCL_ws/install/mavros_msgs:/home/wythe/PWCL_ws/install/mavlink:/opt/ros/foxy LD_LIBRARY_PATH=/home/wythe/PWCL_ws/install/mavros/lib:/home/wythe/PWCL_ws/install/libmavconn/lib:/home/wythe/PWCL_ws/install/mavros_msgs/lib:${LD_LIBRARY_PATH} PKG_CONFIG_PATH=/home/wythe/PWCL_ws/install/mavlink/lib/x86_64-linux-gnu/pkgconfig:/home/wythe/PWCL_ws/install/mavlink/lib/pkgconfig PYTHONPATH=/home/wythe/PWCL_ws/install/mavros/lib/python3.8/site-packages:/home/wythe/PWCL_ws/install/mavros_msgs/lib/python3.8/site-packages:${PYTHONPATH} /usr/bin/cmake --build /home/wythe/PWCL_ws/build/mavros_extras -- -j12 -l12
[11.065s] DEBUG:colcon.colcon_core.event_handler.log_command:Invoking command in '/home/wythe/PWCL_ws/build/mavros_extras': AMENT_PREFIX_PATH=/home/wythe/PWCL_ws/install/mavros:/home/wythe/PWCL_ws/install/libmavconn:/home/wythe/PWCL_ws/install/mavros_msgs:${AMENT_PREFIX_PATH} CMAKE_PREFIX_PATH=/home/wythe/PWCL_ws/install/mavros:/home/wythe/PWCL_ws/install/libmavconn:/home/wythe/PWCL_ws/install/mavros_msgs:/home/wythe/PWCL_ws/install/mavlink:/opt/ros/foxy LD_LIBRARY_PATH=/home/wythe/PWCL_ws/install/mavros/lib:/home/wythe/PWCL_ws/install/libmavconn/lib:/home/wythe/PWCL_ws/install/mavros_msgs/lib:${LD_LIBRARY_PATH} PKG_CONFIG_PATH=/home/wythe/PWCL_ws/install/mavlink/lib/x86_64-linux-gnu/pkgconfig:/home/wythe/PWCL_ws/install/mavlink/lib/pkgconfig PYTHONPATH=/home/wythe/PWCL_ws/install/mavros/lib/python3.8/site-packages:/home/wythe/PWCL_ws/install/mavros_msgs/lib/python3.8/site-packages:${PYTHONPATH} /usr/bin/cmake --install /home/wythe/PWCL_ws/build/mavros_extras
[11.150s] Level 1:colcon.colcon_core.environment:create_environment_scripts_only(mavros_extras)
[11.150s] DEBUG:colcon.colcon_core.event_handler.log_command:Invoked command in '/home/wythe/PWCL_ws/build/mavros_extras' returned '0': AMENT_PREFIX_PATH=/home/wythe/PWCL_ws/install/mavros:/home/wythe/PWCL_ws/install/libmavconn:/home/wythe/PWCL_ws/install/mavros_msgs:${AMENT_PREFIX_PATH} CMAKE_PREFIX_PATH=/home/wythe/PWCL_ws/install/mavros:/home/wythe/PWCL_ws/install/libmavconn:/home/wythe/PWCL_ws/install/mavros_msgs:/home/wythe/PWCL_ws/install/mavlink:/opt/ros/foxy LD_LIBRARY_PATH=/home/wythe/PWCL_ws/install/mavros/lib:/home/wythe/PWCL_ws/install/libmavconn/lib:/home/wythe/PWCL_ws/install/mavros_msgs/lib:${LD_LIBRARY_PATH} PKG_CONFIG_PATH=/home/wythe/PWCL_ws/install/mavlink/lib/x86_64-linux-gnu/pkgconfig:/home/wythe/PWCL_ws/install/mavlink/lib/pkgconfig PYTHONPATH=/home/wythe/PWCL_ws/install/mavros/lib/python3.8/site-packages:/home/wythe/PWCL_ws/install/mavros_msgs/lib/python3.8/site-packages:${PYTHONPATH} /usr/bin/cmake --install /home/wythe/PWCL_ws/build/mavros_extras
[11.194s] Level 1:colcon.colcon_core.environment:checking '/home/wythe/PWCL_ws/install/mavros_extras' for CMake module files
[11.195s] Level 1:colcon.colcon_core.environment:checking '/home/wythe/PWCL_ws/install/mavros_extras' for CMake config files
[11.195s] Level 1:colcon.colcon_core.shell:create_environment_hook('mavros_extras', 'cmake_prefix_path')
[11.235s] INFO:colcon.colcon_core.shell:Creating environment hook '/home/wythe/PWCL_ws/install/mavros_extras/share/mavros_extras/hook/cmake_prefix_path.ps1'
[11.236s] INFO:colcon.colcon_core.shell:Creating environment descriptor '/home/wythe/PWCL_ws/install/mavros_extras/share/mavros_extras/hook/cmake_prefix_path.dsv'
[11.236s] INFO:colcon.colcon_core.shell:Creating environment hook '/home/wythe/PWCL_ws/install/mavros_extras/share/mavros_extras/hook/cmake_prefix_path.sh'
[11.237s] Level 1:colcon.colcon_core.environment:checking '/home/wythe/PWCL_ws/install/mavros_extras/lib'
[11.237s] Level 1:colcon.colcon_core.shell:create_environment_hook('mavros_extras', 'ld_library_path_lib')
[11.277s] INFO:colcon.colcon_core.shell:Creating environment hook '/home/wythe/PWCL_ws/install/mavros_extras/share/mavros_extras/hook/ld_library_path_lib.ps1'
[11.277s] INFO:colcon.colcon_core.shell:Creating environment descriptor '/home/wythe/PWCL_ws/install/mavros_extras/share/mavros_extras/hook/ld_library_path_lib.dsv'
[11.278s] INFO:colcon.colcon_core.shell:Creating environment hook '/home/wythe/PWCL_ws/install/mavros_extras/share/mavros_extras/hook/ld_library_path_lib.sh'
[11.278s] Level 1:colcon.colcon_core.environment:checking '/home/wythe/PWCL_ws/install/mavros_extras/bin'
[11.278s] Level 1:colcon.colcon_core.environment:checking '/home/wythe/PWCL_ws/install/mavros_extras/lib/pkgconfig/mavros_extras.pc'
[11.278s] Level 1:colcon.colcon_core.environment:checking '/home/wythe/PWCL_ws/install/mavros_extras/lib/python3.8/site-packages'
[11.279s] Level 1:colcon.colcon_core.environment:checking '/home/wythe/PWCL_ws/install/mavros_extras/bin'
[11.320s] INFO:colcon.colcon_core.shell:Creating package script '/home/wythe/PWCL_ws/install/mavros_extras/share/mavros_extras/package.ps1'
[11.320s] INFO:colcon.colcon_core.shell:Creating package descriptor '/home/wythe/PWCL_ws/install/mavros_extras/share/mavros_extras/package.dsv'
[11.321s] INFO:colcon.colcon_core.shell:Creating package script '/home/wythe/PWCL_ws/install/mavros_extras/share/mavros_extras/package.sh'
[11.321s] INFO:colcon.colcon_core.shell:Creating package script '/home/wythe/PWCL_ws/install/mavros_extras/share/mavros_extras/package.bash'
[11.321s] INFO:colcon.colcon_core.shell:Creating package script '/home/wythe/PWCL_ws/install/mavros_extras/share/mavros_extras/package.zsh'
[11.321s] Level 1:colcon.colcon_core.environment:create_file_with_runtime_dependencies(/home/wythe/PWCL_ws/install/mavros_extras/share/colcon-core/packages/mavros_extras)
[11.444s] Level 1:colcon.colcon_core.environment:create_environment_scripts_only(mavros_extras)
[11.488s] Level 1:colcon.colcon_core.environment:checking '/home/wythe/PWCL_ws/install/mavros_extras' for CMake module files
[11.488s] Level 1:colcon.colcon_core.environment:checking '/home/wythe/PWCL_ws/install/mavros_extras' for CMake config files
[11.489s] Level 1:colcon.colcon_core.shell:create_environment_hook('mavros_extras', 'cmake_prefix_path')
[11.531s] INFO:colcon.colcon_core.shell:Creating environment hook '/home/wythe/PWCL_ws/install/mavros_extras/share/mavros_extras/hook/cmake_prefix_path.ps1'
[11.532s] INFO:colcon.colcon_core.shell:Creating environment descriptor '/home/wythe/PWCL_ws/install/mavros_extras/share/mavros_extras/hook/cmake_prefix_path.dsv'
[11.532s] INFO:colcon.colcon_core.shell:Creating environment hook '/home/wythe/PWCL_ws/install/mavros_extras/share/mavros_extras/hook/cmake_prefix_path.sh'
[11.532s] Level 1:colcon.colcon_core.environment:checking '/home/wythe/PWCL_ws/install/mavros_extras/lib'
[11.533s] Level 1:colcon.colcon_core.shell:create_environment_hook('mavros_extras', 'ld_library_path_lib')
[11.576s] INFO:colcon.colcon_core.shell:Creating environment hook '/home/wythe/PWCL_ws/install/mavros_extras/share/mavros_extras/hook/ld_library_path_lib.ps1'
[11.576s] INFO:colcon.colcon_core.shell:Creating environment descriptor '/home/wythe/PWCL_ws/install/mavros_extras/share/mavros_extras/hook/ld_library_path_lib.dsv'
[11.576s] INFO:colcon.colcon_core.shell:Creating environment hook '/home/wythe/PWCL_ws/install/mavros_extras/share/mavros_extras/hook/ld_library_path_lib.sh'
[11.577s] Level 1:colcon.colcon_core.environment:checking '/home/wythe/PWCL_ws/install/mavros_extras/bin'
[11.577s] Level 1:colcon.colcon_core.environment:checking '/home/wythe/PWCL_ws/install/mavros_extras/lib/pkgconfig/mavros_extras.pc'
[11.577s] Level 1:colcon.colcon_core.environment:checking '/home/wythe/PWCL_ws/install/mavros_extras/lib/python3.8/site-packages'
[11.577s] Level 1:colcon.colcon_core.environment:checking '/home/wythe/PWCL_ws/install/mavros_extras/bin'
[11.620s] INFO:colcon.colcon_core.shell:Creating package script '/home/wythe/PWCL_ws/install/mavros_extras/share/mavros_extras/package.ps1'
[11.621s] INFO:colcon.colcon_core.shell:Creating package descriptor '/home/wythe/PWCL_ws/install/mavros_extras/share/mavros_extras/package.dsv'
[11.621s] INFO:colcon.colcon_core.shell:Creating package script '/home/wythe/PWCL_ws/install/mavros_extras/share/mavros_extras/package.sh'
[11.622s] INFO:colcon.colcon_core.shell:Creating package script '/home/wythe/PWCL_ws/install/mavros_extras/share/mavros_extras/package.bash'
[11.622s] INFO:colcon.colcon_core.shell:Creating package script '/home/wythe/PWCL_ws/install/mavros_extras/share/mavros_extras/package.zsh'
[11.623s] Level 1:colcon.colcon_core.environment:create_file_with_runtime_dependencies(/home/wythe/PWCL_ws/install/mavros_extras/share/colcon-core/packages/mavros_extras)
[11.623s] DEBUG:colcon.colcon_parallel_executor.executor.parallel:closing loop
[11.623s] DEBUG:colcon.colcon_parallel_executor.executor.parallel:loop closed
[11.624s] DEBUG:colcon.colcon_parallel_executor.executor.parallel:run_until_complete finished with '0'
[11.624s] DEBUG:colcon.colcon_core.event_reactor:joining thread
[11.686s] INFO:colcon.colcon_core.plugin_system:Skipping extension 'colcon_notification.desktop_notification.terminal_notifier': Not used on non-Darwin systems
[11.686s] INFO:colcon.colcon_core.plugin_system:Skipping extension 'colcon_notification.desktop_notification.win32': Not used on non-Windows systems
[11.686s] INFO:colcon.colcon_notification.desktop_notification:Sending desktop notification using 'notify2'
[11.699s] DEBUG:colcon.colcon_core.event_reactor:joined thread
[11.741s] INFO:colcon.colcon_core.shell:Creating prefix script '/home/wythe/PWCL_ws/install/local_setup.ps1'
[11.742s] INFO:colcon.colcon_core.shell:Creating prefix util module '/home/wythe/PWCL_ws/install/_local_setup_util_ps1.py'
[11.743s] INFO:colcon.colcon_core.shell:Creating prefix chain script '/home/wythe/PWCL_ws/install/setup.ps1'
[11.797s] INFO:colcon.colcon_core.shell:Creating prefix script '/home/wythe/PWCL_ws/install/local_setup.sh'
[11.797s] INFO:colcon.colcon_core.shell:Creating prefix util module '/home/wythe/PWCL_ws/install/_local_setup_util_sh.py'
[11.798s] INFO:colcon.colcon_core.shell:Creating prefix chain script '/home/wythe/PWCL_ws/install/setup.sh'
[11.839s] INFO:colcon.colcon_core.shell:Creating prefix script '/home/wythe/PWCL_ws/install/local_setup.bash'
[11.840s] INFO:colcon.colcon_core.shell:Creating prefix chain script '/home/wythe/PWCL_ws/install/setup.bash'
[11.881s] INFO:colcon.colcon_core.shell:Creating prefix script '/home/wythe/PWCL_ws/install/local_setup.zsh'
[11.882s] INFO:colcon.colcon_core.shell:Creating prefix chain script '/home/wythe/PWCL_ws/install/setup.zsh'
