[ 11%] Built target gtest_main
[ 11%] Built target gmock
[  9%] Built target gtest
[ 14%] Built target gmock_main
[ 37%] Built target mavros
[ 40%] Built target libmavros-frame-conversions-test
[ 43%] Built target libmavros-quaternion-utils-test
[ 50%] Built target mavros-uas-test
[ 50%] Built target mavros_node
[ 56%] Built target mavros-router-test
[ 56%] Built target libmavros-sensor-orientation-test
[100%] Built target mavros_plugins
-- Install configuration: ""
-- Installing: /home/wythe/PWCL_ws/install/mavros/share/mavros/mavros_plugins.xml
-- Installing: /home/wythe/PWCL_ws/install/mavros/share/mavros/environment/pythonpath.sh
-- Installing: /home/wythe/PWCL_ws/install/mavros/share/mavros/environment/pythonpath.dsv
-- Installing: /home/wythe/PWCL_ws/install/mavros/lib/python3.8/site-packages/mavros
-- Installing: /home/wythe/PWCL_ws/install/mavros/lib/python3.8/site-packages/mavros/param.py
-- Installing: /home/wythe/PWCL_ws/install/mavros/lib/python3.8/site-packages/mavros/utils.py
-- Installing: /home/wythe/PWCL_ws/install/mavros/lib/python3.8/site-packages/mavros/setpoint.py
-- Installing: /home/wythe/PWCL_ws/install/mavros/lib/python3.8/site-packages/mavros/ftp.py
-- Installing: /home/wythe/PWCL_ws/install/mavros/lib/python3.8/site-packages/mavros/__init__.py
-- Installing: /home/wythe/PWCL_ws/install/mavros/lib/python3.8/site-packages/mavros/cmd
-- Installing: /home/wythe/PWCL_ws/install/mavros/lib/python3.8/site-packages/mavros/cmd/param.py
-- Installing: /home/wythe/PWCL_ws/install/mavros/lib/python3.8/site-packages/mavros/cmd/utils.py
-- Installing: /home/wythe/PWCL_ws/install/mavros/lib/python3.8/site-packages/mavros/cmd/ftp.py
-- Installing: /home/wythe/PWCL_ws/install/mavros/lib/python3.8/site-packages/mavros/cmd/__init__.py
-- Installing: /home/wythe/PWCL_ws/install/mavros/lib/python3.8/site-packages/mavros/cmd/cmd.py
-- Installing: /home/wythe/PWCL_ws/install/mavros/lib/python3.8/site-packages/mavros/cmd/__main__.py
-- Installing: /home/wythe/PWCL_ws/install/mavros/lib/python3.8/site-packages/mavros/cmd/system.py
-- Installing: /home/wythe/PWCL_ws/install/mavros/lib/python3.8/site-packages/mavros/cmd/checkid.py
-- Installing: /home/wythe/PWCL_ws/install/mavros/lib/python3.8/site-packages/mavros/cmd/safety.py
-- Installing: /home/wythe/PWCL_ws/install/mavros/lib/python3.8/site-packages/mavros/cmd/mission.py
-- Installing: /home/wythe/PWCL_ws/install/mavros/lib/python3.8/site-packages/mavros/global_position.py
-- Installing: /home/wythe/PWCL_ws/install/mavros/lib/python3.8/site-packages/mavros/local_position.py
-- Installing: /home/wythe/PWCL_ws/install/mavros/lib/python3.8/site-packages/mavros/system.py
-- Installing: /home/wythe/PWCL_ws/install/mavros/lib/python3.8/site-packages/mavros/nuttx_crc32.py
-- Installing: /home/wythe/PWCL_ws/install/mavros/lib/python3.8/site-packages/mavros/mavlink.py
-- Installing: /home/wythe/PWCL_ws/install/mavros/lib/python3.8/site-packages/mavros/base.py
-- Installing: /home/wythe/PWCL_ws/install/mavros/lib/python3.8/site-packages/mavros/mission.py
-- Installing: /home/wythe/PWCL_ws/install/mavros/lib/python3.8/site-packages/mavros/command.py
Listing '/home/wythe/PWCL_ws/install/mavros/lib/python3.8/site-packages/mavros'...
Compiling '/home/wythe/PWCL_ws/install/mavros/lib/python3.8/site-packages/mavros/__init__.py'...
Compiling '/home/wythe/PWCL_ws/install/mavros/lib/python3.8/site-packages/mavros/base.py'...
Listing '/home/wythe/PWCL_ws/install/mavros/lib/python3.8/site-packages/mavros/cmd'...
Compiling '/home/wythe/PWCL_ws/install/mavros/lib/python3.8/site-packages/mavros/cmd/__init__.py'...
Compiling '/home/wythe/PWCL_ws/install/mavros/lib/python3.8/site-packages/mavros/cmd/__main__.py'...
Compiling '/home/wythe/PWCL_ws/install/mavros/lib/python3.8/site-packages/mavros/cmd/checkid.py'...
Compiling '/home/wythe/PWCL_ws/install/mavros/lib/python3.8/site-packages/mavros/cmd/cmd.py'...
Compiling '/home/wythe/PWCL_ws/install/mavros/lib/python3.8/site-packages/mavros/cmd/ftp.py'...
Compiling '/home/wythe/PWCL_ws/install/mavros/lib/python3.8/site-packages/mavros/cmd/mission.py'...
Compiling '/home/wythe/PWCL_ws/install/mavros/lib/python3.8/site-packages/mavros/cmd/param.py'...
Compiling '/home/wythe/PWCL_ws/install/mavros/lib/python3.8/site-packages/mavros/cmd/safety.py'...
Compiling '/home/wythe/PWCL_ws/install/mavros/lib/python3.8/site-packages/mavros/cmd/system.py'...
Compiling '/home/wythe/PWCL_ws/install/mavros/lib/python3.8/site-packages/mavros/cmd/utils.py'...
Compiling '/home/wythe/PWCL_ws/install/mavros/lib/python3.8/site-packages/mavros/command.py'...
Compiling '/home/wythe/PWCL_ws/install/mavros/lib/python3.8/site-packages/mavros/ftp.py'...
Compiling '/home/wythe/PWCL_ws/install/mavros/lib/python3.8/site-packages/mavros/global_position.py'...
Compiling '/home/wythe/PWCL_ws/install/mavros/lib/python3.8/site-packages/mavros/local_position.py'...
Compiling '/home/wythe/PWCL_ws/install/mavros/lib/python3.8/site-packages/mavros/mavlink.py'...
Compiling '/home/wythe/PWCL_ws/install/mavros/lib/python3.8/site-packages/mavros/mission.py'...
Compiling '/home/wythe/PWCL_ws/install/mavros/lib/python3.8/site-packages/mavros/nuttx_crc32.py'...
Compiling '/home/wythe/PWCL_ws/install/mavros/lib/python3.8/site-packages/mavros/param.py'...
Compiling '/home/wythe/PWCL_ws/install/mavros/lib/python3.8/site-packages/mavros/setpoint.py'...
Compiling '/home/wythe/PWCL_ws/install/mavros/lib/python3.8/site-packages/mavros/system.py'...
Compiling '/home/wythe/PWCL_ws/install/mavros/lib/python3.8/site-packages/mavros/utils.py'...
-- Installing: /home/wythe/PWCL_ws/install/mavros/lib/mavros/mav
-- Installing: /home/wythe/PWCL_ws/install/mavros/lib/libmavros.so
-- Set runtime path of "/home/wythe/PWCL_ws/install/mavros/lib/libmavros.so" to ""
-- Installing: /home/wythe/PWCL_ws/install/mavros/lib/mavros/mavros_node
-- Set runtime path of "/home/wythe/PWCL_ws/install/mavros/lib/mavros/mavros_node" to ""
-- Installing: /home/wythe/PWCL_ws/install/mavros/lib/libmavros_plugins.so
-- Set runtime path of "/home/wythe/PWCL_ws/install/mavros/lib/libmavros_plugins.so" to ""
-- Installing: /home/wythe/PWCL_ws/install/mavros/lib/mavros/install_geographiclib_datasets.sh
-- Installing: /home/wythe/PWCL_ws/install/mavros/include
-- Installing: /home/wythe/PWCL_ws/install/mavros/include/mavros
-- Installing: /home/wythe/PWCL_ws/install/mavros/include/mavros/plugin.hpp
-- Installing: /home/wythe/PWCL_ws/install/mavros/include/mavros/uas_executor.hpp
-- Installing: /home/wythe/PWCL_ws/install/mavros/include/mavros/frame_tf.hpp
-- Installing: /home/wythe/PWCL_ws/install/mavros/include/mavros/mavros_plugin_register_macro.hpp
-- Installing: /home/wythe/PWCL_ws/install/mavros/include/mavros/mission_protocol_base.hpp
-- Installing: /home/wythe/PWCL_ws/install/mavros/include/mavros/px4_custom_mode.hpp
-- Installing: /home/wythe/PWCL_ws/install/mavros/include/mavros/plugin_filter.hpp
-- Installing: /home/wythe/PWCL_ws/install/mavros/include/mavros/utils.hpp
-- Installing: /home/wythe/PWCL_ws/install/mavros/include/mavros/setpoint_mixin.hpp
-- Installing: /home/wythe/PWCL_ws/install/mavros/include/mavros/mavros_router.hpp
-- Installing: /home/wythe/PWCL_ws/install/mavros/include/mavros/mavros_uas.hpp
-- Installing: /home/wythe/PWCL_ws/install/mavros/share/mavros/launch
-- Installing: /home/wythe/PWCL_ws/install/mavros/share/mavros/launch/node.launch
-- Installing: /home/wythe/PWCL_ws/install/mavros/share/mavros/launch/apm_pluginlists.yaml
-- Installing: /home/wythe/PWCL_ws/install/mavros/share/mavros/launch/apm.launch
-- Installing: /home/wythe/PWCL_ws/install/mavros/share/mavros/launch/mavlink_bridge.launch
-- Installing: /home/wythe/PWCL_ws/install/mavros/share/mavros/launch/px4_config.yaml
-- Installing: /home/wythe/PWCL_ws/install/mavros/share/mavros/launch/px4.launch
-- Installing: /home/wythe/PWCL_ws/install/mavros/share/mavros/launch/px4_pluginlists.yaml
-- Installing: /home/wythe/PWCL_ws/install/mavros/share/mavros/launch/apm_config.yaml
-- Installing: /home/wythe/PWCL_ws/install/mavros/share/mavros/launch/apm2.launch
-- Installing: /home/wythe/PWCL_ws/install/mavros/share/mavros/launch/event_launcher.yaml
-- Installing: /home/wythe/PWCL_ws/install/mavros/share/mavros/environment/library_path.sh
-- Installing: /home/wythe/PWCL_ws/install/mavros/share/mavros/environment/library_path.dsv
-- Installing: /home/wythe/PWCL_ws/install/mavros/share/ament_index/resource_index/package_run_dependencies/mavros
-- Installing: /home/wythe/PWCL_ws/install/mavros/share/ament_index/resource_index/parent_prefix_path/mavros
-- Installing: /home/wythe/PWCL_ws/install/mavros/share/mavros/environment/ament_prefix_path.sh
-- Installing: /home/wythe/PWCL_ws/install/mavros/share/mavros/environment/ament_prefix_path.dsv
-- Installing: /home/wythe/PWCL_ws/install/mavros/share/mavros/environment/path.sh
-- Installing: /home/wythe/PWCL_ws/install/mavros/share/mavros/environment/path.dsv
-- Installing: /home/wythe/PWCL_ws/install/mavros/share/mavros/local_setup.bash
-- Installing: /home/wythe/PWCL_ws/install/mavros/share/mavros/local_setup.sh
-- Installing: /home/wythe/PWCL_ws/install/mavros/share/mavros/local_setup.zsh
-- Installing: /home/wythe/PWCL_ws/install/mavros/share/mavros/local_setup.dsv
-- Installing: /home/wythe/PWCL_ws/install/mavros/share/mavros/package.dsv
-- Installing: /home/wythe/PWCL_ws/install/mavros/share/ament_index/resource_index/packages/mavros
-- Installing: /home/wythe/PWCL_ws/install/mavros/share/ament_index/resource_index/mavros__pluginlib__plugin/mavros
-- Installing: /home/wythe/PWCL_ws/install/mavros/share/ament_index/resource_index/rclcpp_components/mavros
-- Installing: /home/wythe/PWCL_ws/install/mavros/share/mavros/cmake/ament_cmake_export_include_directories-extras.cmake
-- Installing: /home/wythe/PWCL_ws/install/mavros/share/mavros/cmake/ament_cmake_export_libraries-extras.cmake
-- Installing: /home/wythe/PWCL_ws/install/mavros/share/mavros/cmake/ament_cmake_export_dependencies-extras.cmake
-- Installing: /home/wythe/PWCL_ws/install/mavros/share/mavros/cmake/mavrosConfig.cmake
-- Installing: /home/wythe/PWCL_ws/install/mavros/share/mavros/cmake/mavrosConfig-version.cmake
-- Installing: /home/wythe/PWCL_ws/install/mavros/share/mavros/package.xml
