[0.135s] Invoking command in '/home/wythe/PWCL_ws/build/tutorial_interfaces': CMAKE_PREFIX_PATH=/opt/ros/foxy /usr/bin/cmake /home/wythe/PWCL_ws/src/tutorial_interfaces -DCMAKE_INSTALL_PREFIX=/home/wythe/PWCL_ws/install/tutorial_interfaces
[0.326s] -- The C compiler identification is GNU 9.4.0
[0.501s] -- The CXX compiler identification is GNU 9.4.0
[0.508s] -- Check for working C compiler: /usr/bin/cc
[0.576s] -- Check for working C compiler: /usr/bin/cc -- works
[0.578s] -- Detecting C compiler ABI info
[0.650s] -- Detecting C compiler ABI info - done
[0.664s] -- Detecting C compile features
[0.664s] -- Detecting C compile features - done
[0.667s] -- Check for working CXX compiler: /usr/bin/c++
[0.756s] -- Check for working CXX compiler: /usr/bin/c++ -- works
[0.757s] -- Detecting CXX compiler ABI info
[0.843s] -- Detecting CXX compiler ABI info - done
[0.854s] -- Detecting CXX compile features
[0.855s] -- Detecting CXX compile features - done
[0.858s] -- Found ament_cmake: 0.9.12 (/opt/ros/foxy/share/ament_cmake/cmake)
[0.884s] -- Found PythonInterp: /usr/bin/python3 (found suitable version "3.8.10", minimum required is "3") 
[0.884s] -- Using PYTHON_EXECUTABLE: /usr/bin/python3
[1.102s] -- Found geometry_msgs: 2.0.5 (/opt/ros/foxy/share/geometry_msgs/cmake)
[1.136s] -- Using all available rosidl_typesupport_c: rosidl_typesupport_fastrtps_c;rosidl_typesupport_introspection_c
[1.144s] -- Found rosidl_adapter: 1.3.1 (/opt/ros/foxy/share/rosidl_adapter/cmake)
[1.233s] -- Found OpenSSL: /usr/lib/x86_64-linux-gnu/libcrypto.so (found version "1.1.1f")  
[1.262s] -- Found FastRTPS: /opt/ros/foxy/include  
[1.342s] -- Using all available rosidl_typesupport_cpp: rosidl_typesupport_fastrtps_cpp;rosidl_typesupport_introspection_cpp
[1.431s] -- Found rosidl_default_generators: 1.0.1 (/opt/ros/foxy/share/rosidl_default_generators/cmake)
[1.443s] CMake Error at /opt/ros/foxy/share/rosidl_cmake/cmake/rosidl_generate_interfaces.cmake:93 (message):
[1.443s]   rosidl_generate_interfaces() the passed file 'msg/Img.msg' doesn't exist
[1.443s]   relative to the CMAKE_CURRENT_SOURCE_DIR
[1.443s]   '/home/wythe/PWCL_ws/src/tutorial_interfaces'
[1.443s] Call Stack (most recent call first):
[1.443s]   CMakeLists.txt:27 (rosidl_generate_interfaces)
[1.444s] 
[1.444s] 
[1.445s] -- Configuring incomplete, errors occurred!
[1.445s] See also "/home/wythe/PWCL_ws/build/tutorial_interfaces/CMakeFiles/CMakeOutput.log".
[1.450s] Invoked command in '/home/wythe/PWCL_ws/build/tutorial_interfaces' returned '1': CMAKE_PREFIX_PATH=/opt/ros/foxy /usr/bin/cmake /home/wythe/PWCL_ws/src/tutorial_interfaces -DCMAKE_INSTALL_PREFIX=/home/wythe/PWCL_ws/install/tutorial_interfaces
