[2.310s] DEBUG:colcon:Command line arguments: ['/usr/bin/colcon', 'build']
[2.310s] DEBUG:colcon:Parsed command line arguments: Namespace(allow_overriding=[], ament_cmake_args=None, base_paths=['.'], build_base='build', catkin_cmake_args=None, catkin_skip_building_tests=False, cmake_args=None, cmake_clean_cache=False, cmake_clean_first=False, cmake_force_configure=False, cmake_target=None, cmake_target_skip_unavailable=False, continue_on_error=False, event_handlers=None, executor='parallel', ignore_user_meta=False, install_base='install', log_base=None, log_level=None, main=<bound method BuildVerb.main of <colcon_core.verb.build.BuildVerb object at 0x7fcfb8b1c700>>, merge_install=False, metas=['./colcon.meta'], packages_above=None, packages_above_and_dependencies=None, packages_above_depth=None, packages_end=None, packages_ignore=None, packages_ignore_regex=None, packages_select=None, packages_select_build_failed=False, packages_select_by_dep=None, packages_select_regex=None, packages_select_test_failures=False, packages_skip=None, packages_skip_build_finished=False, packages_skip_by_dep=None, packages_skip_regex=None, packages_skip_test_passed=False, packages_skip_up_to=None, packages_start=None, packages_up_to=None, packages_up_to_regex=None, parallel_workers=12, paths=None, symlink_install=False, test_result_base=None, verb_extension=<colcon_core.verb.build.BuildVerb object at 0x7fcfb8b1c700>, verb_name='build', verb_parser=<colcon_defaults.argument_parser.defaults.DefaultArgumentsDecorator object at 0x7fcfb88557c0>)
[2.412s] Level 1:colcon.colcon_core.package_discovery:discover_packages(colcon_meta) check parameters
[2.412s] Level 1:colcon.colcon_core.package_discovery:discover_packages(recursive) check parameters
[2.412s] Level 1:colcon.colcon_core.package_discovery:discover_packages(ignore) check parameters
[2.412s] Level 1:colcon.colcon_core.package_discovery:discover_packages(path) check parameters
[2.412s] Level 1:colcon.colcon_core.package_discovery:discover_packages(colcon_meta) discover
[2.412s] Level 1:colcon.colcon_core.package_discovery:discover_packages(recursive) discover
[2.412s] INFO:colcon.colcon_core.package_discovery:Crawling recursively for packages in '/home/wythe/PWCL_ws'
[2.413s] Level 1:colcon.colcon_core.package_identification:_identify(.) by extensions ['ignore', 'ignore_ament_install']
[2.413s] Level 1:colcon.colcon_core.package_identification:_identify(.) by extension 'ignore'
[2.413s] Level 1:colcon.colcon_core.package_identification:_identify(.) by extension 'ignore_ament_install'
[2.413s] Level 1:colcon.colcon_core.package_identification:_identify(.) by extensions ['colcon_pkg']
[2.413s] Level 1:colcon.colcon_core.package_identification:_identify(.) by extension 'colcon_pkg'
[2.413s] Level 1:colcon.colcon_core.package_identification:_identify(.) by extensions ['colcon_meta']
[2.413s] Level 1:colcon.colcon_core.package_identification:_identify(.) by extension 'colcon_meta'
[2.413s] Level 1:colcon.colcon_core.package_identification:_identify(.) by extensions ['ros']
[2.413s] Level 1:colcon.colcon_core.package_identification:_identify(.) by extension 'ros'
[2.422s] Level 1:colcon.colcon_core.package_identification:_identify(.) by extensions ['cmake', 'python']
[2.422s] Level 1:colcon.colcon_core.package_identification:_identify(.) by extension 'cmake'
[2.422s] Level 1:colcon.colcon_core.package_identification:_identify(.) by extension 'python'
[2.423s] Level 1:colcon.colcon_core.package_identification:_identify(.) by extensions ['python_setup_py']
[2.423s] Level 1:colcon.colcon_core.package_identification:_identify(.) by extension 'python_setup_py'
[2.423s] Level 1:colcon.colcon_core.package_identification:_identify(Node) by extensions ['ignore', 'ignore_ament_install']
[2.423s] Level 1:colcon.colcon_core.package_identification:_identify(Node) by extension 'ignore'
[2.423s] Level 1:colcon.colcon_core.package_identification:_identify(Node) by extension 'ignore_ament_install'
[2.423s] Level 1:colcon.colcon_core.package_identification:_identify(Node) by extensions ['colcon_pkg']
[2.423s] Level 1:colcon.colcon_core.package_identification:_identify(Node) by extension 'colcon_pkg'
[2.423s] Level 1:colcon.colcon_core.package_identification:_identify(Node) by extensions ['colcon_meta']
[2.423s] Level 1:colcon.colcon_core.package_identification:_identify(Node) by extension 'colcon_meta'
[2.423s] Level 1:colcon.colcon_core.package_identification:_identify(Node) by extensions ['ros']
[2.423s] Level 1:colcon.colcon_core.package_identification:_identify(Node) by extension 'ros'
[2.423s] Level 1:colcon.colcon_core.package_identification:_identify(Node) by extensions ['cmake', 'python']
[2.423s] Level 1:colcon.colcon_core.package_identification:_identify(Node) by extension 'cmake'
[2.423s] Level 1:colcon.colcon_core.package_identification:_identify(Node) by extension 'python'
[2.423s] Level 1:colcon.colcon_core.package_identification:_identify(Node) by extensions ['python_setup_py']
[2.423s] Level 1:colcon.colcon_core.package_identification:_identify(Node) by extension 'python_setup_py'
[2.423s] Level 1:colcon.colcon_core.package_identification:_identify(RTK) by extensions ['ignore', 'ignore_ament_install']
[2.423s] Level 1:colcon.colcon_core.package_identification:_identify(RTK) by extension 'ignore'
[2.423s] Level 1:colcon.colcon_core.package_identification:_identify(RTK) by extension 'ignore_ament_install'
[2.424s] Level 1:colcon.colcon_core.package_identification:_identify(RTK) by extensions ['colcon_pkg']
[2.424s] Level 1:colcon.colcon_core.package_identification:_identify(RTK) by extension 'colcon_pkg'
[2.424s] Level 1:colcon.colcon_core.package_identification:_identify(RTK) by extensions ['colcon_meta']
[2.424s] Level 1:colcon.colcon_core.package_identification:_identify(RTK) by extension 'colcon_meta'
[2.424s] Level 1:colcon.colcon_core.package_identification:_identify(RTK) by extensions ['ros']
[2.424s] Level 1:colcon.colcon_core.package_identification:_identify(RTK) by extension 'ros'
[2.424s] Level 1:colcon.colcon_core.package_identification:_identify(RTK) by extensions ['cmake', 'python']
[2.424s] Level 1:colcon.colcon_core.package_identification:_identify(RTK) by extension 'cmake'
[2.424s] Level 1:colcon.colcon_core.package_identification:_identify(RTK) by extension 'python'
[2.424s] Level 1:colcon.colcon_core.package_identification:_identify(RTK) by extensions ['python_setup_py']
[2.424s] Level 1:colcon.colcon_core.package_identification:_identify(RTK) by extension 'python_setup_py'
[2.424s] Level 1:colcon.colcon_core.package_identification:_identify(build) by extensions ['ignore', 'ignore_ament_install']
[2.424s] Level 1:colcon.colcon_core.package_identification:_identify(build) by extension 'ignore'
[2.424s] Level 1:colcon.colcon_core.package_identification:_identify(build) ignored
[2.424s] Level 1:colcon.colcon_core.package_identification:_identify(install) by extensions ['ignore', 'ignore_ament_install']
[2.424s] Level 1:colcon.colcon_core.package_identification:_identify(install) by extension 'ignore'
[2.424s] Level 1:colcon.colcon_core.package_identification:_identify(install) ignored
[2.424s] Level 1:colcon.colcon_core.package_identification:_identify(log) by extensions ['ignore', 'ignore_ament_install']
[2.425s] Level 1:colcon.colcon_core.package_identification:_identify(log) by extension 'ignore'
[2.425s] Level 1:colcon.colcon_core.package_identification:_identify(log) ignored
[2.425s] Level 1:colcon.colcon_core.package_identification:_identify(mission) by extensions ['ignore', 'ignore_ament_install']
[2.425s] Level 1:colcon.colcon_core.package_identification:_identify(mission) by extension 'ignore'
[2.425s] Level 1:colcon.colcon_core.package_identification:_identify(mission) by extension 'ignore_ament_install'
[2.425s] Level 1:colcon.colcon_core.package_identification:_identify(mission) by extensions ['colcon_pkg']
[2.425s] Level 1:colcon.colcon_core.package_identification:_identify(mission) by extension 'colcon_pkg'
[2.425s] Level 1:colcon.colcon_core.package_identification:_identify(mission) by extensions ['colcon_meta']
[2.425s] Level 1:colcon.colcon_core.package_identification:_identify(mission) by extension 'colcon_meta'
[2.425s] Level 1:colcon.colcon_core.package_identification:_identify(mission) by extensions ['ros']
[2.425s] Level 1:colcon.colcon_core.package_identification:_identify(mission) by extension 'ros'
[2.425s] Level 1:colcon.colcon_core.package_identification:_identify(mission) by extensions ['cmake', 'python']
[2.425s] Level 1:colcon.colcon_core.package_identification:_identify(mission) by extension 'cmake'
[2.425s] Level 1:colcon.colcon_core.package_identification:_identify(mission) by extension 'python'
[2.425s] Level 1:colcon.colcon_core.package_identification:_identify(mission) by extensions ['python_setup_py']
[2.425s] Level 1:colcon.colcon_core.package_identification:_identify(mission) by extension 'python_setup_py'
[2.425s] Level 1:colcon.colcon_core.package_identification:_identify(src) by extensions ['ignore', 'ignore_ament_install']
[2.425s] Level 1:colcon.colcon_core.package_identification:_identify(src) by extension 'ignore'
[2.425s] Level 1:colcon.colcon_core.package_identification:_identify(src) by extension 'ignore_ament_install'
[2.425s] Level 1:colcon.colcon_core.package_identification:_identify(src) by extensions ['colcon_pkg']
[2.425s] Level 1:colcon.colcon_core.package_identification:_identify(src) by extension 'colcon_pkg'
[2.426s] Level 1:colcon.colcon_core.package_identification:_identify(src) by extensions ['colcon_meta']
[2.426s] Level 1:colcon.colcon_core.package_identification:_identify(src) by extension 'colcon_meta'
[2.426s] Level 1:colcon.colcon_core.package_identification:_identify(src) by extensions ['ros']
[2.426s] Level 1:colcon.colcon_core.package_identification:_identify(src) by extension 'ros'
[2.426s] Level 1:colcon.colcon_core.package_identification:_identify(src) by extensions ['cmake', 'python']
[2.426s] Level 1:colcon.colcon_core.package_identification:_identify(src) by extension 'cmake'
[2.426s] Level 1:colcon.colcon_core.package_identification:_identify(src) by extension 'python'
[2.426s] Level 1:colcon.colcon_core.package_identification:_identify(src) by extensions ['python_setup_py']
[2.426s] Level 1:colcon.colcon_core.package_identification:_identify(src) by extension 'python_setup_py'
[2.426s] Level 1:colcon.colcon_core.package_identification:_identify(src/tutorial_interfaces) by extensions ['ignore', 'ignore_ament_install']
[2.426s] Level 1:colcon.colcon_core.package_identification:_identify(src/tutorial_interfaces) by extension 'ignore'
[2.426s] Level 1:colcon.colcon_core.package_identification:_identify(src/tutorial_interfaces) by extension 'ignore_ament_install'
[2.426s] Level 1:colcon.colcon_core.package_identification:_identify(src/tutorial_interfaces) by extensions ['colcon_pkg']
[2.426s] Level 1:colcon.colcon_core.package_identification:_identify(src/tutorial_interfaces) by extension 'colcon_pkg'
[2.426s] Level 1:colcon.colcon_core.package_identification:_identify(src/tutorial_interfaces) by extensions ['colcon_meta']
[2.426s] Level 1:colcon.colcon_core.package_identification:_identify(src/tutorial_interfaces) by extension 'colcon_meta'
[2.426s] Level 1:colcon.colcon_core.package_identification:_identify(src/tutorial_interfaces) by extensions ['ros']
[2.426s] Level 1:colcon.colcon_core.package_identification:_identify(src/tutorial_interfaces) by extension 'ros'
[2.429s] DEBUG:colcon.colcon_core.package_identification:Package 'src/tutorial_interfaces' with type 'ros.ament_cmake' and name 'tutorial_interfaces'
[2.429s] Level 1:colcon.colcon_core.package_discovery:discover_packages(recursive) using defaults
[2.429s] Level 1:colcon.colcon_core.package_discovery:discover_packages(ignore) discover
[2.429s] Level 1:colcon.colcon_core.package_discovery:discover_packages(ignore) using defaults
[2.429s] Level 1:colcon.colcon_core.package_discovery:discover_packages(path) discover
[2.429s] Level 1:colcon.colcon_core.package_discovery:discover_packages(path) using defaults
[2.637s] Level 1:colcon.colcon_core.package_discovery:discover_packages(prefix_path) check parameters
[2.637s] Level 1:colcon.colcon_core.package_discovery:discover_packages(prefix_path) discover
[2.719s] DEBUG:colcon.colcon_installed_package_information.package_discovery:Found 262 installed packages in /opt/ros/foxy
[2.720s] Level 1:colcon.colcon_core.package_discovery:discover_packages(prefix_path) using defaults
[2.879s] Level 5:colcon.colcon_core.verb:set package 'tutorial_interfaces' build argument 'cmake_args' from command line to 'None'
[2.879s] Level 5:colcon.colcon_core.verb:set package 'tutorial_interfaces' build argument 'cmake_target' from command line to 'None'
[2.879s] Level 5:colcon.colcon_core.verb:set package 'tutorial_interfaces' build argument 'cmake_target_skip_unavailable' from command line to 'False'
[2.879s] Level 5:colcon.colcon_core.verb:set package 'tutorial_interfaces' build argument 'cmake_clean_cache' from command line to 'False'
[2.879s] Level 5:colcon.colcon_core.verb:set package 'tutorial_interfaces' build argument 'cmake_clean_first' from command line to 'False'
[2.879s] Level 5:colcon.colcon_core.verb:set package 'tutorial_interfaces' build argument 'cmake_force_configure' from command line to 'False'
[2.879s] Level 5:colcon.colcon_core.verb:set package 'tutorial_interfaces' build argument 'ament_cmake_args' from command line to 'None'
[2.879s] Level 5:colcon.colcon_core.verb:set package 'tutorial_interfaces' build argument 'catkin_cmake_args' from command line to 'None'
[2.879s] Level 5:colcon.colcon_core.verb:set package 'tutorial_interfaces' build argument 'catkin_skip_building_tests' from command line to 'False'
[2.879s] DEBUG:colcon.colcon_core.verb:Building package 'tutorial_interfaces' with the following arguments: {'ament_cmake_args': None, 'build_base': '/home/wythe/PWCL_ws/build/tutorial_interfaces', 'catkin_cmake_args': None, 'catkin_skip_building_tests': False, 'cmake_args': None, 'cmake_clean_cache': False, 'cmake_clean_first': False, 'cmake_force_configure': False, 'cmake_target': None, 'cmake_target_skip_unavailable': False, 'install_base': '/home/wythe/PWCL_ws/install/tutorial_interfaces', 'merge_install': False, 'path': '/home/wythe/PWCL_ws/src/tutorial_interfaces', 'symlink_install': False, 'test_result_base': None}
[2.920s] INFO:colcon.colcon_core.executor:Executing jobs using 'parallel' executor
[2.963s] DEBUG:colcon.colcon_parallel_executor.executor.parallel:run_until_complete
[2.963s] INFO:colcon.colcon_ros.task.ament_cmake.build:Building ROS package in '/home/wythe/PWCL_ws/src/tutorial_interfaces' with build type 'ament_cmake'
[2.963s] INFO:colcon.colcon_cmake.task.cmake.build:Building CMake package in '/home/wythe/PWCL_ws/src/tutorial_interfaces'
[3.005s] INFO:colcon.colcon_core.plugin_system:Skipping extension 'colcon_core.shell.bat': Not used on non-Windows systems
[3.005s] INFO:colcon.colcon_core.shell:Skip shell extension 'powershell' for command environment: Not usable outside of PowerShell
[3.005s] DEBUG:colcon.colcon_core.shell:Skip shell extension 'dsv' for command environment
[3.092s] DEBUG:colcon.colcon_core.event_handler.log_command:Invoking command in '/home/wythe/PWCL_ws/build/tutorial_interfaces': CMAKE_PREFIX_PATH=/opt/ros/foxy /usr/bin/cmake /home/wythe/PWCL_ws/src/tutorial_interfaces -DCMAKE_INSTALL_PREFIX=/home/wythe/PWCL_ws/install/tutorial_interfaces
[4.309s] DEBUG:colcon.colcon_core.event_handler.log_command:Invoked command in '/home/wythe/PWCL_ws/build/tutorial_interfaces' returned '0': CMAKE_PREFIX_PATH=/opt/ros/foxy /usr/bin/cmake /home/wythe/PWCL_ws/src/tutorial_interfaces -DCMAKE_INSTALL_PREFIX=/home/wythe/PWCL_ws/install/tutorial_interfaces
[4.310s] DEBUG:colcon.colcon_core.event_handler.log_command:Invoking command in '/home/wythe/PWCL_ws/build/tutorial_interfaces': CMAKE_PREFIX_PATH=/opt/ros/foxy /usr/bin/cmake --build /home/wythe/PWCL_ws/build/tutorial_interfaces -- -j12 -l12
[7.469s] DEBUG:colcon.colcon_core.event_handler.log_command:Invoked command in '/home/wythe/PWCL_ws/build/tutorial_interfaces' returned '0': CMAKE_PREFIX_PATH=/opt/ros/foxy /usr/bin/cmake --build /home/wythe/PWCL_ws/build/tutorial_interfaces -- -j12 -l12
[7.534s] DEBUG:colcon.colcon_core.event_handler.log_command:Invoking command in '/home/wythe/PWCL_ws/build/tutorial_interfaces': CMAKE_PREFIX_PATH=/opt/ros/foxy /usr/bin/cmake --install /home/wythe/PWCL_ws/build/tutorial_interfaces
[7.597s] Level 1:colcon.colcon_core.environment:create_environment_scripts_only(tutorial_interfaces)
[7.597s] DEBUG:colcon.colcon_core.event_handler.log_command:Invoked command in '/home/wythe/PWCL_ws/build/tutorial_interfaces' returned '0': CMAKE_PREFIX_PATH=/opt/ros/foxy /usr/bin/cmake --install /home/wythe/PWCL_ws/build/tutorial_interfaces
[7.641s] Level 1:colcon.colcon_core.environment:checking '/home/wythe/PWCL_ws/install/tutorial_interfaces' for CMake module files
[7.642s] Level 1:colcon.colcon_core.environment:checking '/home/wythe/PWCL_ws/install/tutorial_interfaces' for CMake config files
[7.642s] Level 1:colcon.colcon_core.shell:create_environment_hook('tutorial_interfaces', 'cmake_prefix_path')
[7.685s] INFO:colcon.colcon_core.shell:Creating environment hook '/home/wythe/PWCL_ws/install/tutorial_interfaces/share/tutorial_interfaces/hook/cmake_prefix_path.ps1'
[7.689s] INFO:colcon.colcon_core.shell:Creating environment descriptor '/home/wythe/PWCL_ws/install/tutorial_interfaces/share/tutorial_interfaces/hook/cmake_prefix_path.dsv'
[7.690s] INFO:colcon.colcon_core.shell:Creating environment hook '/home/wythe/PWCL_ws/install/tutorial_interfaces/share/tutorial_interfaces/hook/cmake_prefix_path.sh'
[7.691s] Level 1:colcon.colcon_core.environment:checking '/home/wythe/PWCL_ws/install/tutorial_interfaces/lib'
[7.691s] Level 1:colcon.colcon_core.shell:create_environment_hook('tutorial_interfaces', 'ld_library_path_lib')
[7.733s] INFO:colcon.colcon_core.shell:Creating environment hook '/home/wythe/PWCL_ws/install/tutorial_interfaces/share/tutorial_interfaces/hook/ld_library_path_lib.ps1'
[7.733s] INFO:colcon.colcon_core.shell:Creating environment descriptor '/home/wythe/PWCL_ws/install/tutorial_interfaces/share/tutorial_interfaces/hook/ld_library_path_lib.dsv'
[7.733s] INFO:colcon.colcon_core.shell:Creating environment hook '/home/wythe/PWCL_ws/install/tutorial_interfaces/share/tutorial_interfaces/hook/ld_library_path_lib.sh'
[7.733s] Level 1:colcon.colcon_core.environment:checking '/home/wythe/PWCL_ws/install/tutorial_interfaces/bin'
[7.734s] Level 1:colcon.colcon_core.environment:checking '/home/wythe/PWCL_ws/install/tutorial_interfaces/lib/pkgconfig/tutorial_interfaces.pc'
[7.734s] Level 1:colcon.colcon_core.environment:checking '/home/wythe/PWCL_ws/install/tutorial_interfaces/lib/python3.8/site-packages'
[7.734s] Level 1:colcon.colcon_core.shell:create_environment_hook('tutorial_interfaces', 'pythonpath')
[7.776s] INFO:colcon.colcon_core.shell:Creating environment hook '/home/wythe/PWCL_ws/install/tutorial_interfaces/share/tutorial_interfaces/hook/pythonpath.ps1'
[7.777s] INFO:colcon.colcon_core.shell:Creating environment descriptor '/home/wythe/PWCL_ws/install/tutorial_interfaces/share/tutorial_interfaces/hook/pythonpath.dsv'
[7.777s] INFO:colcon.colcon_core.shell:Creating environment hook '/home/wythe/PWCL_ws/install/tutorial_interfaces/share/tutorial_interfaces/hook/pythonpath.sh'
[7.777s] Level 1:colcon.colcon_core.environment:checking '/home/wythe/PWCL_ws/install/tutorial_interfaces/bin'
[7.818s] INFO:colcon.colcon_core.shell:Creating package script '/home/wythe/PWCL_ws/install/tutorial_interfaces/share/tutorial_interfaces/package.ps1'
[7.819s] INFO:colcon.colcon_core.shell:Creating package descriptor '/home/wythe/PWCL_ws/install/tutorial_interfaces/share/tutorial_interfaces/package.dsv'
[7.819s] INFO:colcon.colcon_core.shell:Creating package script '/home/wythe/PWCL_ws/install/tutorial_interfaces/share/tutorial_interfaces/package.sh'
[7.820s] INFO:colcon.colcon_core.shell:Creating package script '/home/wythe/PWCL_ws/install/tutorial_interfaces/share/tutorial_interfaces/package.bash'
[7.821s] INFO:colcon.colcon_core.shell:Creating package script '/home/wythe/PWCL_ws/install/tutorial_interfaces/share/tutorial_interfaces/package.zsh'
[7.821s] Level 1:colcon.colcon_core.environment:create_file_with_runtime_dependencies(/home/wythe/PWCL_ws/install/tutorial_interfaces/share/colcon-core/packages/tutorial_interfaces)
[7.916s] Level 1:colcon.colcon_core.environment:create_environment_scripts_only(tutorial_interfaces)
[7.956s] Level 1:colcon.colcon_core.environment:checking '/home/wythe/PWCL_ws/install/tutorial_interfaces' for CMake module files
[7.957s] Level 1:colcon.colcon_core.environment:checking '/home/wythe/PWCL_ws/install/tutorial_interfaces' for CMake config files
[7.957s] Level 1:colcon.colcon_core.shell:create_environment_hook('tutorial_interfaces', 'cmake_prefix_path')
[7.997s] INFO:colcon.colcon_core.shell:Creating environment hook '/home/wythe/PWCL_ws/install/tutorial_interfaces/share/tutorial_interfaces/hook/cmake_prefix_path.ps1'
[7.997s] INFO:colcon.colcon_core.shell:Creating environment descriptor '/home/wythe/PWCL_ws/install/tutorial_interfaces/share/tutorial_interfaces/hook/cmake_prefix_path.dsv'
[7.998s] INFO:colcon.colcon_core.shell:Creating environment hook '/home/wythe/PWCL_ws/install/tutorial_interfaces/share/tutorial_interfaces/hook/cmake_prefix_path.sh'
[7.998s] Level 1:colcon.colcon_core.environment:checking '/home/wythe/PWCL_ws/install/tutorial_interfaces/lib'
[7.998s] Level 1:colcon.colcon_core.shell:create_environment_hook('tutorial_interfaces', 'ld_library_path_lib')
[8.038s] INFO:colcon.colcon_core.shell:Creating environment hook '/home/wythe/PWCL_ws/install/tutorial_interfaces/share/tutorial_interfaces/hook/ld_library_path_lib.ps1'
[8.038s] INFO:colcon.colcon_core.shell:Creating environment descriptor '/home/wythe/PWCL_ws/install/tutorial_interfaces/share/tutorial_interfaces/hook/ld_library_path_lib.dsv'
[8.039s] INFO:colcon.colcon_core.shell:Creating environment hook '/home/wythe/PWCL_ws/install/tutorial_interfaces/share/tutorial_interfaces/hook/ld_library_path_lib.sh'
[8.039s] Level 1:colcon.colcon_core.environment:checking '/home/wythe/PWCL_ws/install/tutorial_interfaces/bin'
[8.039s] Level 1:colcon.colcon_core.environment:checking '/home/wythe/PWCL_ws/install/tutorial_interfaces/lib/pkgconfig/tutorial_interfaces.pc'
[8.040s] Level 1:colcon.colcon_core.environment:checking '/home/wythe/PWCL_ws/install/tutorial_interfaces/lib/python3.8/site-packages'
[8.040s] Level 1:colcon.colcon_core.shell:create_environment_hook('tutorial_interfaces', 'pythonpath')
[8.082s] INFO:colcon.colcon_core.shell:Creating environment hook '/home/wythe/PWCL_ws/install/tutorial_interfaces/share/tutorial_interfaces/hook/pythonpath.ps1'
[8.083s] INFO:colcon.colcon_core.shell:Creating environment descriptor '/home/wythe/PWCL_ws/install/tutorial_interfaces/share/tutorial_interfaces/hook/pythonpath.dsv'
[8.083s] INFO:colcon.colcon_core.shell:Creating environment hook '/home/wythe/PWCL_ws/install/tutorial_interfaces/share/tutorial_interfaces/hook/pythonpath.sh'
[8.083s] Level 1:colcon.colcon_core.environment:checking '/home/wythe/PWCL_ws/install/tutorial_interfaces/bin'
[8.123s] INFO:colcon.colcon_core.shell:Creating package script '/home/wythe/PWCL_ws/install/tutorial_interfaces/share/tutorial_interfaces/package.ps1'
[8.124s] INFO:colcon.colcon_core.shell:Creating package descriptor '/home/wythe/PWCL_ws/install/tutorial_interfaces/share/tutorial_interfaces/package.dsv'
[8.124s] INFO:colcon.colcon_core.shell:Creating package script '/home/wythe/PWCL_ws/install/tutorial_interfaces/share/tutorial_interfaces/package.sh'
[8.125s] INFO:colcon.colcon_core.shell:Creating package script '/home/wythe/PWCL_ws/install/tutorial_interfaces/share/tutorial_interfaces/package.bash'
[8.125s] INFO:colcon.colcon_core.shell:Creating package script '/home/wythe/PWCL_ws/install/tutorial_interfaces/share/tutorial_interfaces/package.zsh'
[8.125s] Level 1:colcon.colcon_core.environment:create_file_with_runtime_dependencies(/home/wythe/PWCL_ws/install/tutorial_interfaces/share/colcon-core/packages/tutorial_interfaces)
[8.126s] DEBUG:colcon.colcon_parallel_executor.executor.parallel:closing loop
[8.126s] DEBUG:colcon.colcon_parallel_executor.executor.parallel:loop closed
[8.126s] DEBUG:colcon.colcon_parallel_executor.executor.parallel:run_until_complete finished with '0'
[8.126s] DEBUG:colcon.colcon_core.event_reactor:joining thread
[8.174s] INFO:colcon.colcon_core.plugin_system:Skipping extension 'colcon_notification.desktop_notification.terminal_notifier': Not used on non-Darwin systems
[8.174s] INFO:colcon.colcon_core.plugin_system:Skipping extension 'colcon_notification.desktop_notification.win32': Not used on non-Windows systems
[8.174s] INFO:colcon.colcon_notification.desktop_notification:Sending desktop notification using 'notify2'
[8.187s] DEBUG:colcon.colcon_core.event_reactor:joined thread
[8.229s] INFO:colcon.colcon_core.shell:Creating prefix script '/home/wythe/PWCL_ws/install/local_setup.ps1'
[8.230s] INFO:colcon.colcon_core.shell:Creating prefix util module '/home/wythe/PWCL_ws/install/_local_setup_util_ps1.py'
[8.231s] INFO:colcon.colcon_core.shell:Creating prefix chain script '/home/wythe/PWCL_ws/install/setup.ps1'
[8.272s] INFO:colcon.colcon_core.shell:Creating prefix script '/home/wythe/PWCL_ws/install/local_setup.sh'
[8.272s] INFO:colcon.colcon_core.shell:Creating prefix util module '/home/wythe/PWCL_ws/install/_local_setup_util_sh.py'
[8.273s] INFO:colcon.colcon_core.shell:Creating prefix chain script '/home/wythe/PWCL_ws/install/setup.sh'
[8.313s] INFO:colcon.colcon_core.shell:Creating prefix script '/home/wythe/PWCL_ws/install/local_setup.bash'
[8.314s] INFO:colcon.colcon_core.shell:Creating prefix chain script '/home/wythe/PWCL_ws/install/setup.bash'
[8.354s] INFO:colcon.colcon_core.shell:Creating prefix script '/home/wythe/PWCL_ws/install/local_setup.zsh'
[8.354s] INFO:colcon.colcon_core.shell:Creating prefix chain script '/home/wythe/PWCL_ws/install/setup.zsh'
