[0.441s] Invoking command in '/home/wythe/PWCL_ws/build/libmavconn': CMAKE_PREFIX_PATH=/home/wythe/PWCL_ws/install/mavlink:/opt/ros/foxy PKG_CONFIG_PATH=/home/wythe/PWCL_ws/install/mavlink/lib/x86_64-linux-gnu/pkgconfig:/home/wythe/PWCL_ws/install/mavlink/lib/pkgconfig /usr/bin/cmake --build /home/wythe/PWCL_ws/build/libmavconn -- -j12 -l12
[0.497s] [ 33%] Built target gtest
[0.497s] [ 33%] Built target gtest_main
[0.517s] [ 83%] Built target mavconn
[0.546s] [100%] Built target test_mavconn
[0.557s] Invoked command in '/home/wythe/PWCL_ws/build/libmavconn' returned '0': CMAKE_PREFIX_PATH=/home/wythe/PWCL_ws/install/mavlink:/opt/ros/foxy PKG_CONFIG_PATH=/home/wythe/PWCL_ws/install/mavlink/lib/x86_64-linux-gnu/pkgconfig:/home/wythe/PWCL_ws/install/mavlink/lib/pkgconfig /usr/bin/cmake --build /home/wythe/PWCL_ws/build/libmavconn -- -j12 -l12
[0.591s] Invoking command in '/home/wythe/PWCL_ws/build/libmavconn': CMAKE_PREFIX_PATH=/home/wythe/PWCL_ws/install/mavlink:/opt/ros/foxy PKG_CONFIG_PATH=/home/wythe/PWCL_ws/install/mavlink/lib/x86_64-linux-gnu/pkgconfig:/home/wythe/PWCL_ws/install/mavlink/lib/pkgconfig /usr/bin/cmake --install /home/wythe/PWCL_ws/build/libmavconn
[0.601s] -- Install configuration: ""
[0.601s] -- Installing: /home/wythe/PWCL_ws/install/libmavconn/lib/libmavconn.so
[0.604s] -- Set runtime path of "/home/wythe/PWCL_ws/install/libmavconn/lib/libmavconn.so" to ""
[0.604s] -- Installing: /home/wythe/PWCL_ws/install/libmavconn/include
[0.604s] -- Installing: /home/wythe/PWCL_ws/install/libmavconn/include/mavconn
[0.604s] -- Installing: /home/wythe/PWCL_ws/install/libmavconn/include/mavconn/interface.hpp
[0.604s] -- Installing: /home/wythe/PWCL_ws/install/libmavconn/include/mavconn/serial.hpp
[0.604s] -- Installing: /home/wythe/PWCL_ws/install/libmavconn/include/mavconn/tcp.hpp
[0.604s] -- Installing: /home/wythe/PWCL_ws/install/libmavconn/include/mavconn/udp.hpp
[0.604s] -- Installing: /home/wythe/PWCL_ws/install/libmavconn/include/mavconn/thread_utils.hpp
[0.604s] -- Installing: /home/wythe/PWCL_ws/install/libmavconn/include/mavconn/mavlink_dialect.hpp
[0.604s] -- Installing: /home/wythe/PWCL_ws/install/libmavconn/include/mavconn/msgbuffer.hpp
[0.605s] -- Installing: /home/wythe/PWCL_ws/install/libmavconn/include/mavconn/console_bridge_compat.hpp
[0.605s] -- Installing: /home/wythe/PWCL_ws/install/libmavconn/include/mavconn/mavlink_dialect.hpp.em
[0.605s] -- Up-to-date: /home/wythe/PWCL_ws/install/libmavconn/include/mavconn
[0.605s] -- Up-to-date: /home/wythe/PWCL_ws/install/libmavconn/include/mavconn/mavlink_dialect.hpp
[0.605s] -- Installing: /home/wythe/PWCL_ws/install/libmavconn/share/libmavconn/cmake
[0.605s] -- Installing: /home/wythe/PWCL_ws/install/libmavconn/share/libmavconn/cmake/Modules
[0.605s] -- Installing: /home/wythe/PWCL_ws/install/libmavconn/share/libmavconn/cmake/Modules/em_expand.cmake
[0.605s] -- Installing: /home/wythe/PWCL_ws/install/libmavconn/share/libmavconn/cmake/Modules/FindASIO.cmake
[0.606s] -- Installing: /home/wythe/PWCL_ws/install/libmavconn/share/libmavconn/cmake/Modules/CheckGeographicLibDatasets.cmake
[0.606s] -- Installing: /home/wythe/PWCL_ws/install/libmavconn/share/libmavconn/environment/library_path.sh
[0.606s] -- Installing: /home/wythe/PWCL_ws/install/libmavconn/share/libmavconn/environment/library_path.dsv
[0.606s] -- Installing: /home/wythe/PWCL_ws/install/libmavconn/share/ament_index/resource_index/package_run_dependencies/libmavconn
[0.606s] -- Installing: /home/wythe/PWCL_ws/install/libmavconn/share/ament_index/resource_index/parent_prefix_path/libmavconn
[0.606s] -- Installing: /home/wythe/PWCL_ws/install/libmavconn/share/libmavconn/environment/ament_prefix_path.sh
[0.606s] -- Installing: /home/wythe/PWCL_ws/install/libmavconn/share/libmavconn/environment/ament_prefix_path.dsv
[0.606s] -- Installing: /home/wythe/PWCL_ws/install/libmavconn/share/libmavconn/environment/path.sh
[0.607s] -- Installing: /home/wythe/PWCL_ws/install/libmavconn/share/libmavconn/environment/path.dsv
[0.607s] -- Installing: /home/wythe/PWCL_ws/install/libmavconn/share/libmavconn/local_setup.bash
[0.607s] -- Installing: /home/wythe/PWCL_ws/install/libmavconn/share/libmavconn/local_setup.sh
[0.607s] -- Installing: /home/wythe/PWCL_ws/install/libmavconn/share/libmavconn/local_setup.zsh
[0.607s] -- Installing: /home/wythe/PWCL_ws/install/libmavconn/share/libmavconn/local_setup.dsv
[0.607s] -- Installing: /home/wythe/PWCL_ws/install/libmavconn/share/libmavconn/package.dsv
[0.607s] -- Installing: /home/wythe/PWCL_ws/install/libmavconn/share/ament_index/resource_index/packages/libmavconn
[0.607s] -- Installing: /home/wythe/PWCL_ws/install/libmavconn/share/libmavconn/cmake/libmavconn-extras.cmake
[0.607s] -- Installing: /home/wythe/PWCL_ws/install/libmavconn/share/libmavconn/cmake/ament_cmake_export_dependencies-extras.cmake
[0.607s] -- Installing: /home/wythe/PWCL_ws/install/libmavconn/share/libmavconn/cmake/ament_cmake_export_include_directories-extras.cmake
[0.608s] -- Installing: /home/wythe/PWCL_ws/install/libmavconn/share/libmavconn/cmake/ament_cmake_export_libraries-extras.cmake
[0.608s] -- Installing: /home/wythe/PWCL_ws/install/libmavconn/share/libmavconn/cmake/libmavconnConfig.cmake
[0.608s] -- Installing: /home/wythe/PWCL_ws/install/libmavconn/share/libmavconn/cmake/libmavconnConfig-version.cmake
[0.608s] -- Installing: /home/wythe/PWCL_ws/install/libmavconn/share/libmavconn/package.xml
[0.611s] Invoked command in '/home/wythe/PWCL_ws/build/libmavconn' returned '0': CMAKE_PREFIX_PATH=/home/wythe/PWCL_ws/install/mavlink:/opt/ros/foxy PKG_CONFIG_PATH=/home/wythe/PWCL_ws/install/mavlink/lib/x86_64-linux-gnu/pkgconfig:/home/wythe/PWCL_ws/install/mavlink/lib/pkgconfig /usr/bin/cmake --install /home/wythe/PWCL_ws/build/libmavconn
