[2.386s] DEBUG:colcon:Command line arguments: ['/usr/bin/colcon', 'build']
[2.386s] DEBUG:colcon:Parsed command line arguments: Namespace(allow_overriding=[], ament_cmake_args=None, base_paths=['.'], build_base='build', catkin_cmake_args=None, catkin_skip_building_tests=False, cmake_args=None, cmake_clean_cache=False, cmake_clean_first=False, cmake_force_configure=False, cmake_target=None, cmake_target_skip_unavailable=False, continue_on_error=False, event_handlers=None, executor='parallel', ignore_user_meta=False, install_base='install', log_base=None, log_level=None, main=<bound method BuildVerb.main of <colcon_core.verb.build.BuildVerb object at 0x7ff2d0b8b700>>, merge_install=False, metas=['./colcon.meta'], packages_above=None, packages_above_and_dependencies=None, packages_above_depth=None, packages_end=None, packages_ignore=None, packages_ignore_regex=None, packages_select=None, packages_select_build_failed=False, packages_select_by_dep=None, packages_select_regex=None, packages_select_test_failures=False, packages_skip=None, packages_skip_build_finished=False, packages_skip_by_dep=None, packages_skip_regex=None, packages_skip_test_passed=False, packages_skip_up_to=None, packages_start=None, packages_up_to=None, packages_up_to_regex=None, parallel_workers=12, paths=None, symlink_install=False, test_result_base=None, verb_extension=<colcon_core.verb.build.BuildVerb object at 0x7ff2d0b8b700>, verb_name='build', verb_parser=<colcon_defaults.argument_parser.defaults.DefaultArgumentsDecorator object at 0x7ff2d08c2880>)
[2.513s] Level 1:colcon.colcon_core.package_discovery:discover_packages(colcon_meta) check parameters
[2.513s] Level 1:colcon.colcon_core.package_discovery:discover_packages(recursive) check parameters
[2.513s] Level 1:colcon.colcon_core.package_discovery:discover_packages(ignore) check parameters
[2.513s] Level 1:colcon.colcon_core.package_discovery:discover_packages(path) check parameters
[2.513s] Level 1:colcon.colcon_core.package_discovery:discover_packages(colcon_meta) discover
[2.513s] Level 1:colcon.colcon_core.package_discovery:discover_packages(recursive) discover
[2.514s] INFO:colcon.colcon_core.package_discovery:Crawling recursively for packages in '/home/wythe/PWCL_ws'
[2.514s] Level 1:colcon.colcon_core.package_identification:_identify(.) by extensions ['ignore', 'ignore_ament_install']
[2.514s] Level 1:colcon.colcon_core.package_identification:_identify(.) by extension 'ignore'
[2.514s] Level 1:colcon.colcon_core.package_identification:_identify(.) by extension 'ignore_ament_install'
[2.514s] Level 1:colcon.colcon_core.package_identification:_identify(.) by extensions ['colcon_pkg']
[2.514s] Level 1:colcon.colcon_core.package_identification:_identify(.) by extension 'colcon_pkg'
[2.514s] Level 1:colcon.colcon_core.package_identification:_identify(.) by extensions ['colcon_meta']
[2.514s] Level 1:colcon.colcon_core.package_identification:_identify(.) by extension 'colcon_meta'
[2.514s] Level 1:colcon.colcon_core.package_identification:_identify(.) by extensions ['ros']
[2.514s] Level 1:colcon.colcon_core.package_identification:_identify(.) by extension 'ros'
[2.524s] Level 1:colcon.colcon_core.package_identification:_identify(.) by extensions ['cmake', 'python']
[2.524s] Level 1:colcon.colcon_core.package_identification:_identify(.) by extension 'cmake'
[2.524s] Level 1:colcon.colcon_core.package_identification:_identify(.) by extension 'python'
[2.524s] Level 1:colcon.colcon_core.package_identification:_identify(.) by extensions ['python_setup_py']
[2.524s] Level 1:colcon.colcon_core.package_identification:_identify(.) by extension 'python_setup_py'
[2.524s] Level 1:colcon.colcon_core.package_identification:_identify(Node) by extensions ['ignore', 'ignore_ament_install']
[2.524s] Level 1:colcon.colcon_core.package_identification:_identify(Node) by extension 'ignore'
[2.524s] Level 1:colcon.colcon_core.package_identification:_identify(Node) by extension 'ignore_ament_install'
[2.524s] Level 1:colcon.colcon_core.package_identification:_identify(Node) by extensions ['colcon_pkg']
[2.524s] Level 1:colcon.colcon_core.package_identification:_identify(Node) by extension 'colcon_pkg'
[2.524s] Level 1:colcon.colcon_core.package_identification:_identify(Node) by extensions ['colcon_meta']
[2.524s] Level 1:colcon.colcon_core.package_identification:_identify(Node) by extension 'colcon_meta'
[2.524s] Level 1:colcon.colcon_core.package_identification:_identify(Node) by extensions ['ros']
[2.524s] Level 1:colcon.colcon_core.package_identification:_identify(Node) by extension 'ros'
[2.524s] Level 1:colcon.colcon_core.package_identification:_identify(Node) by extensions ['cmake', 'python']
[2.524s] Level 1:colcon.colcon_core.package_identification:_identify(Node) by extension 'cmake'
[2.524s] Level 1:colcon.colcon_core.package_identification:_identify(Node) by extension 'python'
[2.524s] Level 1:colcon.colcon_core.package_identification:_identify(Node) by extensions ['python_setup_py']
[2.525s] Level 1:colcon.colcon_core.package_identification:_identify(Node) by extension 'python_setup_py'
[2.525s] Level 1:colcon.colcon_core.package_identification:_identify(Node/__pycache__) by extensions ['ignore', 'ignore_ament_install']
[2.525s] Level 1:colcon.colcon_core.package_identification:_identify(Node/__pycache__) by extension 'ignore'
[2.525s] Level 1:colcon.colcon_core.package_identification:_identify(Node/__pycache__) by extension 'ignore_ament_install'
[2.525s] Level 1:colcon.colcon_core.package_identification:_identify(Node/__pycache__) by extensions ['colcon_pkg']
[2.525s] Level 1:colcon.colcon_core.package_identification:_identify(Node/__pycache__) by extension 'colcon_pkg'
[2.525s] Level 1:colcon.colcon_core.package_identification:_identify(Node/__pycache__) by extensions ['colcon_meta']
[2.525s] Level 1:colcon.colcon_core.package_identification:_identify(Node/__pycache__) by extension 'colcon_meta'
[2.525s] Level 1:colcon.colcon_core.package_identification:_identify(Node/__pycache__) by extensions ['ros']
[2.525s] Level 1:colcon.colcon_core.package_identification:_identify(Node/__pycache__) by extension 'ros'
[2.525s] Level 1:colcon.colcon_core.package_identification:_identify(Node/__pycache__) by extensions ['cmake', 'python']
[2.525s] Level 1:colcon.colcon_core.package_identification:_identify(Node/__pycache__) by extension 'cmake'
[2.525s] Level 1:colcon.colcon_core.package_identification:_identify(Node/__pycache__) by extension 'python'
[2.525s] Level 1:colcon.colcon_core.package_identification:_identify(Node/__pycache__) by extensions ['python_setup_py']
[2.525s] Level 1:colcon.colcon_core.package_identification:_identify(Node/__pycache__) by extension 'python_setup_py'
[2.526s] Level 1:colcon.colcon_core.package_identification:_identify(RTK) by extensions ['ignore', 'ignore_ament_install']
[2.526s] Level 1:colcon.colcon_core.package_identification:_identify(RTK) by extension 'ignore'
[2.526s] Level 1:colcon.colcon_core.package_identification:_identify(RTK) by extension 'ignore_ament_install'
[2.526s] Level 1:colcon.colcon_core.package_identification:_identify(RTK) by extensions ['colcon_pkg']
[2.526s] Level 1:colcon.colcon_core.package_identification:_identify(RTK) by extension 'colcon_pkg'
[2.526s] Level 1:colcon.colcon_core.package_identification:_identify(RTK) by extensions ['colcon_meta']
[2.526s] Level 1:colcon.colcon_core.package_identification:_identify(RTK) by extension 'colcon_meta'
[2.526s] Level 1:colcon.colcon_core.package_identification:_identify(RTK) by extensions ['ros']
[2.526s] Level 1:colcon.colcon_core.package_identification:_identify(RTK) by extension 'ros'
[2.526s] Level 1:colcon.colcon_core.package_identification:_identify(RTK) by extensions ['cmake', 'python']
[2.526s] Level 1:colcon.colcon_core.package_identification:_identify(RTK) by extension 'cmake'
[2.526s] Level 1:colcon.colcon_core.package_identification:_identify(RTK) by extension 'python'
[2.526s] Level 1:colcon.colcon_core.package_identification:_identify(RTK) by extensions ['python_setup_py']
[2.527s] Level 1:colcon.colcon_core.package_identification:_identify(RTK) by extension 'python_setup_py'
[2.527s] Level 1:colcon.colcon_core.package_identification:_identify(RTSP) by extensions ['ignore', 'ignore_ament_install']
[2.527s] Level 1:colcon.colcon_core.package_identification:_identify(RTSP) by extension 'ignore'
[2.527s] Level 1:colcon.colcon_core.package_identification:_identify(RTSP) by extension 'ignore_ament_install'
[2.527s] Level 1:colcon.colcon_core.package_identification:_identify(RTSP) by extensions ['colcon_pkg']
[2.527s] Level 1:colcon.colcon_core.package_identification:_identify(RTSP) by extension 'colcon_pkg'
[2.527s] Level 1:colcon.colcon_core.package_identification:_identify(RTSP) by extensions ['colcon_meta']
[2.527s] Level 1:colcon.colcon_core.package_identification:_identify(RTSP) by extension 'colcon_meta'
[2.527s] Level 1:colcon.colcon_core.package_identification:_identify(RTSP) by extensions ['ros']
[2.527s] Level 1:colcon.colcon_core.package_identification:_identify(RTSP) by extension 'ros'
[2.527s] Level 1:colcon.colcon_core.package_identification:_identify(RTSP) by extensions ['cmake', 'python']
[2.527s] Level 1:colcon.colcon_core.package_identification:_identify(RTSP) by extension 'cmake'
[2.527s] Level 1:colcon.colcon_core.package_identification:_identify(RTSP) by extension 'python'
[2.527s] Level 1:colcon.colcon_core.package_identification:_identify(RTSP) by extensions ['python_setup_py']
[2.527s] Level 1:colcon.colcon_core.package_identification:_identify(RTSP) by extension 'python_setup_py'
[2.528s] Level 1:colcon.colcon_core.package_identification:_identify(build) by extensions ['ignore', 'ignore_ament_install']
[2.528s] Level 1:colcon.colcon_core.package_identification:_identify(build) by extension 'ignore'
[2.528s] Level 1:colcon.colcon_core.package_identification:_identify(build) ignored
[2.528s] Level 1:colcon.colcon_core.package_identification:_identify(install) by extensions ['ignore', 'ignore_ament_install']
[2.528s] Level 1:colcon.colcon_core.package_identification:_identify(install) by extension 'ignore'
[2.528s] Level 1:colcon.colcon_core.package_identification:_identify(install) ignored
[2.528s] Level 1:colcon.colcon_core.package_identification:_identify(log) by extensions ['ignore', 'ignore_ament_install']
[2.528s] Level 1:colcon.colcon_core.package_identification:_identify(log) by extension 'ignore'
[2.528s] Level 1:colcon.colcon_core.package_identification:_identify(log) ignored
[2.528s] Level 1:colcon.colcon_core.package_identification:_identify(mission) by extensions ['ignore', 'ignore_ament_install']
[2.529s] Level 1:colcon.colcon_core.package_identification:_identify(mission) by extension 'ignore'
[2.529s] Level 1:colcon.colcon_core.package_identification:_identify(mission) by extension 'ignore_ament_install'
[2.529s] Level 1:colcon.colcon_core.package_identification:_identify(mission) by extensions ['colcon_pkg']
[2.529s] Level 1:colcon.colcon_core.package_identification:_identify(mission) by extension 'colcon_pkg'
[2.529s] Level 1:colcon.colcon_core.package_identification:_identify(mission) by extensions ['colcon_meta']
[2.529s] Level 1:colcon.colcon_core.package_identification:_identify(mission) by extension 'colcon_meta'
[2.529s] Level 1:colcon.colcon_core.package_identification:_identify(mission) by extensions ['ros']
[2.529s] Level 1:colcon.colcon_core.package_identification:_identify(mission) by extension 'ros'
[2.529s] Level 1:colcon.colcon_core.package_identification:_identify(mission) by extensions ['cmake', 'python']
[2.529s] Level 1:colcon.colcon_core.package_identification:_identify(mission) by extension 'cmake'
[2.529s] Level 1:colcon.colcon_core.package_identification:_identify(mission) by extension 'python'
[2.529s] Level 1:colcon.colcon_core.package_identification:_identify(mission) by extensions ['python_setup_py']
[2.529s] Level 1:colcon.colcon_core.package_identification:_identify(mission) by extension 'python_setup_py'
[2.529s] Level 1:colcon.colcon_core.package_identification:_identify(src) by extensions ['ignore', 'ignore_ament_install']
[2.529s] Level 1:colcon.colcon_core.package_identification:_identify(src) by extension 'ignore'
[2.529s] Level 1:colcon.colcon_core.package_identification:_identify(src) by extension 'ignore_ament_install'
[2.530s] Level 1:colcon.colcon_core.package_identification:_identify(src) by extensions ['colcon_pkg']
[2.530s] Level 1:colcon.colcon_core.package_identification:_identify(src) by extension 'colcon_pkg'
[2.530s] Level 1:colcon.colcon_core.package_identification:_identify(src) by extensions ['colcon_meta']
[2.530s] Level 1:colcon.colcon_core.package_identification:_identify(src) by extension 'colcon_meta'
[2.530s] Level 1:colcon.colcon_core.package_identification:_identify(src) by extensions ['ros']
[2.530s] Level 1:colcon.colcon_core.package_identification:_identify(src) by extension 'ros'
[2.530s] Level 1:colcon.colcon_core.package_identification:_identify(src) by extensions ['cmake', 'python']
[2.530s] Level 1:colcon.colcon_core.package_identification:_identify(src) by extension 'cmake'
[2.530s] Level 1:colcon.colcon_core.package_identification:_identify(src) by extension 'python'
[2.530s] Level 1:colcon.colcon_core.package_identification:_identify(src) by extensions ['python_setup_py']
[2.530s] Level 1:colcon.colcon_core.package_identification:_identify(src) by extension 'python_setup_py'
[2.530s] Level 1:colcon.colcon_core.package_identification:_identify(src/mavlink) by extensions ['ignore', 'ignore_ament_install']
[2.530s] Level 1:colcon.colcon_core.package_identification:_identify(src/mavlink) by extension 'ignore'
[2.530s] Level 1:colcon.colcon_core.package_identification:_identify(src/mavlink) by extension 'ignore_ament_install'
[2.530s] Level 1:colcon.colcon_core.package_identification:_identify(src/mavlink) by extensions ['colcon_pkg']
[2.531s] Level 1:colcon.colcon_core.package_identification:_identify(src/mavlink) by extension 'colcon_pkg'
[2.531s] Level 1:colcon.colcon_core.package_identification:_identify(src/mavlink) by extensions ['colcon_meta']
[2.531s] Level 1:colcon.colcon_core.package_identification:_identify(src/mavlink) by extension 'colcon_meta'
[2.531s] Level 1:colcon.colcon_core.package_identification:_identify(src/mavlink) by extensions ['ros']
[2.531s] Level 1:colcon.colcon_core.package_identification:_identify(src/mavlink) by extension 'ros'
[2.537s] DEBUG:colcon.colcon_core.package_identification:Package 'src/mavlink' with type 'ros.cmake' and name 'mavlink'
[2.537s] Level 1:colcon.colcon_core.package_identification:_identify(src/mavros) by extensions ['ignore', 'ignore_ament_install']
[2.537s] Level 1:colcon.colcon_core.package_identification:_identify(src/mavros) by extension 'ignore'
[2.537s] Level 1:colcon.colcon_core.package_identification:_identify(src/mavros) by extension 'ignore_ament_install'
[2.537s] Level 1:colcon.colcon_core.package_identification:_identify(src/mavros) by extensions ['colcon_pkg']
[2.537s] Level 1:colcon.colcon_core.package_identification:_identify(src/mavros) by extension 'colcon_pkg'
[2.537s] Level 1:colcon.colcon_core.package_identification:_identify(src/mavros) by extensions ['colcon_meta']
[2.537s] Level 1:colcon.colcon_core.package_identification:_identify(src/mavros) by extension 'colcon_meta'
[2.538s] Level 1:colcon.colcon_core.package_identification:_identify(src/mavros) by extensions ['ros']
[2.538s] Level 1:colcon.colcon_core.package_identification:_identify(src/mavros) by extension 'ros'
[2.538s] Level 1:colcon.colcon_core.package_identification:_identify(src/mavros) by extensions ['cmake', 'python']
[2.538s] Level 1:colcon.colcon_core.package_identification:_identify(src/mavros) by extension 'cmake'
[2.538s] Level 1:colcon.colcon_core.package_identification:_identify(src/mavros) by extension 'python'
[2.538s] Level 1:colcon.colcon_core.package_identification:_identify(src/mavros) by extensions ['python_setup_py']
[2.538s] Level 1:colcon.colcon_core.package_identification:_identify(src/mavros) by extension 'python_setup_py'
[2.538s] Level 1:colcon.colcon_core.package_identification:_identify(src/mavros/libmavconn) by extensions ['ignore', 'ignore_ament_install']
[2.538s] Level 1:colcon.colcon_core.package_identification:_identify(src/mavros/libmavconn) by extension 'ignore'
[2.538s] Level 1:colcon.colcon_core.package_identification:_identify(src/mavros/libmavconn) by extension 'ignore_ament_install'
[2.538s] Level 1:colcon.colcon_core.package_identification:_identify(src/mavros/libmavconn) by extensions ['colcon_pkg']
[2.538s] Level 1:colcon.colcon_core.package_identification:_identify(src/mavros/libmavconn) by extension 'colcon_pkg'
[2.538s] Level 1:colcon.colcon_core.package_identification:_identify(src/mavros/libmavconn) by extensions ['colcon_meta']
[2.538s] Level 1:colcon.colcon_core.package_identification:_identify(src/mavros/libmavconn) by extension 'colcon_meta'
[2.538s] Level 1:colcon.colcon_core.package_identification:_identify(src/mavros/libmavconn) by extensions ['ros']
[2.538s] Level 1:colcon.colcon_core.package_identification:_identify(src/mavros/libmavconn) by extension 'ros'
[2.539s] DEBUG:colcon.colcon_core.package_identification:Package 'src/mavros/libmavconn' with type 'ros.ament_cmake' and name 'libmavconn'
[2.539s] Level 1:colcon.colcon_core.package_identification:_identify(src/mavros/mavros) by extensions ['ignore', 'ignore_ament_install']
[2.539s] Level 1:colcon.colcon_core.package_identification:_identify(src/mavros/mavros) by extension 'ignore'
[2.539s] Level 1:colcon.colcon_core.package_identification:_identify(src/mavros/mavros) by extension 'ignore_ament_install'
[2.539s] Level 1:colcon.colcon_core.package_identification:_identify(src/mavros/mavros) by extensions ['colcon_pkg']
[2.539s] Level 1:colcon.colcon_core.package_identification:_identify(src/mavros/mavros) by extension 'colcon_pkg'
[2.539s] Level 1:colcon.colcon_core.package_identification:_identify(src/mavros/mavros) by extensions ['colcon_meta']
[2.539s] Level 1:colcon.colcon_core.package_identification:_identify(src/mavros/mavros) by extension 'colcon_meta'
[2.539s] Level 1:colcon.colcon_core.package_identification:_identify(src/mavros/mavros) by extensions ['ros']
[2.539s] Level 1:colcon.colcon_core.package_identification:_identify(src/mavros/mavros) by extension 'ros'
[2.542s] DEBUG:colcon.colcon_core.package_identification:Package 'src/mavros/mavros' with type 'ros.ament_cmake' and name 'mavros'
[2.542s] Level 1:colcon.colcon_core.package_identification:_identify(src/mavros/mavros_extras) by extensions ['ignore', 'ignore_ament_install']
[2.543s] Level 1:colcon.colcon_core.package_identification:_identify(src/mavros/mavros_extras) by extension 'ignore'
[2.543s] Level 1:colcon.colcon_core.package_identification:_identify(src/mavros/mavros_extras) by extension 'ignore_ament_install'
[2.543s] Level 1:colcon.colcon_core.package_identification:_identify(src/mavros/mavros_extras) by extensions ['colcon_pkg']
[2.543s] Level 1:colcon.colcon_core.package_identification:_identify(src/mavros/mavros_extras) by extension 'colcon_pkg'
[2.543s] Level 1:colcon.colcon_core.package_identification:_identify(src/mavros/mavros_extras) by extensions ['colcon_meta']
[2.543s] Level 1:colcon.colcon_core.package_identification:_identify(src/mavros/mavros_extras) by extension 'colcon_meta'
[2.543s] Level 1:colcon.colcon_core.package_identification:_identify(src/mavros/mavros_extras) by extensions ['ros']
[2.543s] Level 1:colcon.colcon_core.package_identification:_identify(src/mavros/mavros_extras) by extension 'ros'
[2.548s] DEBUG:colcon.colcon_core.package_identification:Package 'src/mavros/mavros_extras' with type 'ros.ament_cmake' and name 'mavros_extras'
[2.549s] Level 1:colcon.colcon_core.package_identification:_identify(src/mavros/mavros_msgs) by extensions ['ignore', 'ignore_ament_install']
[2.549s] Level 1:colcon.colcon_core.package_identification:_identify(src/mavros/mavros_msgs) by extension 'ignore'
[2.549s] Level 1:colcon.colcon_core.package_identification:_identify(src/mavros/mavros_msgs) by extension 'ignore_ament_install'
[2.549s] Level 1:colcon.colcon_core.package_identification:_identify(src/mavros/mavros_msgs) by extensions ['colcon_pkg']
[2.549s] Level 1:colcon.colcon_core.package_identification:_identify(src/mavros/mavros_msgs) by extension 'colcon_pkg'
[2.549s] Level 1:colcon.colcon_core.package_identification:_identify(src/mavros/mavros_msgs) by extensions ['colcon_meta']
[2.549s] Level 1:colcon.colcon_core.package_identification:_identify(src/mavros/mavros_msgs) by extension 'colcon_meta'
[2.549s] Level 1:colcon.colcon_core.package_identification:_identify(src/mavros/mavros_msgs) by extensions ['ros']
[2.549s] Level 1:colcon.colcon_core.package_identification:_identify(src/mavros/mavros_msgs) by extension 'ros'
[2.550s] DEBUG:colcon.colcon_core.package_identification:Package 'src/mavros/mavros_msgs' with type 'ros.ament_cmake' and name 'mavros_msgs'
[2.550s] Level 1:colcon.colcon_core.package_identification:_identify(src/mavros/test_mavros) by extensions ['ignore', 'ignore_ament_install']
[2.550s] Level 1:colcon.colcon_core.package_identification:_identify(src/mavros/test_mavros) by extension 'ignore'
[2.550s] Level 1:colcon.colcon_core.package_identification:_identify(src/mavros/test_mavros) ignored
[2.550s] Level 1:colcon.colcon_core.package_identification:_identify(src/tutorial_interfaces) by extensions ['ignore', 'ignore_ament_install']
[2.551s] Level 1:colcon.colcon_core.package_identification:_identify(src/tutorial_interfaces) by extension 'ignore'
[2.551s] Level 1:colcon.colcon_core.package_identification:_identify(src/tutorial_interfaces) by extension 'ignore_ament_install'
[2.551s] Level 1:colcon.colcon_core.package_identification:_identify(src/tutorial_interfaces) by extensions ['colcon_pkg']
[2.551s] Level 1:colcon.colcon_core.package_identification:_identify(src/tutorial_interfaces) by extension 'colcon_pkg'
[2.551s] Level 1:colcon.colcon_core.package_identification:_identify(src/tutorial_interfaces) by extensions ['colcon_meta']
[2.551s] Level 1:colcon.colcon_core.package_identification:_identify(src/tutorial_interfaces) by extension 'colcon_meta'
[2.551s] Level 1:colcon.colcon_core.package_identification:_identify(src/tutorial_interfaces) by extensions ['ros']
[2.551s] Level 1:colcon.colcon_core.package_identification:_identify(src/tutorial_interfaces) by extension 'ros'
[2.552s] DEBUG:colcon.colcon_core.package_identification:Package 'src/tutorial_interfaces' with type 'ros.ament_cmake' and name 'tutorial_interfaces'
[2.552s] Level 1:colcon.colcon_core.package_discovery:discover_packages(recursive) using defaults
[2.552s] Level 1:colcon.colcon_core.package_discovery:discover_packages(ignore) discover
[2.552s] Level 1:colcon.colcon_core.package_discovery:discover_packages(ignore) using defaults
[2.552s] Level 1:colcon.colcon_core.package_discovery:discover_packages(path) discover
[2.552s] Level 1:colcon.colcon_core.package_discovery:discover_packages(path) using defaults
[2.793s] Level 1:colcon.colcon_core.package_discovery:discover_packages(prefix_path) check parameters
[2.793s] Level 1:colcon.colcon_core.package_discovery:discover_packages(prefix_path) discover
[2.873s] DEBUG:colcon.colcon_installed_package_information.package_discovery:Found 262 installed packages in /opt/ros/foxy
[2.874s] Level 1:colcon.colcon_core.package_discovery:discover_packages(prefix_path) using defaults
[3.042s] Level 5:colcon.colcon_core.verb:set package 'mavlink' build argument 'cmake_args' from command line to 'None'
[3.042s] Level 5:colcon.colcon_core.verb:set package 'mavlink' build argument 'cmake_target' from command line to 'None'
[3.042s] Level 5:colcon.colcon_core.verb:set package 'mavlink' build argument 'cmake_target_skip_unavailable' from command line to 'False'
[3.042s] Level 5:colcon.colcon_core.verb:set package 'mavlink' build argument 'cmake_clean_cache' from command line to 'False'
[3.042s] Level 5:colcon.colcon_core.verb:set package 'mavlink' build argument 'cmake_clean_first' from command line to 'False'
[3.042s] Level 5:colcon.colcon_core.verb:set package 'mavlink' build argument 'cmake_force_configure' from command line to 'False'
[3.042s] Level 5:colcon.colcon_core.verb:set package 'mavlink' build argument 'ament_cmake_args' from command line to 'None'
[3.042s] Level 5:colcon.colcon_core.verb:set package 'mavlink' build argument 'catkin_cmake_args' from command line to 'None'
[3.043s] Level 5:colcon.colcon_core.verb:set package 'mavlink' build argument 'catkin_skip_building_tests' from command line to 'False'
[3.043s] DEBUG:colcon.colcon_core.verb:Building package 'mavlink' with the following arguments: {'ament_cmake_args': None, 'build_base': '/home/wythe/PWCL_ws/build/mavlink', 'catkin_cmake_args': None, 'catkin_skip_building_tests': False, 'cmake_args': None, 'cmake_clean_cache': False, 'cmake_clean_first': False, 'cmake_force_configure': False, 'cmake_target': None, 'cmake_target_skip_unavailable': False, 'install_base': '/home/wythe/PWCL_ws/install/mavlink', 'merge_install': False, 'path': '/home/wythe/PWCL_ws/src/mavlink', 'symlink_install': False, 'test_result_base': None}
[3.082s] Level 5:colcon.colcon_core.verb:set package 'mavros_msgs' build argument 'cmake_args' from command line to 'None'
[3.082s] Level 5:colcon.colcon_core.verb:set package 'mavros_msgs' build argument 'cmake_target' from command line to 'None'
[3.082s] Level 5:colcon.colcon_core.verb:set package 'mavros_msgs' build argument 'cmake_target_skip_unavailable' from command line to 'False'
[3.082s] Level 5:colcon.colcon_core.verb:set package 'mavros_msgs' build argument 'cmake_clean_cache' from command line to 'False'
[3.082s] Level 5:colcon.colcon_core.verb:set package 'mavros_msgs' build argument 'cmake_clean_first' from command line to 'False'
[3.082s] Level 5:colcon.colcon_core.verb:set package 'mavros_msgs' build argument 'cmake_force_configure' from command line to 'False'
[3.082s] Level 5:colcon.colcon_core.verb:set package 'mavros_msgs' build argument 'ament_cmake_args' from command line to 'None'
[3.082s] Level 5:colcon.colcon_core.verb:set package 'mavros_msgs' build argument 'catkin_cmake_args' from command line to 'None'
[3.082s] Level 5:colcon.colcon_core.verb:set package 'mavros_msgs' build argument 'catkin_skip_building_tests' from command line to 'False'
[3.082s] DEBUG:colcon.colcon_core.verb:Building package 'mavros_msgs' with the following arguments: {'ament_cmake_args': None, 'build_base': '/home/wythe/PWCL_ws/build/mavros_msgs', 'catkin_cmake_args': None, 'catkin_skip_building_tests': False, 'cmake_args': None, 'cmake_clean_cache': False, 'cmake_clean_first': False, 'cmake_force_configure': False, 'cmake_target': None, 'cmake_target_skip_unavailable': False, 'install_base': '/home/wythe/PWCL_ws/install/mavros_msgs', 'merge_install': False, 'path': '/home/wythe/PWCL_ws/src/mavros/mavros_msgs', 'symlink_install': False, 'test_result_base': None}
[3.122s] Level 5:colcon.colcon_core.verb:set package 'tutorial_interfaces' build argument 'cmake_args' from command line to 'None'
[3.122s] Level 5:colcon.colcon_core.verb:set package 'tutorial_interfaces' build argument 'cmake_target' from command line to 'None'
[3.122s] Level 5:colcon.colcon_core.verb:set package 'tutorial_interfaces' build argument 'cmake_target_skip_unavailable' from command line to 'False'
[3.122s] Level 5:colcon.colcon_core.verb:set package 'tutorial_interfaces' build argument 'cmake_clean_cache' from command line to 'False'
[3.122s] Level 5:colcon.colcon_core.verb:set package 'tutorial_interfaces' build argument 'cmake_clean_first' from command line to 'False'
[3.122s] Level 5:colcon.colcon_core.verb:set package 'tutorial_interfaces' build argument 'cmake_force_configure' from command line to 'False'
[3.122s] Level 5:colcon.colcon_core.verb:set package 'tutorial_interfaces' build argument 'ament_cmake_args' from command line to 'None'
[3.122s] Level 5:colcon.colcon_core.verb:set package 'tutorial_interfaces' build argument 'catkin_cmake_args' from command line to 'None'
[3.122s] Level 5:colcon.colcon_core.verb:set package 'tutorial_interfaces' build argument 'catkin_skip_building_tests' from command line to 'False'
[3.122s] DEBUG:colcon.colcon_core.verb:Building package 'tutorial_interfaces' with the following arguments: {'ament_cmake_args': None, 'build_base': '/home/wythe/PWCL_ws/build/tutorial_interfaces', 'catkin_cmake_args': None, 'catkin_skip_building_tests': False, 'cmake_args': None, 'cmake_clean_cache': False, 'cmake_clean_first': False, 'cmake_force_configure': False, 'cmake_target': None, 'cmake_target_skip_unavailable': False, 'install_base': '/home/wythe/PWCL_ws/install/tutorial_interfaces', 'merge_install': False, 'path': '/home/wythe/PWCL_ws/src/tutorial_interfaces', 'symlink_install': False, 'test_result_base': None}
[3.161s] Level 5:colcon.colcon_core.verb:set package 'libmavconn' build argument 'cmake_args' from command line to 'None'
[3.161s] Level 5:colcon.colcon_core.verb:set package 'libmavconn' build argument 'cmake_target' from command line to 'None'
[3.161s] Level 5:colcon.colcon_core.verb:set package 'libmavconn' build argument 'cmake_target_skip_unavailable' from command line to 'False'
[3.161s] Level 5:colcon.colcon_core.verb:set package 'libmavconn' build argument 'cmake_clean_cache' from command line to 'False'
[3.161s] Level 5:colcon.colcon_core.verb:set package 'libmavconn' build argument 'cmake_clean_first' from command line to 'False'
[3.161s] Level 5:colcon.colcon_core.verb:set package 'libmavconn' build argument 'cmake_force_configure' from command line to 'False'
[3.161s] Level 5:colcon.colcon_core.verb:set package 'libmavconn' build argument 'ament_cmake_args' from command line to 'None'
[3.161s] Level 5:colcon.colcon_core.verb:set package 'libmavconn' build argument 'catkin_cmake_args' from command line to 'None'
[3.161s] Level 5:colcon.colcon_core.verb:set package 'libmavconn' build argument 'catkin_skip_building_tests' from command line to 'False'
[3.162s] DEBUG:colcon.colcon_core.verb:Building package 'libmavconn' with the following arguments: {'ament_cmake_args': None, 'build_base': '/home/wythe/PWCL_ws/build/libmavconn', 'catkin_cmake_args': None, 'catkin_skip_building_tests': False, 'cmake_args': None, 'cmake_clean_cache': False, 'cmake_clean_first': False, 'cmake_force_configure': False, 'cmake_target': None, 'cmake_target_skip_unavailable': False, 'install_base': '/home/wythe/PWCL_ws/install/libmavconn', 'merge_install': False, 'path': '/home/wythe/PWCL_ws/src/mavros/libmavconn', 'symlink_install': False, 'test_result_base': None}
[3.201s] Level 5:colcon.colcon_core.verb:set package 'mavros' build argument 'cmake_args' from command line to 'None'
[3.201s] Level 5:colcon.colcon_core.verb:set package 'mavros' build argument 'cmake_target' from command line to 'None'
[3.201s] Level 5:colcon.colcon_core.verb:set package 'mavros' build argument 'cmake_target_skip_unavailable' from command line to 'False'
[3.201s] Level 5:colcon.colcon_core.verb:set package 'mavros' build argument 'cmake_clean_cache' from command line to 'False'
[3.201s] Level 5:colcon.colcon_core.verb:set package 'mavros' build argument 'cmake_clean_first' from command line to 'False'
[3.201s] Level 5:colcon.colcon_core.verb:set package 'mavros' build argument 'cmake_force_configure' from command line to 'False'
[3.201s] Level 5:colcon.colcon_core.verb:set package 'mavros' build argument 'ament_cmake_args' from command line to 'None'
[3.201s] Level 5:colcon.colcon_core.verb:set package 'mavros' build argument 'catkin_cmake_args' from command line to 'None'
[3.201s] Level 5:colcon.colcon_core.verb:set package 'mavros' build argument 'catkin_skip_building_tests' from command line to 'False'
[3.201s] DEBUG:colcon.colcon_core.verb:Building package 'mavros' with the following arguments: {'ament_cmake_args': None, 'build_base': '/home/wythe/PWCL_ws/build/mavros', 'catkin_cmake_args': None, 'catkin_skip_building_tests': False, 'cmake_args': None, 'cmake_clean_cache': False, 'cmake_clean_first': False, 'cmake_force_configure': False, 'cmake_target': None, 'cmake_target_skip_unavailable': False, 'install_base': '/home/wythe/PWCL_ws/install/mavros', 'merge_install': False, 'path': '/home/wythe/PWCL_ws/src/mavros/mavros', 'symlink_install': False, 'test_result_base': None}
[3.240s] Level 5:colcon.colcon_core.verb:set package 'mavros_extras' build argument 'cmake_args' from command line to 'None'
[3.240s] Level 5:colcon.colcon_core.verb:set package 'mavros_extras' build argument 'cmake_target' from command line to 'None'
[3.240s] Level 5:colcon.colcon_core.verb:set package 'mavros_extras' build argument 'cmake_target_skip_unavailable' from command line to 'False'
[3.240s] Level 5:colcon.colcon_core.verb:set package 'mavros_extras' build argument 'cmake_clean_cache' from command line to 'False'
[3.240s] Level 5:colcon.colcon_core.verb:set package 'mavros_extras' build argument 'cmake_clean_first' from command line to 'False'
[3.240s] Level 5:colcon.colcon_core.verb:set package 'mavros_extras' build argument 'cmake_force_configure' from command line to 'False'
[3.240s] Level 5:colcon.colcon_core.verb:set package 'mavros_extras' build argument 'ament_cmake_args' from command line to 'None'
[3.240s] Level 5:colcon.colcon_core.verb:set package 'mavros_extras' build argument 'catkin_cmake_args' from command line to 'None'
[3.240s] Level 5:colcon.colcon_core.verb:set package 'mavros_extras' build argument 'catkin_skip_building_tests' from command line to 'False'
[3.240s] DEBUG:colcon.colcon_core.verb:Building package 'mavros_extras' with the following arguments: {'ament_cmake_args': None, 'build_base': '/home/wythe/PWCL_ws/build/mavros_extras', 'catkin_cmake_args': None, 'catkin_skip_building_tests': False, 'cmake_args': None, 'cmake_clean_cache': False, 'cmake_clean_first': False, 'cmake_force_configure': False, 'cmake_target': None, 'cmake_target_skip_unavailable': False, 'install_base': '/home/wythe/PWCL_ws/install/mavros_extras', 'merge_install': False, 'path': '/home/wythe/PWCL_ws/src/mavros/mavros_extras', 'symlink_install': False, 'test_result_base': None}
[3.279s] INFO:colcon.colcon_core.executor:Executing jobs using 'parallel' executor
[3.319s] DEBUG:colcon.colcon_parallel_executor.executor.parallel:run_until_complete
[3.320s] INFO:colcon.colcon_ros.task.cmake.build:Building ROS package in '/home/wythe/PWCL_ws/src/mavlink' with build type 'cmake'
[3.320s] INFO:colcon.colcon_cmake.task.cmake.build:Building CMake package in '/home/wythe/PWCL_ws/src/mavlink'
[3.368s] INFO:colcon.colcon_core.plugin_system:Skipping extension 'colcon_core.shell.bat': Not used on non-Windows systems
[3.368s] INFO:colcon.colcon_core.shell:Skip shell extension 'powershell' for command environment: Not usable outside of PowerShell
[3.368s] DEBUG:colcon.colcon_core.shell:Skip shell extension 'dsv' for command environment
[3.453s] INFO:colcon.colcon_ros.task.ament_cmake.build:Building ROS package in '/home/wythe/PWCL_ws/src/mavros/mavros_msgs' with build type 'ament_cmake'
[3.454s] INFO:colcon.colcon_cmake.task.cmake.build:Building CMake package in '/home/wythe/PWCL_ws/src/mavros/mavros_msgs'
[3.495s] INFO:colcon.colcon_core.shell:Skip shell extension 'powershell' for command environment: Not usable outside of PowerShell
[3.495s] DEBUG:colcon.colcon_core.shell:Skip shell extension 'dsv' for command environment
[3.581s] INFO:colcon.colcon_ros.task.ament_cmake.build:Building ROS package in '/home/wythe/PWCL_ws/src/tutorial_interfaces' with build type 'ament_cmake'
[3.582s] INFO:colcon.colcon_cmake.task.cmake.build:Building CMake package in '/home/wythe/PWCL_ws/src/tutorial_interfaces'
[3.625s] INFO:colcon.colcon_core.shell:Skip shell extension 'powershell' for command environment: Not usable outside of PowerShell
[3.625s] DEBUG:colcon.colcon_core.shell:Skip shell extension 'dsv' for command environment
[3.721s] DEBUG:colcon.colcon_core.event_handler.log_command:Invoking command in '/home/wythe/PWCL_ws/build/mavlink': CMAKE_PREFIX_PATH=/opt/ros/foxy /usr/bin/cmake /home/wythe/PWCL_ws/src/mavlink -DCMAKE_INSTALL_PREFIX=/home/wythe/PWCL_ws/install/mavlink
[3.725s] DEBUG:colcon.colcon_core.event_handler.log_command:Invoking command in '/home/wythe/PWCL_ws/build/mavros_msgs': CMAKE_PREFIX_PATH=/opt/ros/foxy /usr/bin/cmake /home/wythe/PWCL_ws/src/mavros/mavros_msgs -DCMAKE_INSTALL_PREFIX=/home/wythe/PWCL_ws/install/mavros_msgs
[3.734s] DEBUG:colcon.colcon_core.event_handler.log_command:Invoking command in '/home/wythe/PWCL_ws/build/tutorial_interfaces': CMAKE_PREFIX_PATH=/opt/ros/foxy /usr/bin/cmake --build /home/wythe/PWCL_ws/build/tutorial_interfaces -- -j12 -l12
[3.979s] DEBUG:colcon.colcon_core.event_handler.log_command:Invoked command in '/home/wythe/PWCL_ws/build/mavlink' returned '0': CMAKE_PREFIX_PATH=/opt/ros/foxy /usr/bin/cmake /home/wythe/PWCL_ws/src/mavlink -DCMAKE_INSTALL_PREFIX=/home/wythe/PWCL_ws/install/mavlink
[3.983s] DEBUG:colcon.colcon_core.event_handler.log_command:Invoking command in '/home/wythe/PWCL_ws/build/mavlink': CMAKE_PREFIX_PATH=/opt/ros/foxy /usr/bin/cmake --build /home/wythe/PWCL_ws/build/mavlink -- -j12 -l12
[4.005s] DEBUG:colcon.colcon_core.event_handler.log_command:Invoked command in '/home/wythe/PWCL_ws/build/tutorial_interfaces' returned '0': CMAKE_PREFIX_PATH=/opt/ros/foxy /usr/bin/cmake --build /home/wythe/PWCL_ws/build/tutorial_interfaces -- -j12 -l12
[4.704s] DEBUG:colcon.colcon_core.event_handler.log_command:Invoking command in '/home/wythe/PWCL_ws/build/tutorial_interfaces': CMAKE_PREFIX_PATH=/opt/ros/foxy /usr/bin/cmake --install /home/wythe/PWCL_ws/build/tutorial_interfaces
[4.857s] Level 1:colcon.colcon_core.environment:create_environment_scripts_only(tutorial_interfaces)
[4.858s] DEBUG:colcon.colcon_core.event_handler.log_command:Invoked command in '/home/wythe/PWCL_ws/build/tutorial_interfaces' returned '0': CMAKE_PREFIX_PATH=/opt/ros/foxy /usr/bin/cmake --install /home/wythe/PWCL_ws/build/tutorial_interfaces
[5.122s] Level 1:colcon.colcon_core.environment:checking '/home/wythe/PWCL_ws/install/tutorial_interfaces' for CMake module files
[5.124s] Level 1:colcon.colcon_core.environment:checking '/home/wythe/PWCL_ws/install/tutorial_interfaces' for CMake config files
[5.124s] Level 1:colcon.colcon_core.shell:create_environment_hook('tutorial_interfaces', 'cmake_prefix_path')
[5.326s] INFO:colcon.colcon_core.shell:Creating environment hook '/home/wythe/PWCL_ws/install/tutorial_interfaces/share/tutorial_interfaces/hook/cmake_prefix_path.ps1'
[5.327s] INFO:colcon.colcon_core.shell:Creating environment descriptor '/home/wythe/PWCL_ws/install/tutorial_interfaces/share/tutorial_interfaces/hook/cmake_prefix_path.dsv'
[5.329s] INFO:colcon.colcon_core.shell:Creating environment hook '/home/wythe/PWCL_ws/install/tutorial_interfaces/share/tutorial_interfaces/hook/cmake_prefix_path.sh'
[5.337s] Level 1:colcon.colcon_core.environment:checking '/home/wythe/PWCL_ws/install/tutorial_interfaces/lib'
[5.337s] Level 1:colcon.colcon_core.shell:create_environment_hook('tutorial_interfaces', 'ld_library_path_lib')
[5.589s] INFO:colcon.colcon_core.shell:Creating environment hook '/home/wythe/PWCL_ws/install/tutorial_interfaces/share/tutorial_interfaces/hook/ld_library_path_lib.ps1'
[5.590s] INFO:colcon.colcon_core.shell:Creating environment descriptor '/home/wythe/PWCL_ws/install/tutorial_interfaces/share/tutorial_interfaces/hook/ld_library_path_lib.dsv'
[5.590s] INFO:colcon.colcon_core.shell:Creating environment hook '/home/wythe/PWCL_ws/install/tutorial_interfaces/share/tutorial_interfaces/hook/ld_library_path_lib.sh'
[5.592s] Level 1:colcon.colcon_core.environment:checking '/home/wythe/PWCL_ws/install/tutorial_interfaces/bin'
[5.592s] Level 1:colcon.colcon_core.environment:checking '/home/wythe/PWCL_ws/install/tutorial_interfaces/lib/pkgconfig/tutorial_interfaces.pc'
[5.592s] Level 1:colcon.colcon_core.environment:checking '/home/wythe/PWCL_ws/install/tutorial_interfaces/lib/python3.8/site-packages'
[5.592s] Level 1:colcon.colcon_core.shell:create_environment_hook('tutorial_interfaces', 'pythonpath')
[5.807s] INFO:colcon.colcon_core.shell:Creating environment hook '/home/wythe/PWCL_ws/install/tutorial_interfaces/share/tutorial_interfaces/hook/pythonpath.ps1'
[5.811s] INFO:colcon.colcon_core.shell:Creating environment descriptor '/home/wythe/PWCL_ws/install/tutorial_interfaces/share/tutorial_interfaces/hook/pythonpath.dsv'
[5.812s] INFO:colcon.colcon_core.shell:Creating environment hook '/home/wythe/PWCL_ws/install/tutorial_interfaces/share/tutorial_interfaces/hook/pythonpath.sh'
[5.813s] Level 1:colcon.colcon_core.environment:checking '/home/wythe/PWCL_ws/install/tutorial_interfaces/bin'
[6.088s] INFO:colcon.colcon_core.shell:Creating package script '/home/wythe/PWCL_ws/install/tutorial_interfaces/share/tutorial_interfaces/package.ps1'
[6.102s] INFO:colcon.colcon_core.shell:Creating package descriptor '/home/wythe/PWCL_ws/install/tutorial_interfaces/share/tutorial_interfaces/package.dsv'
[6.103s] INFO:colcon.colcon_core.shell:Creating package script '/home/wythe/PWCL_ws/install/tutorial_interfaces/share/tutorial_interfaces/package.sh'
[6.105s] INFO:colcon.colcon_core.shell:Creating package script '/home/wythe/PWCL_ws/install/tutorial_interfaces/share/tutorial_interfaces/package.bash'
[6.108s] INFO:colcon.colcon_core.shell:Creating package script '/home/wythe/PWCL_ws/install/tutorial_interfaces/share/tutorial_interfaces/package.zsh'
[6.115s] Level 1:colcon.colcon_core.environment:create_file_with_runtime_dependencies(/home/wythe/PWCL_ws/install/tutorial_interfaces/share/colcon-core/packages/tutorial_interfaces)
[6.780s] Level 1:colcon.colcon_core.environment:create_environment_scripts_only(tutorial_interfaces)
[6.922s] Level 1:colcon.colcon_core.environment:checking '/home/wythe/PWCL_ws/install/tutorial_interfaces' for CMake module files
[6.926s] Level 1:colcon.colcon_core.environment:checking '/home/wythe/PWCL_ws/install/tutorial_interfaces' for CMake config files
[6.927s] Level 1:colcon.colcon_core.shell:create_environment_hook('tutorial_interfaces', 'cmake_prefix_path')
[7.092s] INFO:colcon.colcon_core.shell:Creating environment hook '/home/wythe/PWCL_ws/install/tutorial_interfaces/share/tutorial_interfaces/hook/cmake_prefix_path.ps1'
[7.094s] INFO:colcon.colcon_core.shell:Creating environment descriptor '/home/wythe/PWCL_ws/install/tutorial_interfaces/share/tutorial_interfaces/hook/cmake_prefix_path.dsv'
[7.094s] INFO:colcon.colcon_core.shell:Creating environment hook '/home/wythe/PWCL_ws/install/tutorial_interfaces/share/tutorial_interfaces/hook/cmake_prefix_path.sh'
[7.095s] Level 1:colcon.colcon_core.environment:checking '/home/wythe/PWCL_ws/install/tutorial_interfaces/lib'
[7.095s] Level 1:colcon.colcon_core.shell:create_environment_hook('tutorial_interfaces', 'ld_library_path_lib')
[7.181s] INFO:colcon.colcon_core.shell:Creating environment hook '/home/wythe/PWCL_ws/install/tutorial_interfaces/share/tutorial_interfaces/hook/ld_library_path_lib.ps1'
[7.182s] INFO:colcon.colcon_core.shell:Creating environment descriptor '/home/wythe/PWCL_ws/install/tutorial_interfaces/share/tutorial_interfaces/hook/ld_library_path_lib.dsv'
[7.182s] INFO:colcon.colcon_core.shell:Creating environment hook '/home/wythe/PWCL_ws/install/tutorial_interfaces/share/tutorial_interfaces/hook/ld_library_path_lib.sh'
[7.183s] Level 1:colcon.colcon_core.environment:checking '/home/wythe/PWCL_ws/install/tutorial_interfaces/bin'
[7.183s] Level 1:colcon.colcon_core.environment:checking '/home/wythe/PWCL_ws/install/tutorial_interfaces/lib/pkgconfig/tutorial_interfaces.pc'
[7.184s] Level 1:colcon.colcon_core.environment:checking '/home/wythe/PWCL_ws/install/tutorial_interfaces/lib/python3.8/site-packages'
[7.184s] Level 1:colcon.colcon_core.shell:create_environment_hook('tutorial_interfaces', 'pythonpath')
[7.268s] INFO:colcon.colcon_core.shell:Creating environment hook '/home/wythe/PWCL_ws/install/tutorial_interfaces/share/tutorial_interfaces/hook/pythonpath.ps1'
[7.268s] INFO:colcon.colcon_core.shell:Creating environment descriptor '/home/wythe/PWCL_ws/install/tutorial_interfaces/share/tutorial_interfaces/hook/pythonpath.dsv'
[7.269s] INFO:colcon.colcon_core.shell:Creating environment hook '/home/wythe/PWCL_ws/install/tutorial_interfaces/share/tutorial_interfaces/hook/pythonpath.sh'
[7.270s] Level 1:colcon.colcon_core.environment:checking '/home/wythe/PWCL_ws/install/tutorial_interfaces/bin'
[7.359s] INFO:colcon.colcon_core.shell:Creating package script '/home/wythe/PWCL_ws/install/tutorial_interfaces/share/tutorial_interfaces/package.ps1'
[7.361s] INFO:colcon.colcon_core.shell:Creating package descriptor '/home/wythe/PWCL_ws/install/tutorial_interfaces/share/tutorial_interfaces/package.dsv'
[7.362s] INFO:colcon.colcon_core.shell:Creating package script '/home/wythe/PWCL_ws/install/tutorial_interfaces/share/tutorial_interfaces/package.sh'
[7.363s] INFO:colcon.colcon_core.shell:Creating package script '/home/wythe/PWCL_ws/install/tutorial_interfaces/share/tutorial_interfaces/package.bash'
[7.364s] INFO:colcon.colcon_core.shell:Creating package script '/home/wythe/PWCL_ws/install/tutorial_interfaces/share/tutorial_interfaces/package.zsh'
[7.364s] Level 1:colcon.colcon_core.environment:create_file_with_runtime_dependencies(/home/wythe/PWCL_ws/install/tutorial_interfaces/share/colcon-core/packages/tutorial_interfaces)
[8.377s] DEBUG:colcon.colcon_core.event_handler.log_command:Invoked command in '/home/wythe/PWCL_ws/build/mavlink' returned '0': CMAKE_PREFIX_PATH=/opt/ros/foxy /usr/bin/cmake --build /home/wythe/PWCL_ws/build/mavlink -- -j12 -l12
[8.417s] DEBUG:colcon.colcon_core.event_handler.log_command:Invoking command in '/home/wythe/PWCL_ws/build/mavlink': CMAKE_PREFIX_PATH=/opt/ros/foxy /usr/bin/cmake --install /home/wythe/PWCL_ws/build/mavlink
[8.638s] DEBUG:colcon.colcon_core.event_handler.log_command:Invoked command in '/home/wythe/PWCL_ws/build/mavlink' returned '0': CMAKE_PREFIX_PATH=/opt/ros/foxy /usr/bin/cmake --install /home/wythe/PWCL_ws/build/mavlink
[8.685s] Level 1:colcon.colcon_core.shell:create_environment_hook('mavlink', 'pkg_config_path')
[8.829s] INFO:colcon.colcon_core.shell:Creating environment hook '/home/wythe/PWCL_ws/install/mavlink/share/mavlink/hook/pkg_config_path.ps1'
[8.830s] INFO:colcon.colcon_core.shell:Creating environment descriptor '/home/wythe/PWCL_ws/install/mavlink/share/mavlink/hook/pkg_config_path.dsv'
[8.831s] INFO:colcon.colcon_core.shell:Creating environment hook '/home/wythe/PWCL_ws/install/mavlink/share/mavlink/hook/pkg_config_path.sh'
[8.840s] Level 1:colcon.colcon_core.shell:create_environment_hook('mavlink', 'pkg_config_path_multiarch')
[8.957s] INFO:colcon.colcon_core.shell:Creating environment hook '/home/wythe/PWCL_ws/install/mavlink/share/mavlink/hook/pkg_config_path_multiarch.ps1'
[8.957s] INFO:colcon.colcon_core.shell:Creating environment descriptor '/home/wythe/PWCL_ws/install/mavlink/share/mavlink/hook/pkg_config_path_multiarch.dsv'
[8.958s] INFO:colcon.colcon_core.shell:Creating environment hook '/home/wythe/PWCL_ws/install/mavlink/share/mavlink/hook/pkg_config_path_multiarch.sh'
[8.958s] Level 1:colcon.colcon_core.environment:create_environment_scripts_only(mavlink)
[9.039s] Level 1:colcon.colcon_core.environment:checking '/home/wythe/PWCL_ws/install/mavlink' for CMake module files
[9.039s] Level 1:colcon.colcon_core.environment:checking '/home/wythe/PWCL_ws/install/mavlink' for CMake config files
[9.039s] Level 1:colcon.colcon_core.shell:create_environment_hook('mavlink', 'cmake_prefix_path')
[9.102s] INFO:colcon.colcon_core.shell:Creating environment hook '/home/wythe/PWCL_ws/install/mavlink/share/mavlink/hook/cmake_prefix_path.ps1'
[9.102s] INFO:colcon.colcon_core.shell:Creating environment descriptor '/home/wythe/PWCL_ws/install/mavlink/share/mavlink/hook/cmake_prefix_path.dsv'
[9.103s] INFO:colcon.colcon_core.shell:Creating environment hook '/home/wythe/PWCL_ws/install/mavlink/share/mavlink/hook/cmake_prefix_path.sh'
[9.103s] Level 1:colcon.colcon_core.environment:checking '/home/wythe/PWCL_ws/install/mavlink/lib'
[9.103s] Level 1:colcon.colcon_core.environment:checking '/home/wythe/PWCL_ws/install/mavlink/bin'
[9.104s] Level 1:colcon.colcon_core.environment:checking '/home/wythe/PWCL_ws/install/mavlink/lib/pkgconfig/mavlink.pc'
[9.104s] Level 1:colcon.colcon_core.shell:create_environment_hook('mavlink', 'pkg_config')
[9.160s] INFO:colcon.colcon_core.shell:Creating environment hook '/home/wythe/PWCL_ws/install/mavlink/share/mavlink/hook/pkg_config.ps1'
[9.160s] INFO:colcon.colcon_core.shell:Creating environment descriptor '/home/wythe/PWCL_ws/install/mavlink/share/mavlink/hook/pkg_config.dsv'
[9.161s] INFO:colcon.colcon_core.shell:Creating environment hook '/home/wythe/PWCL_ws/install/mavlink/share/mavlink/hook/pkg_config.sh'
[9.161s] Level 1:colcon.colcon_core.environment:checking '/home/wythe/PWCL_ws/install/mavlink/lib/python3.8/site-packages'
[9.161s] Level 1:colcon.colcon_core.environment:checking '/home/wythe/PWCL_ws/install/mavlink/bin'
[9.217s] INFO:colcon.colcon_core.shell:Creating package script '/home/wythe/PWCL_ws/install/mavlink/share/mavlink/package.ps1'
[9.218s] INFO:colcon.colcon_core.shell:Creating package descriptor '/home/wythe/PWCL_ws/install/mavlink/share/mavlink/package.dsv'
[9.219s] INFO:colcon.colcon_core.shell:Creating package script '/home/wythe/PWCL_ws/install/mavlink/share/mavlink/package.sh'
[9.219s] INFO:colcon.colcon_core.shell:Creating package script '/home/wythe/PWCL_ws/install/mavlink/share/mavlink/package.bash'
[9.220s] INFO:colcon.colcon_core.shell:Creating package script '/home/wythe/PWCL_ws/install/mavlink/share/mavlink/package.zsh'
[9.220s] Level 1:colcon.colcon_core.environment:create_file_with_runtime_dependencies(/home/wythe/PWCL_ws/install/mavlink/share/colcon-core/packages/mavlink)
[9.221s] INFO:colcon.colcon_ros.task.ament_cmake.build:Building ROS package in '/home/wythe/PWCL_ws/src/mavros/libmavconn' with build type 'ament_cmake'
[9.221s] INFO:colcon.colcon_cmake.task.cmake.build:Building CMake package in '/home/wythe/PWCL_ws/src/mavros/libmavconn'
[9.277s] INFO:colcon.colcon_core.shell:Skip shell extension 'powershell' for command environment: Not usable outside of PowerShell
[9.277s] DEBUG:colcon.colcon_core.shell:Skip shell extension 'dsv' for command environment
[9.397s] DEBUG:colcon.colcon_core.event_handler.log_command:Invoking command in '/home/wythe/PWCL_ws/build/libmavconn': CMAKE_PREFIX_PATH=/home/wythe/PWCL_ws/install/mavlink:/opt/ros/foxy PKG_CONFIG_PATH=/home/wythe/PWCL_ws/install/mavlink/lib/x86_64-linux-gnu/pkgconfig:/home/wythe/PWCL_ws/install/mavlink/lib/pkgconfig /usr/bin/cmake /home/wythe/PWCL_ws/src/mavros/libmavconn -DCMAKE_INSTALL_PREFIX=/home/wythe/PWCL_ws/install/libmavconn
[10.484s] DEBUG:colcon.colcon_core.event_handler.log_command:Invoked command in '/home/wythe/PWCL_ws/build/mavros_msgs' returned '0': CMAKE_PREFIX_PATH=/opt/ros/foxy /usr/bin/cmake /home/wythe/PWCL_ws/src/mavros/mavros_msgs -DCMAKE_INSTALL_PREFIX=/home/wythe/PWCL_ws/install/mavros_msgs
[10.486s] DEBUG:colcon.colcon_core.event_handler.log_command:Invoking command in '/home/wythe/PWCL_ws/build/mavros_msgs': CMAKE_PREFIX_PATH=/opt/ros/foxy /usr/bin/cmake --build /home/wythe/PWCL_ws/build/mavros_msgs -- -j12 -l12
[10.697s] DEBUG:colcon.colcon_core.event_handler.log_command:Invoked command in '/home/wythe/PWCL_ws/build/libmavconn' returned '0': CMAKE_PREFIX_PATH=/home/wythe/PWCL_ws/install/mavlink:/opt/ros/foxy PKG_CONFIG_PATH=/home/wythe/PWCL_ws/install/mavlink/lib/x86_64-linux-gnu/pkgconfig:/home/wythe/PWCL_ws/install/mavlink/lib/pkgconfig /usr/bin/cmake /home/wythe/PWCL_ws/src/mavros/libmavconn -DCMAKE_INSTALL_PREFIX=/home/wythe/PWCL_ws/install/libmavconn
[10.700s] DEBUG:colcon.colcon_core.event_handler.log_command:Invoking command in '/home/wythe/PWCL_ws/build/libmavconn': CMAKE_PREFIX_PATH=/home/wythe/PWCL_ws/install/mavlink:/opt/ros/foxy PKG_CONFIG_PATH=/home/wythe/PWCL_ws/install/mavlink/lib/x86_64-linux-gnu/pkgconfig:/home/wythe/PWCL_ws/install/mavlink/lib/pkgconfig /usr/bin/cmake --build /home/wythe/PWCL_ws/build/libmavconn -- -j12 -l12
[22.780s] DEBUG:colcon.colcon_core.event_handler.log_command:Invoked command in '/home/wythe/PWCL_ws/build/libmavconn' returned '0': CMAKE_PREFIX_PATH=/home/wythe/PWCL_ws/install/mavlink:/opt/ros/foxy PKG_CONFIG_PATH=/home/wythe/PWCL_ws/install/mavlink/lib/x86_64-linux-gnu/pkgconfig:/home/wythe/PWCL_ws/install/mavlink/lib/pkgconfig /usr/bin/cmake --build /home/wythe/PWCL_ws/build/libmavconn -- -j12 -l12
[22.817s] DEBUG:colcon.colcon_core.event_handler.log_command:Invoking command in '/home/wythe/PWCL_ws/build/libmavconn': CMAKE_PREFIX_PATH=/home/wythe/PWCL_ws/install/mavlink:/opt/ros/foxy PKG_CONFIG_PATH=/home/wythe/PWCL_ws/install/mavlink/lib/x86_64-linux-gnu/pkgconfig:/home/wythe/PWCL_ws/install/mavlink/lib/pkgconfig /usr/bin/cmake --install /home/wythe/PWCL_ws/build/libmavconn
[22.839s] Level 1:colcon.colcon_core.environment:create_environment_scripts_only(libmavconn)
[22.839s] DEBUG:colcon.colcon_core.event_handler.log_command:Invoked command in '/home/wythe/PWCL_ws/build/libmavconn' returned '0': CMAKE_PREFIX_PATH=/home/wythe/PWCL_ws/install/mavlink:/opt/ros/foxy PKG_CONFIG_PATH=/home/wythe/PWCL_ws/install/mavlink/lib/x86_64-linux-gnu/pkgconfig:/home/wythe/PWCL_ws/install/mavlink/lib/pkgconfig /usr/bin/cmake --install /home/wythe/PWCL_ws/build/libmavconn
[22.909s] Level 1:colcon.colcon_core.environment:checking '/home/wythe/PWCL_ws/install/libmavconn' for CMake module files
[22.910s] Level 1:colcon.colcon_core.environment:checking '/home/wythe/PWCL_ws/install/libmavconn' for CMake config files
[22.910s] Level 1:colcon.colcon_core.shell:create_environment_hook('libmavconn', 'cmake_prefix_path')
[22.958s] INFO:colcon.colcon_core.shell:Creating environment hook '/home/wythe/PWCL_ws/install/libmavconn/share/libmavconn/hook/cmake_prefix_path.ps1'
[22.959s] INFO:colcon.colcon_core.shell:Creating environment descriptor '/home/wythe/PWCL_ws/install/libmavconn/share/libmavconn/hook/cmake_prefix_path.dsv'
[22.959s] INFO:colcon.colcon_core.shell:Creating environment hook '/home/wythe/PWCL_ws/install/libmavconn/share/libmavconn/hook/cmake_prefix_path.sh'
[22.960s] Level 1:colcon.colcon_core.environment:checking '/home/wythe/PWCL_ws/install/libmavconn/lib'
[22.960s] Level 1:colcon.colcon_core.shell:create_environment_hook('libmavconn', 'ld_library_path_lib')
[23.010s] INFO:colcon.colcon_core.shell:Creating environment hook '/home/wythe/PWCL_ws/install/libmavconn/share/libmavconn/hook/ld_library_path_lib.ps1'
[23.010s] INFO:colcon.colcon_core.shell:Creating environment descriptor '/home/wythe/PWCL_ws/install/libmavconn/share/libmavconn/hook/ld_library_path_lib.dsv'
[23.010s] INFO:colcon.colcon_core.shell:Creating environment hook '/home/wythe/PWCL_ws/install/libmavconn/share/libmavconn/hook/ld_library_path_lib.sh'
[23.011s] Level 1:colcon.colcon_core.environment:checking '/home/wythe/PWCL_ws/install/libmavconn/bin'
[23.011s] Level 1:colcon.colcon_core.environment:checking '/home/wythe/PWCL_ws/install/libmavconn/lib/pkgconfig/libmavconn.pc'
[23.011s] Level 1:colcon.colcon_core.environment:checking '/home/wythe/PWCL_ws/install/libmavconn/lib/python3.8/site-packages'
[23.011s] Level 1:colcon.colcon_core.environment:checking '/home/wythe/PWCL_ws/install/libmavconn/bin'
[23.058s] INFO:colcon.colcon_core.shell:Creating package script '/home/wythe/PWCL_ws/install/libmavconn/share/libmavconn/package.ps1'
[23.059s] INFO:colcon.colcon_core.shell:Creating package descriptor '/home/wythe/PWCL_ws/install/libmavconn/share/libmavconn/package.dsv'
[23.060s] INFO:colcon.colcon_core.shell:Creating package script '/home/wythe/PWCL_ws/install/libmavconn/share/libmavconn/package.sh'
[23.060s] INFO:colcon.colcon_core.shell:Creating package script '/home/wythe/PWCL_ws/install/libmavconn/share/libmavconn/package.bash'
[23.060s] INFO:colcon.colcon_core.shell:Creating package script '/home/wythe/PWCL_ws/install/libmavconn/share/libmavconn/package.zsh'
[23.061s] Level 1:colcon.colcon_core.environment:create_file_with_runtime_dependencies(/home/wythe/PWCL_ws/install/libmavconn/share/colcon-core/packages/libmavconn)
[23.145s] Level 1:colcon.colcon_core.environment:create_environment_scripts_only(libmavconn)
[23.191s] Level 1:colcon.colcon_core.environment:checking '/home/wythe/PWCL_ws/install/libmavconn' for CMake module files
[23.191s] Level 1:colcon.colcon_core.environment:checking '/home/wythe/PWCL_ws/install/libmavconn' for CMake config files
[23.192s] Level 1:colcon.colcon_core.shell:create_environment_hook('libmavconn', 'cmake_prefix_path')
[23.237s] INFO:colcon.colcon_core.shell:Creating environment hook '/home/wythe/PWCL_ws/install/libmavconn/share/libmavconn/hook/cmake_prefix_path.ps1'
[23.238s] INFO:colcon.colcon_core.shell:Creating environment descriptor '/home/wythe/PWCL_ws/install/libmavconn/share/libmavconn/hook/cmake_prefix_path.dsv'
[23.238s] INFO:colcon.colcon_core.shell:Creating environment hook '/home/wythe/PWCL_ws/install/libmavconn/share/libmavconn/hook/cmake_prefix_path.sh'
[23.239s] Level 1:colcon.colcon_core.environment:checking '/home/wythe/PWCL_ws/install/libmavconn/lib'
[23.239s] Level 1:colcon.colcon_core.shell:create_environment_hook('libmavconn', 'ld_library_path_lib')
[23.284s] INFO:colcon.colcon_core.shell:Creating environment hook '/home/wythe/PWCL_ws/install/libmavconn/share/libmavconn/hook/ld_library_path_lib.ps1'
[23.285s] INFO:colcon.colcon_core.shell:Creating environment descriptor '/home/wythe/PWCL_ws/install/libmavconn/share/libmavconn/hook/ld_library_path_lib.dsv'
[23.285s] INFO:colcon.colcon_core.shell:Creating environment hook '/home/wythe/PWCL_ws/install/libmavconn/share/libmavconn/hook/ld_library_path_lib.sh'
[23.285s] Level 1:colcon.colcon_core.environment:checking '/home/wythe/PWCL_ws/install/libmavconn/bin'
[23.285s] Level 1:colcon.colcon_core.environment:checking '/home/wythe/PWCL_ws/install/libmavconn/lib/pkgconfig/libmavconn.pc'
[23.286s] Level 1:colcon.colcon_core.environment:checking '/home/wythe/PWCL_ws/install/libmavconn/lib/python3.8/site-packages'
[23.286s] Level 1:colcon.colcon_core.environment:checking '/home/wythe/PWCL_ws/install/libmavconn/bin'
[23.330s] INFO:colcon.colcon_core.shell:Creating package script '/home/wythe/PWCL_ws/install/libmavconn/share/libmavconn/package.ps1'
[23.331s] INFO:colcon.colcon_core.shell:Creating package descriptor '/home/wythe/PWCL_ws/install/libmavconn/share/libmavconn/package.dsv'
[23.332s] INFO:colcon.colcon_core.shell:Creating package script '/home/wythe/PWCL_ws/install/libmavconn/share/libmavconn/package.sh'
[23.332s] INFO:colcon.colcon_core.shell:Creating package script '/home/wythe/PWCL_ws/install/libmavconn/share/libmavconn/package.bash'
[23.332s] INFO:colcon.colcon_core.shell:Creating package script '/home/wythe/PWCL_ws/install/libmavconn/share/libmavconn/package.zsh'
[23.333s] Level 1:colcon.colcon_core.environment:create_file_with_runtime_dependencies(/home/wythe/PWCL_ws/install/libmavconn/share/colcon-core/packages/libmavconn)
[106.945s] DEBUG:colcon.colcon_core.event_handler.log_command:Invoked command in '/home/wythe/PWCL_ws/build/mavros_msgs' returned '0': CMAKE_PREFIX_PATH=/opt/ros/foxy /usr/bin/cmake --build /home/wythe/PWCL_ws/build/mavros_msgs -- -j12 -l12
[108.442s] DEBUG:colcon.colcon_core.event_handler.log_command:Invoking command in '/home/wythe/PWCL_ws/build/mavros_msgs': CMAKE_PREFIX_PATH=/opt/ros/foxy /usr/bin/cmake --install /home/wythe/PWCL_ws/build/mavros_msgs
[108.809s] Level 1:colcon.colcon_core.environment:create_environment_scripts_only(mavros_msgs)
[108.810s] DEBUG:colcon.colcon_core.event_handler.log_command:Invoked command in '/home/wythe/PWCL_ws/build/mavros_msgs' returned '0': CMAKE_PREFIX_PATH=/opt/ros/foxy /usr/bin/cmake --install /home/wythe/PWCL_ws/build/mavros_msgs
[108.855s] Level 1:colcon.colcon_core.environment:checking '/home/wythe/PWCL_ws/install/mavros_msgs' for CMake module files
[108.856s] Level 1:colcon.colcon_core.environment:checking '/home/wythe/PWCL_ws/install/mavros_msgs' for CMake config files
[108.856s] Level 1:colcon.colcon_core.shell:create_environment_hook('mavros_msgs', 'cmake_prefix_path')
[108.901s] INFO:colcon.colcon_core.shell:Creating environment hook '/home/wythe/PWCL_ws/install/mavros_msgs/share/mavros_msgs/hook/cmake_prefix_path.ps1'
[108.901s] INFO:colcon.colcon_core.shell:Creating environment descriptor '/home/wythe/PWCL_ws/install/mavros_msgs/share/mavros_msgs/hook/cmake_prefix_path.dsv'
[108.902s] INFO:colcon.colcon_core.shell:Creating environment hook '/home/wythe/PWCL_ws/install/mavros_msgs/share/mavros_msgs/hook/cmake_prefix_path.sh'
[108.902s] Level 1:colcon.colcon_core.environment:checking '/home/wythe/PWCL_ws/install/mavros_msgs/lib'
[108.902s] Level 1:colcon.colcon_core.shell:create_environment_hook('mavros_msgs', 'ld_library_path_lib')
[108.947s] INFO:colcon.colcon_core.shell:Creating environment hook '/home/wythe/PWCL_ws/install/mavros_msgs/share/mavros_msgs/hook/ld_library_path_lib.ps1'
[108.948s] INFO:colcon.colcon_core.shell:Creating environment descriptor '/home/wythe/PWCL_ws/install/mavros_msgs/share/mavros_msgs/hook/ld_library_path_lib.dsv'
[108.948s] INFO:colcon.colcon_core.shell:Creating environment hook '/home/wythe/PWCL_ws/install/mavros_msgs/share/mavros_msgs/hook/ld_library_path_lib.sh'
[108.948s] Level 1:colcon.colcon_core.environment:checking '/home/wythe/PWCL_ws/install/mavros_msgs/bin'
[108.948s] Level 1:colcon.colcon_core.environment:checking '/home/wythe/PWCL_ws/install/mavros_msgs/lib/pkgconfig/mavros_msgs.pc'
[108.948s] Level 1:colcon.colcon_core.environment:checking '/home/wythe/PWCL_ws/install/mavros_msgs/lib/python3.8/site-packages'
[108.949s] Level 1:colcon.colcon_core.shell:create_environment_hook('mavros_msgs', 'pythonpath')
[108.993s] INFO:colcon.colcon_core.shell:Creating environment hook '/home/wythe/PWCL_ws/install/mavros_msgs/share/mavros_msgs/hook/pythonpath.ps1'
[108.993s] INFO:colcon.colcon_core.shell:Creating environment descriptor '/home/wythe/PWCL_ws/install/mavros_msgs/share/mavros_msgs/hook/pythonpath.dsv'
[108.994s] INFO:colcon.colcon_core.shell:Creating environment hook '/home/wythe/PWCL_ws/install/mavros_msgs/share/mavros_msgs/hook/pythonpath.sh'
[108.994s] Level 1:colcon.colcon_core.environment:checking '/home/wythe/PWCL_ws/install/mavros_msgs/bin'
[109.039s] INFO:colcon.colcon_core.shell:Creating package script '/home/wythe/PWCL_ws/install/mavros_msgs/share/mavros_msgs/package.ps1'
[109.039s] INFO:colcon.colcon_core.shell:Creating package descriptor '/home/wythe/PWCL_ws/install/mavros_msgs/share/mavros_msgs/package.dsv'
[109.040s] INFO:colcon.colcon_core.shell:Creating package script '/home/wythe/PWCL_ws/install/mavros_msgs/share/mavros_msgs/package.sh'
[109.040s] INFO:colcon.colcon_core.shell:Creating package script '/home/wythe/PWCL_ws/install/mavros_msgs/share/mavros_msgs/package.bash'
[109.041s] INFO:colcon.colcon_core.shell:Creating package script '/home/wythe/PWCL_ws/install/mavros_msgs/share/mavros_msgs/package.zsh'
[109.041s] Level 1:colcon.colcon_core.environment:create_file_with_runtime_dependencies(/home/wythe/PWCL_ws/install/mavros_msgs/share/colcon-core/packages/mavros_msgs)
[110.512s] Level 1:colcon.colcon_core.environment:create_environment_scripts_only(mavros_msgs)
[110.554s] Level 1:colcon.colcon_core.environment:checking '/home/wythe/PWCL_ws/install/mavros_msgs' for CMake module files
[110.555s] Level 1:colcon.colcon_core.environment:checking '/home/wythe/PWCL_ws/install/mavros_msgs' for CMake config files
[110.555s] Level 1:colcon.colcon_core.shell:create_environment_hook('mavros_msgs', 'cmake_prefix_path')
[110.598s] INFO:colcon.colcon_core.shell:Creating environment hook '/home/wythe/PWCL_ws/install/mavros_msgs/share/mavros_msgs/hook/cmake_prefix_path.ps1'
[110.598s] INFO:colcon.colcon_core.shell:Creating environment descriptor '/home/wythe/PWCL_ws/install/mavros_msgs/share/mavros_msgs/hook/cmake_prefix_path.dsv'
[110.599s] INFO:colcon.colcon_core.shell:Creating environment hook '/home/wythe/PWCL_ws/install/mavros_msgs/share/mavros_msgs/hook/cmake_prefix_path.sh'
[110.599s] Level 1:colcon.colcon_core.environment:checking '/home/wythe/PWCL_ws/install/mavros_msgs/lib'
[110.599s] Level 1:colcon.colcon_core.shell:create_environment_hook('mavros_msgs', 'ld_library_path_lib')
[110.641s] INFO:colcon.colcon_core.shell:Creating environment hook '/home/wythe/PWCL_ws/install/mavros_msgs/share/mavros_msgs/hook/ld_library_path_lib.ps1'
[110.641s] INFO:colcon.colcon_core.shell:Creating environment descriptor '/home/wythe/PWCL_ws/install/mavros_msgs/share/mavros_msgs/hook/ld_library_path_lib.dsv'
[110.642s] INFO:colcon.colcon_core.shell:Creating environment hook '/home/wythe/PWCL_ws/install/mavros_msgs/share/mavros_msgs/hook/ld_library_path_lib.sh'
[110.642s] Level 1:colcon.colcon_core.environment:checking '/home/wythe/PWCL_ws/install/mavros_msgs/bin'
[110.642s] Level 1:colcon.colcon_core.environment:checking '/home/wythe/PWCL_ws/install/mavros_msgs/lib/pkgconfig/mavros_msgs.pc'
[110.642s] Level 1:colcon.colcon_core.environment:checking '/home/wythe/PWCL_ws/install/mavros_msgs/lib/python3.8/site-packages'
[110.642s] Level 1:colcon.colcon_core.shell:create_environment_hook('mavros_msgs', 'pythonpath')
[110.697s] INFO:colcon.colcon_core.shell:Creating environment hook '/home/wythe/PWCL_ws/install/mavros_msgs/share/mavros_msgs/hook/pythonpath.ps1'
[110.698s] INFO:colcon.colcon_core.shell:Creating environment descriptor '/home/wythe/PWCL_ws/install/mavros_msgs/share/mavros_msgs/hook/pythonpath.dsv'
[110.698s] INFO:colcon.colcon_core.shell:Creating environment hook '/home/wythe/PWCL_ws/install/mavros_msgs/share/mavros_msgs/hook/pythonpath.sh'
[110.698s] Level 1:colcon.colcon_core.environment:checking '/home/wythe/PWCL_ws/install/mavros_msgs/bin'
[110.740s] INFO:colcon.colcon_core.shell:Creating package script '/home/wythe/PWCL_ws/install/mavros_msgs/share/mavros_msgs/package.ps1'
[110.740s] INFO:colcon.colcon_core.shell:Creating package descriptor '/home/wythe/PWCL_ws/install/mavros_msgs/share/mavros_msgs/package.dsv'
[110.741s] INFO:colcon.colcon_core.shell:Creating package script '/home/wythe/PWCL_ws/install/mavros_msgs/share/mavros_msgs/package.sh'
[110.741s] INFO:colcon.colcon_core.shell:Creating package script '/home/wythe/PWCL_ws/install/mavros_msgs/share/mavros_msgs/package.bash'
[110.742s] INFO:colcon.colcon_core.shell:Creating package script '/home/wythe/PWCL_ws/install/mavros_msgs/share/mavros_msgs/package.zsh'
[110.742s] Level 1:colcon.colcon_core.environment:create_file_with_runtime_dependencies(/home/wythe/PWCL_ws/install/mavros_msgs/share/colcon-core/packages/mavros_msgs)
[110.742s] INFO:colcon.colcon_ros.task.ament_cmake.build:Building ROS package in '/home/wythe/PWCL_ws/src/mavros/mavros' with build type 'ament_cmake'
[110.742s] INFO:colcon.colcon_cmake.task.cmake.build:Building CMake package in '/home/wythe/PWCL_ws/src/mavros/mavros'
[110.783s] INFO:colcon.colcon_core.shell:Skip shell extension 'powershell' for command environment: Not usable outside of PowerShell
[110.784s] DEBUG:colcon.colcon_core.shell:Skip shell extension 'dsv' for command environment
[110.878s] DEBUG:colcon.colcon_core.event_handler.log_command:Invoking command in '/home/wythe/PWCL_ws/build/mavros': AMENT_PREFIX_PATH=/home/wythe/PWCL_ws/install/libmavconn:/home/wythe/PWCL_ws/install/mavros_msgs:${AMENT_PREFIX_PATH} CMAKE_PREFIX_PATH=/home/wythe/PWCL_ws/install/libmavconn:/home/wythe/PWCL_ws/install/mavros_msgs:/home/wythe/PWCL_ws/install/mavlink:/opt/ros/foxy LD_LIBRARY_PATH=/home/wythe/PWCL_ws/install/libmavconn/lib:/home/wythe/PWCL_ws/install/mavros_msgs/lib:${LD_LIBRARY_PATH} PKG_CONFIG_PATH=/home/wythe/PWCL_ws/install/mavlink/lib/x86_64-linux-gnu/pkgconfig:/home/wythe/PWCL_ws/install/mavlink/lib/pkgconfig PYTHONPATH=/home/wythe/PWCL_ws/install/mavros_msgs/lib/python3.8/site-packages:${PYTHONPATH} /usr/bin/cmake /home/wythe/PWCL_ws/src/mavros/mavros -DCMAKE_INSTALL_PREFIX=/home/wythe/PWCL_ws/install/mavros
[114.345s] DEBUG:colcon.colcon_core.event_handler.log_command:Invoked command in '/home/wythe/PWCL_ws/build/mavros' returned '0': AMENT_PREFIX_PATH=/home/wythe/PWCL_ws/install/libmavconn:/home/wythe/PWCL_ws/install/mavros_msgs:${AMENT_PREFIX_PATH} CMAKE_PREFIX_PATH=/home/wythe/PWCL_ws/install/libmavconn:/home/wythe/PWCL_ws/install/mavros_msgs:/home/wythe/PWCL_ws/install/mavlink:/opt/ros/foxy LD_LIBRARY_PATH=/home/wythe/PWCL_ws/install/libmavconn/lib:/home/wythe/PWCL_ws/install/mavros_msgs/lib:${LD_LIBRARY_PATH} PKG_CONFIG_PATH=/home/wythe/PWCL_ws/install/mavlink/lib/x86_64-linux-gnu/pkgconfig:/home/wythe/PWCL_ws/install/mavlink/lib/pkgconfig PYTHONPATH=/home/wythe/PWCL_ws/install/mavros_msgs/lib/python3.8/site-packages:${PYTHONPATH} /usr/bin/cmake /home/wythe/PWCL_ws/src/mavros/mavros -DCMAKE_INSTALL_PREFIX=/home/wythe/PWCL_ws/install/mavros
[114.348s] DEBUG:colcon.colcon_core.event_handler.log_command:Invoking command in '/home/wythe/PWCL_ws/build/mavros': AMENT_PREFIX_PATH=/home/wythe/PWCL_ws/install/libmavconn:/home/wythe/PWCL_ws/install/mavros_msgs:${AMENT_PREFIX_PATH} CMAKE_PREFIX_PATH=/home/wythe/PWCL_ws/install/libmavconn:/home/wythe/PWCL_ws/install/mavros_msgs:/home/wythe/PWCL_ws/install/mavlink:/opt/ros/foxy LD_LIBRARY_PATH=/home/wythe/PWCL_ws/install/libmavconn/lib:/home/wythe/PWCL_ws/install/mavros_msgs/lib:${LD_LIBRARY_PATH} PKG_CONFIG_PATH=/home/wythe/PWCL_ws/install/mavlink/lib/x86_64-linux-gnu/pkgconfig:/home/wythe/PWCL_ws/install/mavlink/lib/pkgconfig PYTHONPATH=/home/wythe/PWCL_ws/install/mavros_msgs/lib/python3.8/site-packages:${PYTHONPATH} /usr/bin/cmake --build /home/wythe/PWCL_ws/build/mavros -- -j12 -l12
[212.196s] DEBUG:colcon.colcon_core.event_handler.log_command:Invoked command in '/home/wythe/PWCL_ws/build/mavros' returned '0': AMENT_PREFIX_PATH=/home/wythe/PWCL_ws/install/libmavconn:/home/wythe/PWCL_ws/install/mavros_msgs:${AMENT_PREFIX_PATH} CMAKE_PREFIX_PATH=/home/wythe/PWCL_ws/install/libmavconn:/home/wythe/PWCL_ws/install/mavros_msgs:/home/wythe/PWCL_ws/install/mavlink:/opt/ros/foxy LD_LIBRARY_PATH=/home/wythe/PWCL_ws/install/libmavconn/lib:/home/wythe/PWCL_ws/install/mavros_msgs/lib:${LD_LIBRARY_PATH} PKG_CONFIG_PATH=/home/wythe/PWCL_ws/install/mavlink/lib/x86_64-linux-gnu/pkgconfig:/home/wythe/PWCL_ws/install/mavlink/lib/pkgconfig PYTHONPATH=/home/wythe/PWCL_ws/install/mavros_msgs/lib/python3.8/site-packages:${PYTHONPATH} /usr/bin/cmake --build /home/wythe/PWCL_ws/build/mavros -- -j12 -l12
[212.293s] DEBUG:colcon.colcon_core.event_handler.log_command:Invoking command in '/home/wythe/PWCL_ws/build/mavros': AMENT_PREFIX_PATH=/home/wythe/PWCL_ws/install/libmavconn:/home/wythe/PWCL_ws/install/mavros_msgs:${AMENT_PREFIX_PATH} CMAKE_PREFIX_PATH=/home/wythe/PWCL_ws/install/libmavconn:/home/wythe/PWCL_ws/install/mavros_msgs:/home/wythe/PWCL_ws/install/mavlink:/opt/ros/foxy LD_LIBRARY_PATH=/home/wythe/PWCL_ws/install/libmavconn/lib:/home/wythe/PWCL_ws/install/mavros_msgs/lib:${LD_LIBRARY_PATH} PKG_CONFIG_PATH=/home/wythe/PWCL_ws/install/mavlink/lib/x86_64-linux-gnu/pkgconfig:/home/wythe/PWCL_ws/install/mavlink/lib/pkgconfig PYTHONPATH=/home/wythe/PWCL_ws/install/mavros_msgs/lib/python3.8/site-packages:${PYTHONPATH} /usr/bin/cmake --install /home/wythe/PWCL_ws/build/mavros
[212.442s] Level 1:colcon.colcon_core.environment:create_environment_scripts_only(mavros)
[212.442s] DEBUG:colcon.colcon_core.event_handler.log_command:Invoked command in '/home/wythe/PWCL_ws/build/mavros' returned '0': AMENT_PREFIX_PATH=/home/wythe/PWCL_ws/install/libmavconn:/home/wythe/PWCL_ws/install/mavros_msgs:${AMENT_PREFIX_PATH} CMAKE_PREFIX_PATH=/home/wythe/PWCL_ws/install/libmavconn:/home/wythe/PWCL_ws/install/mavros_msgs:/home/wythe/PWCL_ws/install/mavlink:/opt/ros/foxy LD_LIBRARY_PATH=/home/wythe/PWCL_ws/install/libmavconn/lib:/home/wythe/PWCL_ws/install/mavros_msgs/lib:${LD_LIBRARY_PATH} PKG_CONFIG_PATH=/home/wythe/PWCL_ws/install/mavlink/lib/x86_64-linux-gnu/pkgconfig:/home/wythe/PWCL_ws/install/mavlink/lib/pkgconfig PYTHONPATH=/home/wythe/PWCL_ws/install/mavros_msgs/lib/python3.8/site-packages:${PYTHONPATH} /usr/bin/cmake --install /home/wythe/PWCL_ws/build/mavros
[212.484s] Level 1:colcon.colcon_core.environment:checking '/home/wythe/PWCL_ws/install/mavros' for CMake module files
[212.484s] Level 1:colcon.colcon_core.environment:checking '/home/wythe/PWCL_ws/install/mavros' for CMake config files
[212.485s] Level 1:colcon.colcon_core.shell:create_environment_hook('mavros', 'cmake_prefix_path')
[212.526s] INFO:colcon.colcon_core.shell:Creating environment hook '/home/wythe/PWCL_ws/install/mavros/share/mavros/hook/cmake_prefix_path.ps1'
[212.530s] INFO:colcon.colcon_core.shell:Creating environment descriptor '/home/wythe/PWCL_ws/install/mavros/share/mavros/hook/cmake_prefix_path.dsv'
[212.530s] INFO:colcon.colcon_core.shell:Creating environment hook '/home/wythe/PWCL_ws/install/mavros/share/mavros/hook/cmake_prefix_path.sh'
[212.530s] Level 1:colcon.colcon_core.environment:checking '/home/wythe/PWCL_ws/install/mavros/lib'
[212.530s] Level 1:colcon.colcon_core.shell:create_environment_hook('mavros', 'ld_library_path_lib')
[212.571s] INFO:colcon.colcon_core.shell:Creating environment hook '/home/wythe/PWCL_ws/install/mavros/share/mavros/hook/ld_library_path_lib.ps1'
[212.571s] INFO:colcon.colcon_core.shell:Creating environment descriptor '/home/wythe/PWCL_ws/install/mavros/share/mavros/hook/ld_library_path_lib.dsv'
[212.571s] INFO:colcon.colcon_core.shell:Creating environment hook '/home/wythe/PWCL_ws/install/mavros/share/mavros/hook/ld_library_path_lib.sh'
[212.572s] Level 1:colcon.colcon_core.environment:checking '/home/wythe/PWCL_ws/install/mavros/bin'
[212.572s] Level 1:colcon.colcon_core.environment:checking '/home/wythe/PWCL_ws/install/mavros/lib/pkgconfig/mavros.pc'
[212.572s] Level 1:colcon.colcon_core.environment:checking '/home/wythe/PWCL_ws/install/mavros/lib/python3.8/site-packages'
[212.572s] Level 1:colcon.colcon_core.shell:create_environment_hook('mavros', 'pythonpath')
[212.619s] INFO:colcon.colcon_core.shell:Creating environment hook '/home/wythe/PWCL_ws/install/mavros/share/mavros/hook/pythonpath.ps1'
[212.619s] INFO:colcon.colcon_core.shell:Creating environment descriptor '/home/wythe/PWCL_ws/install/mavros/share/mavros/hook/pythonpath.dsv'
[212.619s] INFO:colcon.colcon_core.shell:Creating environment hook '/home/wythe/PWCL_ws/install/mavros/share/mavros/hook/pythonpath.sh'
[212.620s] Level 1:colcon.colcon_core.environment:checking '/home/wythe/PWCL_ws/install/mavros/bin'
[212.661s] INFO:colcon.colcon_core.shell:Creating package script '/home/wythe/PWCL_ws/install/mavros/share/mavros/package.ps1'
[212.662s] INFO:colcon.colcon_core.shell:Creating package descriptor '/home/wythe/PWCL_ws/install/mavros/share/mavros/package.dsv'
[212.662s] INFO:colcon.colcon_core.shell:Creating package script '/home/wythe/PWCL_ws/install/mavros/share/mavros/package.sh'
[212.662s] INFO:colcon.colcon_core.shell:Creating package script '/home/wythe/PWCL_ws/install/mavros/share/mavros/package.bash'
[212.663s] INFO:colcon.colcon_core.shell:Creating package script '/home/wythe/PWCL_ws/install/mavros/share/mavros/package.zsh'
[212.663s] Level 1:colcon.colcon_core.environment:create_file_with_runtime_dependencies(/home/wythe/PWCL_ws/install/mavros/share/colcon-core/packages/mavros)
[212.808s] Level 1:colcon.colcon_core.environment:create_environment_scripts_only(mavros)
[212.852s] Level 1:colcon.colcon_core.environment:checking '/home/wythe/PWCL_ws/install/mavros' for CMake module files
[212.852s] Level 1:colcon.colcon_core.environment:checking '/home/wythe/PWCL_ws/install/mavros' for CMake config files
[212.853s] Level 1:colcon.colcon_core.shell:create_environment_hook('mavros', 'cmake_prefix_path')
[212.893s] INFO:colcon.colcon_core.shell:Creating environment hook '/home/wythe/PWCL_ws/install/mavros/share/mavros/hook/cmake_prefix_path.ps1'
[212.893s] INFO:colcon.colcon_core.shell:Creating environment descriptor '/home/wythe/PWCL_ws/install/mavros/share/mavros/hook/cmake_prefix_path.dsv'
[212.894s] INFO:colcon.colcon_core.shell:Creating environment hook '/home/wythe/PWCL_ws/install/mavros/share/mavros/hook/cmake_prefix_path.sh'
[212.894s] Level 1:colcon.colcon_core.environment:checking '/home/wythe/PWCL_ws/install/mavros/lib'
[212.894s] Level 1:colcon.colcon_core.shell:create_environment_hook('mavros', 'ld_library_path_lib')
[212.935s] INFO:colcon.colcon_core.shell:Creating environment hook '/home/wythe/PWCL_ws/install/mavros/share/mavros/hook/ld_library_path_lib.ps1'
[212.936s] INFO:colcon.colcon_core.shell:Creating environment descriptor '/home/wythe/PWCL_ws/install/mavros/share/mavros/hook/ld_library_path_lib.dsv'
[212.936s] INFO:colcon.colcon_core.shell:Creating environment hook '/home/wythe/PWCL_ws/install/mavros/share/mavros/hook/ld_library_path_lib.sh'
[212.936s] Level 1:colcon.colcon_core.environment:checking '/home/wythe/PWCL_ws/install/mavros/bin'
[212.936s] Level 1:colcon.colcon_core.environment:checking '/home/wythe/PWCL_ws/install/mavros/lib/pkgconfig/mavros.pc'
[212.937s] Level 1:colcon.colcon_core.environment:checking '/home/wythe/PWCL_ws/install/mavros/lib/python3.8/site-packages'
[212.937s] Level 1:colcon.colcon_core.shell:create_environment_hook('mavros', 'pythonpath')
[212.976s] INFO:colcon.colcon_core.shell:Creating environment hook '/home/wythe/PWCL_ws/install/mavros/share/mavros/hook/pythonpath.ps1'
[212.977s] INFO:colcon.colcon_core.shell:Creating environment descriptor '/home/wythe/PWCL_ws/install/mavros/share/mavros/hook/pythonpath.dsv'
[212.977s] INFO:colcon.colcon_core.shell:Creating environment hook '/home/wythe/PWCL_ws/install/mavros/share/mavros/hook/pythonpath.sh'
[212.978s] Level 1:colcon.colcon_core.environment:checking '/home/wythe/PWCL_ws/install/mavros/bin'
[213.019s] INFO:colcon.colcon_core.shell:Creating package script '/home/wythe/PWCL_ws/install/mavros/share/mavros/package.ps1'
[213.020s] INFO:colcon.colcon_core.shell:Creating package descriptor '/home/wythe/PWCL_ws/install/mavros/share/mavros/package.dsv'
[213.020s] INFO:colcon.colcon_core.shell:Creating package script '/home/wythe/PWCL_ws/install/mavros/share/mavros/package.sh'
[213.021s] INFO:colcon.colcon_core.shell:Creating package script '/home/wythe/PWCL_ws/install/mavros/share/mavros/package.bash'
[213.021s] INFO:colcon.colcon_core.shell:Creating package script '/home/wythe/PWCL_ws/install/mavros/share/mavros/package.zsh'
[213.021s] Level 1:colcon.colcon_core.environment:create_file_with_runtime_dependencies(/home/wythe/PWCL_ws/install/mavros/share/colcon-core/packages/mavros)
[213.022s] INFO:colcon.colcon_ros.task.ament_cmake.build:Building ROS package in '/home/wythe/PWCL_ws/src/mavros/mavros_extras' with build type 'ament_cmake'
[213.022s] INFO:colcon.colcon_cmake.task.cmake.build:Building CMake package in '/home/wythe/PWCL_ws/src/mavros/mavros_extras'
[213.065s] INFO:colcon.colcon_core.shell:Skip shell extension 'powershell' for command environment: Not usable outside of PowerShell
[213.065s] DEBUG:colcon.colcon_core.shell:Skip shell extension 'dsv' for command environment
[213.165s] DEBUG:colcon.colcon_core.event_handler.log_command:Invoking command in '/home/wythe/PWCL_ws/build/mavros_extras': AMENT_PREFIX_PATH=/home/wythe/PWCL_ws/install/mavros:/home/wythe/PWCL_ws/install/libmavconn:/home/wythe/PWCL_ws/install/mavros_msgs:${AMENT_PREFIX_PATH} CMAKE_PREFIX_PATH=/home/wythe/PWCL_ws/install/mavros:/home/wythe/PWCL_ws/install/libmavconn:/home/wythe/PWCL_ws/install/mavros_msgs:/home/wythe/PWCL_ws/install/mavlink:/opt/ros/foxy LD_LIBRARY_PATH=/home/wythe/PWCL_ws/install/mavros/lib:/home/wythe/PWCL_ws/install/libmavconn/lib:/home/wythe/PWCL_ws/install/mavros_msgs/lib:${LD_LIBRARY_PATH} PKG_CONFIG_PATH=/home/wythe/PWCL_ws/install/mavlink/lib/x86_64-linux-gnu/pkgconfig:/home/wythe/PWCL_ws/install/mavlink/lib/pkgconfig PYTHONPATH=/home/wythe/PWCL_ws/install/mavros/lib/python3.8/site-packages:/home/wythe/PWCL_ws/install/mavros_msgs/lib/python3.8/site-packages:${PYTHONPATH} /usr/bin/cmake /home/wythe/PWCL_ws/src/mavros/mavros_extras -DCMAKE_INSTALL_PREFIX=/home/wythe/PWCL_ws/install/mavros_extras
[215.939s] DEBUG:colcon.colcon_core.event_handler.log_command:Invoked command in '/home/wythe/PWCL_ws/build/mavros_extras' returned '0': AMENT_PREFIX_PATH=/home/wythe/PWCL_ws/install/mavros:/home/wythe/PWCL_ws/install/libmavconn:/home/wythe/PWCL_ws/install/mavros_msgs:${AMENT_PREFIX_PATH} CMAKE_PREFIX_PATH=/home/wythe/PWCL_ws/install/mavros:/home/wythe/PWCL_ws/install/libmavconn:/home/wythe/PWCL_ws/install/mavros_msgs:/home/wythe/PWCL_ws/install/mavlink:/opt/ros/foxy LD_LIBRARY_PATH=/home/wythe/PWCL_ws/install/mavros/lib:/home/wythe/PWCL_ws/install/libmavconn/lib:/home/wythe/PWCL_ws/install/mavros_msgs/lib:${LD_LIBRARY_PATH} PKG_CONFIG_PATH=/home/wythe/PWCL_ws/install/mavlink/lib/x86_64-linux-gnu/pkgconfig:/home/wythe/PWCL_ws/install/mavlink/lib/pkgconfig PYTHONPATH=/home/wythe/PWCL_ws/install/mavros/lib/python3.8/site-packages:/home/wythe/PWCL_ws/install/mavros_msgs/lib/python3.8/site-packages:${PYTHONPATH} /usr/bin/cmake /home/wythe/PWCL_ws/src/mavros/mavros_extras -DCMAKE_INSTALL_PREFIX=/home/wythe/PWCL_ws/install/mavros_extras
[215.940s] DEBUG:colcon.colcon_core.event_handler.log_command:Invoking command in '/home/wythe/PWCL_ws/build/mavros_extras': AMENT_PREFIX_PATH=/home/wythe/PWCL_ws/install/mavros:/home/wythe/PWCL_ws/install/libmavconn:/home/wythe/PWCL_ws/install/mavros_msgs:${AMENT_PREFIX_PATH} CMAKE_PREFIX_PATH=/home/wythe/PWCL_ws/install/mavros:/home/wythe/PWCL_ws/install/libmavconn:/home/wythe/PWCL_ws/install/mavros_msgs:/home/wythe/PWCL_ws/install/mavlink:/opt/ros/foxy LD_LIBRARY_PATH=/home/wythe/PWCL_ws/install/mavros/lib:/home/wythe/PWCL_ws/install/libmavconn/lib:/home/wythe/PWCL_ws/install/mavros_msgs/lib:${LD_LIBRARY_PATH} PKG_CONFIG_PATH=/home/wythe/PWCL_ws/install/mavlink/lib/x86_64-linux-gnu/pkgconfig:/home/wythe/PWCL_ws/install/mavlink/lib/pkgconfig PYTHONPATH=/home/wythe/PWCL_ws/install/mavros/lib/python3.8/site-packages:/home/wythe/PWCL_ws/install/mavros_msgs/lib/python3.8/site-packages:${PYTHONPATH} /usr/bin/cmake --build /home/wythe/PWCL_ws/build/mavros_extras -- -j12 -l12
[299.011s] DEBUG:colcon.colcon_core.event_handler.log_command:Invoked command in '/home/wythe/PWCL_ws/build/mavros_extras' returned '0': AMENT_PREFIX_PATH=/home/wythe/PWCL_ws/install/mavros:/home/wythe/PWCL_ws/install/libmavconn:/home/wythe/PWCL_ws/install/mavros_msgs:${AMENT_PREFIX_PATH} CMAKE_PREFIX_PATH=/home/wythe/PWCL_ws/install/mavros:/home/wythe/PWCL_ws/install/libmavconn:/home/wythe/PWCL_ws/install/mavros_msgs:/home/wythe/PWCL_ws/install/mavlink:/opt/ros/foxy LD_LIBRARY_PATH=/home/wythe/PWCL_ws/install/mavros/lib:/home/wythe/PWCL_ws/install/libmavconn/lib:/home/wythe/PWCL_ws/install/mavros_msgs/lib:${LD_LIBRARY_PATH} PKG_CONFIG_PATH=/home/wythe/PWCL_ws/install/mavlink/lib/x86_64-linux-gnu/pkgconfig:/home/wythe/PWCL_ws/install/mavlink/lib/pkgconfig PYTHONPATH=/home/wythe/PWCL_ws/install/mavros/lib/python3.8/site-packages:/home/wythe/PWCL_ws/install/mavros_msgs/lib/python3.8/site-packages:${PYTHONPATH} /usr/bin/cmake --build /home/wythe/PWCL_ws/build/mavros_extras -- -j12 -l12
[299.089s] DEBUG:colcon.colcon_core.event_handler.log_command:Invoking command in '/home/wythe/PWCL_ws/build/mavros_extras': AMENT_PREFIX_PATH=/home/wythe/PWCL_ws/install/mavros:/home/wythe/PWCL_ws/install/libmavconn:/home/wythe/PWCL_ws/install/mavros_msgs:${AMENT_PREFIX_PATH} CMAKE_PREFIX_PATH=/home/wythe/PWCL_ws/install/mavros:/home/wythe/PWCL_ws/install/libmavconn:/home/wythe/PWCL_ws/install/mavros_msgs:/home/wythe/PWCL_ws/install/mavlink:/opt/ros/foxy LD_LIBRARY_PATH=/home/wythe/PWCL_ws/install/mavros/lib:/home/wythe/PWCL_ws/install/libmavconn/lib:/home/wythe/PWCL_ws/install/mavros_msgs/lib:${LD_LIBRARY_PATH} PKG_CONFIG_PATH=/home/wythe/PWCL_ws/install/mavlink/lib/x86_64-linux-gnu/pkgconfig:/home/wythe/PWCL_ws/install/mavlink/lib/pkgconfig PYTHONPATH=/home/wythe/PWCL_ws/install/mavros/lib/python3.8/site-packages:/home/wythe/PWCL_ws/install/mavros_msgs/lib/python3.8/site-packages:${PYTHONPATH} /usr/bin/cmake --install /home/wythe/PWCL_ws/build/mavros_extras
[299.183s] Level 1:colcon.colcon_core.environment:create_environment_scripts_only(mavros_extras)
[299.183s] DEBUG:colcon.colcon_core.event_handler.log_command:Invoked command in '/home/wythe/PWCL_ws/build/mavros_extras' returned '0': AMENT_PREFIX_PATH=/home/wythe/PWCL_ws/install/mavros:/home/wythe/PWCL_ws/install/libmavconn:/home/wythe/PWCL_ws/install/mavros_msgs:${AMENT_PREFIX_PATH} CMAKE_PREFIX_PATH=/home/wythe/PWCL_ws/install/mavros:/home/wythe/PWCL_ws/install/libmavconn:/home/wythe/PWCL_ws/install/mavros_msgs:/home/wythe/PWCL_ws/install/mavlink:/opt/ros/foxy LD_LIBRARY_PATH=/home/wythe/PWCL_ws/install/mavros/lib:/home/wythe/PWCL_ws/install/libmavconn/lib:/home/wythe/PWCL_ws/install/mavros_msgs/lib:${LD_LIBRARY_PATH} PKG_CONFIG_PATH=/home/wythe/PWCL_ws/install/mavlink/lib/x86_64-linux-gnu/pkgconfig:/home/wythe/PWCL_ws/install/mavlink/lib/pkgconfig PYTHONPATH=/home/wythe/PWCL_ws/install/mavros/lib/python3.8/site-packages:/home/wythe/PWCL_ws/install/mavros_msgs/lib/python3.8/site-packages:${PYTHONPATH} /usr/bin/cmake --install /home/wythe/PWCL_ws/build/mavros_extras
[299.226s] Level 1:colcon.colcon_core.environment:checking '/home/wythe/PWCL_ws/install/mavros_extras' for CMake module files
[299.226s] Level 1:colcon.colcon_core.environment:checking '/home/wythe/PWCL_ws/install/mavros_extras' for CMake config files
[299.226s] Level 1:colcon.colcon_core.shell:create_environment_hook('mavros_extras', 'cmake_prefix_path')
[299.266s] INFO:colcon.colcon_core.shell:Creating environment hook '/home/wythe/PWCL_ws/install/mavros_extras/share/mavros_extras/hook/cmake_prefix_path.ps1'
[299.267s] INFO:colcon.colcon_core.shell:Creating environment descriptor '/home/wythe/PWCL_ws/install/mavros_extras/share/mavros_extras/hook/cmake_prefix_path.dsv'
[299.267s] INFO:colcon.colcon_core.shell:Creating environment hook '/home/wythe/PWCL_ws/install/mavros_extras/share/mavros_extras/hook/cmake_prefix_path.sh'
[299.268s] Level 1:colcon.colcon_core.environment:checking '/home/wythe/PWCL_ws/install/mavros_extras/lib'
[299.268s] Level 1:colcon.colcon_core.shell:create_environment_hook('mavros_extras', 'ld_library_path_lib')
[299.308s] INFO:colcon.colcon_core.shell:Creating environment hook '/home/wythe/PWCL_ws/install/mavros_extras/share/mavros_extras/hook/ld_library_path_lib.ps1'
[299.308s] INFO:colcon.colcon_core.shell:Creating environment descriptor '/home/wythe/PWCL_ws/install/mavros_extras/share/mavros_extras/hook/ld_library_path_lib.dsv'
[299.308s] INFO:colcon.colcon_core.shell:Creating environment hook '/home/wythe/PWCL_ws/install/mavros_extras/share/mavros_extras/hook/ld_library_path_lib.sh'
[299.309s] Level 1:colcon.colcon_core.environment:checking '/home/wythe/PWCL_ws/install/mavros_extras/bin'
[299.309s] Level 1:colcon.colcon_core.environment:checking '/home/wythe/PWCL_ws/install/mavros_extras/lib/pkgconfig/mavros_extras.pc'
[299.309s] Level 1:colcon.colcon_core.environment:checking '/home/wythe/PWCL_ws/install/mavros_extras/lib/python3.8/site-packages'
[299.309s] Level 1:colcon.colcon_core.environment:checking '/home/wythe/PWCL_ws/install/mavros_extras/bin'
[299.351s] INFO:colcon.colcon_core.shell:Creating package script '/home/wythe/PWCL_ws/install/mavros_extras/share/mavros_extras/package.ps1'
[299.352s] INFO:colcon.colcon_core.shell:Creating package descriptor '/home/wythe/PWCL_ws/install/mavros_extras/share/mavros_extras/package.dsv'
[299.352s] INFO:colcon.colcon_core.shell:Creating package script '/home/wythe/PWCL_ws/install/mavros_extras/share/mavros_extras/package.sh'
[299.353s] INFO:colcon.colcon_core.shell:Creating package script '/home/wythe/PWCL_ws/install/mavros_extras/share/mavros_extras/package.bash'
[299.353s] INFO:colcon.colcon_core.shell:Creating package script '/home/wythe/PWCL_ws/install/mavros_extras/share/mavros_extras/package.zsh'
[299.353s] Level 1:colcon.colcon_core.environment:create_file_with_runtime_dependencies(/home/wythe/PWCL_ws/install/mavros_extras/share/colcon-core/packages/mavros_extras)
[299.477s] Level 1:colcon.colcon_core.environment:create_environment_scripts_only(mavros_extras)
[299.517s] Level 1:colcon.colcon_core.environment:checking '/home/wythe/PWCL_ws/install/mavros_extras' for CMake module files
[299.518s] Level 1:colcon.colcon_core.environment:checking '/home/wythe/PWCL_ws/install/mavros_extras' for CMake config files
[299.518s] Level 1:colcon.colcon_core.shell:create_environment_hook('mavros_extras', 'cmake_prefix_path')
[299.559s] INFO:colcon.colcon_core.shell:Creating environment hook '/home/wythe/PWCL_ws/install/mavros_extras/share/mavros_extras/hook/cmake_prefix_path.ps1'
[299.559s] INFO:colcon.colcon_core.shell:Creating environment descriptor '/home/wythe/PWCL_ws/install/mavros_extras/share/mavros_extras/hook/cmake_prefix_path.dsv'
[299.559s] INFO:colcon.colcon_core.shell:Creating environment hook '/home/wythe/PWCL_ws/install/mavros_extras/share/mavros_extras/hook/cmake_prefix_path.sh'
[299.560s] Level 1:colcon.colcon_core.environment:checking '/home/wythe/PWCL_ws/install/mavros_extras/lib'
[299.560s] Level 1:colcon.colcon_core.shell:create_environment_hook('mavros_extras', 'ld_library_path_lib')
[299.600s] INFO:colcon.colcon_core.shell:Creating environment hook '/home/wythe/PWCL_ws/install/mavros_extras/share/mavros_extras/hook/ld_library_path_lib.ps1'
[299.601s] INFO:colcon.colcon_core.shell:Creating environment descriptor '/home/wythe/PWCL_ws/install/mavros_extras/share/mavros_extras/hook/ld_library_path_lib.dsv'
[299.601s] INFO:colcon.colcon_core.shell:Creating environment hook '/home/wythe/PWCL_ws/install/mavros_extras/share/mavros_extras/hook/ld_library_path_lib.sh'
[299.601s] Level 1:colcon.colcon_core.environment:checking '/home/wythe/PWCL_ws/install/mavros_extras/bin'
[299.601s] Level 1:colcon.colcon_core.environment:checking '/home/wythe/PWCL_ws/install/mavros_extras/lib/pkgconfig/mavros_extras.pc'
[299.602s] Level 1:colcon.colcon_core.environment:checking '/home/wythe/PWCL_ws/install/mavros_extras/lib/python3.8/site-packages'
[299.602s] Level 1:colcon.colcon_core.environment:checking '/home/wythe/PWCL_ws/install/mavros_extras/bin'
[299.643s] INFO:colcon.colcon_core.shell:Creating package script '/home/wythe/PWCL_ws/install/mavros_extras/share/mavros_extras/package.ps1'
[299.643s] INFO:colcon.colcon_core.shell:Creating package descriptor '/home/wythe/PWCL_ws/install/mavros_extras/share/mavros_extras/package.dsv'
[299.644s] INFO:colcon.colcon_core.shell:Creating package script '/home/wythe/PWCL_ws/install/mavros_extras/share/mavros_extras/package.sh'
[299.644s] INFO:colcon.colcon_core.shell:Creating package script '/home/wythe/PWCL_ws/install/mavros_extras/share/mavros_extras/package.bash'
[299.645s] INFO:colcon.colcon_core.shell:Creating package script '/home/wythe/PWCL_ws/install/mavros_extras/share/mavros_extras/package.zsh'
[299.645s] Level 1:colcon.colcon_core.environment:create_file_with_runtime_dependencies(/home/wythe/PWCL_ws/install/mavros_extras/share/colcon-core/packages/mavros_extras)
[299.645s] DEBUG:colcon.colcon_parallel_executor.executor.parallel:closing loop
[299.645s] DEBUG:colcon.colcon_parallel_executor.executor.parallel:loop closed
[299.645s] DEBUG:colcon.colcon_parallel_executor.executor.parallel:run_until_complete finished with '0'
[299.645s] DEBUG:colcon.colcon_core.event_reactor:joining thread
[299.695s] INFO:colcon.colcon_core.plugin_system:Skipping extension 'colcon_notification.desktop_notification.terminal_notifier': Not used on non-Darwin systems
[299.695s] INFO:colcon.colcon_core.plugin_system:Skipping extension 'colcon_notification.desktop_notification.win32': Not used on non-Windows systems
[299.695s] INFO:colcon.colcon_notification.desktop_notification:Sending desktop notification using 'notify2'
[299.710s] DEBUG:colcon.colcon_core.event_reactor:joined thread
[299.752s] INFO:colcon.colcon_core.shell:Creating prefix script '/home/wythe/PWCL_ws/install/local_setup.ps1'
[299.753s] INFO:colcon.colcon_core.shell:Creating prefix util module '/home/wythe/PWCL_ws/install/_local_setup_util_ps1.py'
[299.755s] INFO:colcon.colcon_core.shell:Creating prefix chain script '/home/wythe/PWCL_ws/install/setup.ps1'
[299.807s] INFO:colcon.colcon_core.shell:Creating prefix script '/home/wythe/PWCL_ws/install/local_setup.sh'
[299.807s] INFO:colcon.colcon_core.shell:Creating prefix util module '/home/wythe/PWCL_ws/install/_local_setup_util_sh.py'
[299.808s] INFO:colcon.colcon_core.shell:Creating prefix chain script '/home/wythe/PWCL_ws/install/setup.sh'
[299.848s] INFO:colcon.colcon_core.shell:Creating prefix script '/home/wythe/PWCL_ws/install/local_setup.bash'
[299.849s] INFO:colcon.colcon_core.shell:Creating prefix chain script '/home/wythe/PWCL_ws/install/setup.bash'
[299.891s] INFO:colcon.colcon_core.shell:Creating prefix script '/home/wythe/PWCL_ws/install/local_setup.zsh'
[299.892s] INFO:colcon.colcon_core.shell:Creating prefix chain script '/home/wythe/PWCL_ws/install/setup.zsh'
