[0.176s] Invoking command in '/home/wythe/PWCL_ws/build/libmavconn': CMAKE_PREFIX_PATH=/home/wythe/PWCL_ws/install/mavlink:/opt/ros/foxy PKG_CONFIG_PATH=/home/wythe/PWCL_ws/install/mavlink/lib/x86_64-linux-gnu/pkgconfig:/home/wythe/PWCL_ws/install/mavlink/lib/pkgconfig /usr/bin/cmake /home/wythe/PWCL_ws/src/mavros/libmavconn -DCMAKE_INSTALL_PREFIX=/home/wythe/PWCL_ws/install/libmavconn
[0.236s] -- The C compiler identification is GNU 9.4.0
[0.299s] -- The CXX compiler identification is GNU 9.4.0
[0.304s] -- Check for working C compiler: /usr/bin/cc
[0.383s] -- Check for working C compiler: /usr/bin/cc -- works
[0.384s] -- Detecting C compiler ABI info
[0.466s] -- Detecting C compiler ABI info - done
[0.491s] -- Detecting C compile features
[0.491s] -- Detecting C compile features - done
[0.496s] -- Check for working CXX compiler: /usr/bin/c++
[0.593s] -- Check for working CXX compiler: /usr/bin/c++ -- works
[0.594s] -- Detecting CXX compiler ABI info
[0.677s] -- Detecting CXX compiler ABI info - done
[0.689s] -- Detecting CXX compile features
[0.690s] -- Detecting CXX compile features - done
[0.692s] -- Found ament_cmake: 0.9.12 (/opt/ros/foxy/share/ament_cmake/cmake)
[0.715s] -- Found PythonInterp: /usr/bin/python3 (found suitable version "3.8.10", minimum required is "3") 
[0.715s] -- Using PYTHON_EXECUTABLE: /usr/bin/python3
[0.922s] -- Found ASIO: /usr/include  
[1.048s] -- Found Python3: /usr/bin/python3.8 (found version "3.8.10") found components: Interpreter 
[1.118s] -- Copy mavlink_dialect.hpp to source tree
[1.120s] -- Found ament_cmake_gtest: 0.9.12 (/opt/ros/foxy/share/ament_cmake_gtest/cmake)
[1.122s] -- Found ament_lint_auto: 0.9.8 (/opt/ros/foxy/share/ament_lint_auto/cmake)
[1.203s] -- Found gtest sources under '/opt/ros/foxy/src/gtest_vendor': C++ tests using 'Google Test' will be built
[1.207s] -- Looking for pthread.h
[1.290s] -- Looking for pthread.h - found
[1.291s] -- Performing Test CMAKE_HAVE_LIBC_PTHREAD
[1.364s] -- Performing Test CMAKE_HAVE_LIBC_PTHREAD - Failed
[1.364s] -- Check if compiler accepts -pthread
[1.438s] -- Check if compiler accepts -pthread - yes
[1.439s] -- Found Threads: TRUE  
[1.447s] -- Added test 'cppcheck' to perform static code analysis on C / C++ code
[1.447s] -- Configured cppcheck include dirs: /home/wythe/PWCL_ws/src/mavros/libmavconn/include
[1.447s] -- Configured cppcheck exclude dirs and/or files: 
[1.449s] -- Added test 'cpplint' to check C / C++ code against the Google style
[1.449s] -- Configured cpplint exclude dirs and/or files: 
[1.450s] -- Added test 'lint_cmake' to check CMake code style
[1.452s] -- Added test 'uncrustify' to check C / C++ code style
[1.452s] -- Configured uncrustify additional arguments: 
[1.452s] -- Added test 'xmllint' to check XML markup files
[1.458s] -- Configuring done
[1.468s] -- Generating done
[1.470s] -- Build files have been written to: /home/wythe/PWCL_ws/build/libmavconn
[1.476s] Invoked command in '/home/wythe/PWCL_ws/build/libmavconn' returned '0': CMAKE_PREFIX_PATH=/home/wythe/PWCL_ws/install/mavlink:/opt/ros/foxy PKG_CONFIG_PATH=/home/wythe/PWCL_ws/install/mavlink/lib/x86_64-linux-gnu/pkgconfig:/home/wythe/PWCL_ws/install/mavlink/lib/pkgconfig /usr/bin/cmake /home/wythe/PWCL_ws/src/mavros/libmavconn -DCMAKE_INSTALL_PREFIX=/home/wythe/PWCL_ws/install/libmavconn
[1.479s] Invoking command in '/home/wythe/PWCL_ws/build/libmavconn': CMAKE_PREFIX_PATH=/home/wythe/PWCL_ws/install/mavlink:/opt/ros/foxy PKG_CONFIG_PATH=/home/wythe/PWCL_ws/install/mavlink/lib/x86_64-linux-gnu/pkgconfig:/home/wythe/PWCL_ws/install/mavlink/lib/pkgconfig /usr/bin/cmake --build /home/wythe/PWCL_ws/build/libmavconn -- -j12 -l12
[1.517s] [35m[1mScanning dependencies of target gtest[0m
[1.517s] [35m[1mScanning dependencies of target gtest_main[0m
[1.517s] [35m[1mScanning dependencies of target mavconn[0m
[1.540s] [ 16%] [32mBuilding CXX object gtest/CMakeFiles/gtest_main.dir/src/gtest_main.cc.o[0m
[1.540s] [ 16%] [32mBuilding CXX object gtest/CMakeFiles/gtest.dir/src/gtest-all.cc.o[0m
[1.594s] [ 25%] [32mBuilding CXX object CMakeFiles/mavconn.dir/src/tcp.cpp.o[0m
[1.594s] [ 33%] [32mBuilding CXX object CMakeFiles/mavconn.dir/generated/src/mavlink_helpers.cpp.o[0m
[1.595s] [ 50%] [32mBuilding CXX object CMakeFiles/mavconn.dir/src/serial.cpp.o[0m
[1.595s] [ 41%] [32mBuilding CXX object CMakeFiles/mavconn.dir/src/interface.cpp.o[0m
[1.598s] [ 58%] [32mBuilding CXX object CMakeFiles/mavconn.dir/src/udp.cpp.o[0m
[4.085s] [ 66%] [32m[1mLinking CXX static library libgtest_main.a[0m
[4.151s] [ 66%] Built target gtest_main
[8.622s] [ 75%] [32m[1mLinking CXX shared library libmavconn.so[0m
[8.690s] [ 83%] [32m[1mLinking CXX static library libgtest.a[0m
[8.759s] [ 83%] Built target gtest
[8.844s] [ 83%] Built target mavconn
[8.855s] [35m[1mScanning dependencies of target test_mavconn[0m
[8.901s] [ 91%] [32mBuilding CXX object CMakeFiles/test_mavconn.dir/test/test_mavconn.cpp.o[0m
[13.356s] [100%] [32m[1mLinking CXX executable test_mavconn[0m
[13.545s] [100%] Built target test_mavconn
[13.558s] Invoked command in '/home/wythe/PWCL_ws/build/libmavconn' returned '0': CMAKE_PREFIX_PATH=/home/wythe/PWCL_ws/install/mavlink:/opt/ros/foxy PKG_CONFIG_PATH=/home/wythe/PWCL_ws/install/mavlink/lib/x86_64-linux-gnu/pkgconfig:/home/wythe/PWCL_ws/install/mavlink/lib/pkgconfig /usr/bin/cmake --build /home/wythe/PWCL_ws/build/libmavconn -- -j12 -l12
[13.596s] Invoking command in '/home/wythe/PWCL_ws/build/libmavconn': CMAKE_PREFIX_PATH=/home/wythe/PWCL_ws/install/mavlink:/opt/ros/foxy PKG_CONFIG_PATH=/home/wythe/PWCL_ws/install/mavlink/lib/x86_64-linux-gnu/pkgconfig:/home/wythe/PWCL_ws/install/mavlink/lib/pkgconfig /usr/bin/cmake --install /home/wythe/PWCL_ws/build/libmavconn
[13.606s] -- Install configuration: ""
[13.606s] -- Installing: /home/wythe/PWCL_ws/install/libmavconn/lib/libmavconn.so
[13.609s] -- Set runtime path of "/home/wythe/PWCL_ws/install/libmavconn/lib/libmavconn.so" to ""
[13.609s] -- Installing: /home/wythe/PWCL_ws/install/libmavconn/include
[13.609s] -- Installing: /home/wythe/PWCL_ws/install/libmavconn/include/mavconn
[13.610s] -- Installing: /home/wythe/PWCL_ws/install/libmavconn/include/mavconn/interface.hpp
[13.610s] -- Installing: /home/wythe/PWCL_ws/install/libmavconn/include/mavconn/serial.hpp
[13.610s] -- Installing: /home/wythe/PWCL_ws/install/libmavconn/include/mavconn/tcp.hpp
[13.610s] -- Installing: /home/wythe/PWCL_ws/install/libmavconn/include/mavconn/udp.hpp
[13.610s] -- Installing: /home/wythe/PWCL_ws/install/libmavconn/include/mavconn/thread_utils.hpp
[13.610s] -- Installing: /home/wythe/PWCL_ws/install/libmavconn/include/mavconn/mavlink_dialect.hpp
[13.611s] -- Installing: /home/wythe/PWCL_ws/install/libmavconn/include/mavconn/msgbuffer.hpp
[13.611s] -- Installing: /home/wythe/PWCL_ws/install/libmavconn/include/mavconn/console_bridge_compat.hpp
[13.611s] -- Installing: /home/wythe/PWCL_ws/install/libmavconn/include/mavconn/mavlink_dialect.hpp.em
[13.611s] -- Up-to-date: /home/wythe/PWCL_ws/install/libmavconn/include/mavconn
[13.611s] -- Up-to-date: /home/wythe/PWCL_ws/install/libmavconn/include/mavconn/mavlink_dialect.hpp
[13.611s] -- Installing: /home/wythe/PWCL_ws/install/libmavconn/share/libmavconn/cmake
[13.611s] -- Installing: /home/wythe/PWCL_ws/install/libmavconn/share/libmavconn/cmake/Modules
[13.612s] -- Installing: /home/wythe/PWCL_ws/install/libmavconn/share/libmavconn/cmake/Modules/em_expand.cmake
[13.612s] -- Installing: /home/wythe/PWCL_ws/install/libmavconn/share/libmavconn/cmake/Modules/FindASIO.cmake
[13.612s] -- Installing: /home/wythe/PWCL_ws/install/libmavconn/share/libmavconn/cmake/Modules/CheckGeographicLibDatasets.cmake
[13.612s] -- Installing: /home/wythe/PWCL_ws/install/libmavconn/share/libmavconn/environment/library_path.sh
[13.612s] -- Installing: /home/wythe/PWCL_ws/install/libmavconn/share/libmavconn/environment/library_path.dsv
[13.612s] -- Installing: /home/wythe/PWCL_ws/install/libmavconn/share/ament_index/resource_index/package_run_dependencies/libmavconn
[13.612s] -- Installing: /home/wythe/PWCL_ws/install/libmavconn/share/ament_index/resource_index/parent_prefix_path/libmavconn
[13.612s] -- Installing: /home/wythe/PWCL_ws/install/libmavconn/share/libmavconn/environment/ament_prefix_path.sh
[13.613s] -- Installing: /home/wythe/PWCL_ws/install/libmavconn/share/libmavconn/environment/ament_prefix_path.dsv
[13.613s] -- Installing: /home/wythe/PWCL_ws/install/libmavconn/share/libmavconn/environment/path.sh
[13.613s] -- Installing: /home/wythe/PWCL_ws/install/libmavconn/share/libmavconn/environment/path.dsv
[13.613s] -- Installing: /home/wythe/PWCL_ws/install/libmavconn/share/libmavconn/local_setup.bash
[13.613s] -- Installing: /home/wythe/PWCL_ws/install/libmavconn/share/libmavconn/local_setup.sh
[13.613s] -- Installing: /home/wythe/PWCL_ws/install/libmavconn/share/libmavconn/local_setup.zsh
[13.613s] -- Installing: /home/wythe/PWCL_ws/install/libmavconn/share/libmavconn/local_setup.dsv
[13.615s] -- Installing: /home/wythe/PWCL_ws/install/libmavconn/share/libmavconn/package.dsv
[13.615s] -- Installing: /home/wythe/PWCL_ws/install/libmavconn/share/ament_index/resource_index/packages/libmavconn
[13.615s] -- Installing: /home/wythe/PWCL_ws/install/libmavconn/share/libmavconn/cmake/libmavconn-extras.cmake
[13.615s] -- Installing: /home/wythe/PWCL_ws/install/libmavconn/share/libmavconn/cmake/ament_cmake_export_dependencies-extras.cmake
[13.615s] -- Installing: /home/wythe/PWCL_ws/install/libmavconn/share/libmavconn/cmake/ament_cmake_export_include_directories-extras.cmake
[13.615s] -- Installing: /home/wythe/PWCL_ws/install/libmavconn/share/libmavconn/cmake/ament_cmake_export_libraries-extras.cmake
[13.615s] -- Installing: /home/wythe/PWCL_ws/install/libmavconn/share/libmavconn/cmake/libmavconnConfig.cmake
[13.615s] -- Installing: /home/wythe/PWCL_ws/install/libmavconn/share/libmavconn/cmake/libmavconnConfig-version.cmake
[13.616s] -- Installing: /home/wythe/PWCL_ws/install/libmavconn/share/libmavconn/package.xml
[13.618s] Invoked command in '/home/wythe/PWCL_ws/build/libmavconn' returned '0': CMAKE_PREFIX_PATH=/home/wythe/PWCL_ws/install/mavlink:/opt/ros/foxy PKG_CONFIG_PATH=/home/wythe/PWCL_ws/install/mavlink/lib/x86_64-linux-gnu/pkgconfig:/home/wythe/PWCL_ws/install/mavlink/lib/pkgconfig /usr/bin/cmake --install /home/wythe/PWCL_ws/build/libmavconn
