[0.142s] Invoking command in '/home/wythe/PWCL_ws/build/mavros_extras': AMENT_PREFIX_PATH=/home/wythe/PWCL_ws/install/mavros:/home/wythe/PWCL_ws/install/libmavconn:/home/wythe/PWCL_ws/install/mavros_msgs:${AMENT_PREFIX_PATH} CMAKE_PREFIX_PATH=/home/wythe/PWCL_ws/install/mavros:/home/wythe/PWCL_ws/install/libmavconn:/home/wythe/PWCL_ws/install/mavros_msgs:/home/wythe/PWCL_ws/install/mavlink:/opt/ros/foxy LD_LIBRARY_PATH=/home/wythe/PWCL_ws/install/mavros/lib:/home/wythe/PWCL_ws/install/libmavconn/lib:/home/wythe/PWCL_ws/install/mavros_msgs/lib:${LD_LIBRARY_PATH} PKG_CONFIG_PATH=/home/wythe/PWCL_ws/install/mavlink/lib/x86_64-linux-gnu/pkgconfig:/home/wythe/PWCL_ws/install/mavlink/lib/pkgconfig PYTHONPATH=/home/wythe/PWCL_ws/install/mavros/lib/python3.8/site-packages:/home/wythe/PWCL_ws/install/mavros_msgs/lib/python3.8/site-packages:${PYTHONPATH} /usr/bin/cmake /home/wythe/PWCL_ws/src/mavros/mavros_extras -DCMAKE_INSTALL_PREFIX=/home/wythe/PWCL_ws/install/mavros_extras
[0.194s] -- The C compiler identification is GNU 9.4.0
[0.245s] -- The CXX compiler identification is GNU 9.4.0
[0.249s] -- Check for working C compiler: /usr/bin/cc
[0.316s] -- Check for working C compiler: /usr/bin/cc -- works
[0.317s] -- Detecting C compiler ABI info
[0.384s] -- Detecting C compiler ABI info - done
[0.394s] -- Detecting C compile features
[0.395s] -- Detecting C compile features - done
[0.397s] -- Check for working CXX compiler: /usr/bin/c++
[0.474s] -- Check for working CXX compiler: /usr/bin/c++ -- works
[0.475s] -- Detecting CXX compiler ABI info
[0.553s] -- Detecting CXX compiler ABI info - done
[0.564s] -- Detecting CXX compile features
[0.565s] -- Detecting CXX compile features - done
[0.567s] -- Found ament_cmake: 0.9.12 (/opt/ros/foxy/share/ament_cmake/cmake)
[0.591s] -- Found PythonInterp: /usr/bin/python3 (found suitable version "3.8.10", minimum required is "3") 
[0.591s] -- Using PYTHON_EXECUTABLE: /usr/bin/python3
[0.795s] -- Found rclcpp: 2.4.3 (/opt/ros/foxy/share/rclcpp/cmake)
[0.839s] -- Using all available rosidl_typesupport_c: rosidl_typesupport_fastrtps_c;rosidl_typesupport_introspection_c
[0.846s] -- Found rosidl_adapter: 1.3.1 (/opt/ros/foxy/share/rosidl_adapter/cmake)
[0.928s] -- Found OpenSSL: /usr/lib/x86_64-linux-gnu/libcrypto.so (found version "1.1.1f")  
[0.957s] -- Found FastRTPS: /opt/ros/foxy/include  
[1.035s] -- Using all available rosidl_typesupport_cpp: rosidl_typesupport_fastrtps_cpp;rosidl_typesupport_introspection_cpp
[1.090s] -- Found rmw_implementation_cmake: 1.0.4 (/opt/ros/foxy/share/rmw_implementation_cmake/cmake)
[1.091s] -- Using RMW implementation 'rmw_fastrtps_cpp' as default
[1.092s] -- Looking for pthread.h
[1.162s] -- Looking for pthread.h - found
[1.163s] -- Performing Test CMAKE_HAVE_LIBC_PTHREAD
[1.235s] -- Performing Test CMAKE_HAVE_LIBC_PTHREAD - Failed
[1.235s] -- Looking for pthread_create in pthreads
[1.294s] -- Looking for pthread_create in pthreads - not found
[1.294s] -- Looking for pthread_create in pthread
[1.362s] -- Looking for pthread_create in pthread - found
[1.363s] -- Found Threads: TRUE  
[1.515s] -- Found rclcpp_components: 2.4.3 (/opt/ros/foxy/share/rclcpp_components/cmake)
[1.577s] -- Found pluginlib: 2.5.4 (/opt/ros/foxy/share/pluginlib/cmake)
[1.596s] -- Found message_filters: 3.2.7 (/opt/ros/foxy/share/message_filters/cmake)
[1.599s] -- Found mavros: 2.4.0 (/home/wythe/PWCL_ws/install/mavros/share/mavros/cmake)
[1.606s] -- Found libmavconn: 2.4.0 (/home/wythe/PWCL_ws/install/libmavconn/share/libmavconn/cmake)
[1.610s] -- Found Eigen3: TRUE (found version "3.3.7") 
[1.615s] -- Found yaml_cpp_vendor: 7.0.3 (/opt/ros/foxy/share/yaml_cpp_vendor/cmake)
[1.615s] -- Setting yaml-cpp_DIR to: '/opt/ros/foxy/share/yaml_cpp_vendor/cmake/../../../opt/yaml_cpp_vendor/lib/cmake/yaml-cpp'
[1.618s] -- Found GeographicLib: /usr/lib/x86_64-linux-gnu  
[1.619s] -- Found angles: 1.12.6 (/opt/ros/foxy/share/angles/cmake)
[1.622s] -- Found eigen_stl_containers: 1.0.0 (/opt/ros/foxy/share/eigen_stl_containers/cmake)
[1.625s] -- Found tf2_eigen: 0.13.14 (/opt/ros/foxy/share/tf2_eigen/cmake)
[1.964s] -- Found urdf: 2.4.0 (/opt/ros/foxy/share/urdf/cmake)
[1.991s] -- Found diagnostic_msgs: 2.0.5 (/opt/ros/foxy/share/diagnostic_msgs/cmake)
[2.024s] -- Found diagnostic_updater: 3.1.2 (/opt/ros/foxy/share/diagnostic_updater/cmake)
[2.044s] -- Found geographic_msgs: 1.0.4 (/opt/ros/foxy/share/geographic_msgs/cmake)
[2.132s] -- Found mavros_msgs: 2.4.0 (/home/wythe/PWCL_ws/install/mavros_msgs/share/mavros_msgs/cmake)
[2.494s] -- Found nav_msgs: 2.0.5 (/opt/ros/foxy/share/nav_msgs/cmake)
[2.564s] -- Found std_srvs: 2.0.5 (/opt/ros/foxy/share/std_srvs/cmake)
[2.574s] -- Found trajectory_msgs: 2.0.5 (/opt/ros/foxy/share/trajectory_msgs/cmake)
[2.648s] -- Found visualization_msgs: 2.0.5 (/opt/ros/foxy/share/visualization_msgs/cmake)
[2.736s] -- Found ament_cmake_gtest: 0.9.12 (/opt/ros/foxy/share/ament_cmake_gtest/cmake)
[2.738s] -- Found ament_cmake_gmock: 0.9.12 (/opt/ros/foxy/share/ament_cmake_gmock/cmake)
[2.740s] -- Found ament_lint_auto: 0.9.8 (/opt/ros/foxy/share/ament_lint_auto/cmake)
[2.840s] -- Added test 'cppcheck' to perform static code analysis on C / C++ code
[2.840s] -- Configured cppcheck include dirs: $<BUILD_INTERFACE:/home/wythe/PWCL_ws/src/mavros/mavros_extras/include>
[2.840s] -- Configured cppcheck exclude dirs and/or files: 
[2.843s] -- Added test 'cpplint' to check C / C++ code against the Google style
[2.843s] -- Configured cpplint exclude dirs and/or files: 
[2.844s] -- Added test 'lint_cmake' to check CMake code style
[2.846s] -- Added test 'uncrustify' to check C / C++ code style
[2.846s] -- Configured uncrustify additional arguments: 
[2.847s] -- Added test 'xmllint' to check XML markup files
[2.853s] -- Configuring done
[2.901s] -- Generating done
[2.903s] -- Build files have been written to: /home/wythe/PWCL_ws/build/mavros_extras
[2.916s] Invoked command in '/home/wythe/PWCL_ws/build/mavros_extras' returned '0': AMENT_PREFIX_PATH=/home/wythe/PWCL_ws/install/mavros:/home/wythe/PWCL_ws/install/libmavconn:/home/wythe/PWCL_ws/install/mavros_msgs:${AMENT_PREFIX_PATH} CMAKE_PREFIX_PATH=/home/wythe/PWCL_ws/install/mavros:/home/wythe/PWCL_ws/install/libmavconn:/home/wythe/PWCL_ws/install/mavros_msgs:/home/wythe/PWCL_ws/install/mavlink:/opt/ros/foxy LD_LIBRARY_PATH=/home/wythe/PWCL_ws/install/mavros/lib:/home/wythe/PWCL_ws/install/libmavconn/lib:/home/wythe/PWCL_ws/install/mavros_msgs/lib:${LD_LIBRARY_PATH} PKG_CONFIG_PATH=/home/wythe/PWCL_ws/install/mavlink/lib/x86_64-linux-gnu/pkgconfig:/home/wythe/PWCL_ws/install/mavlink/lib/pkgconfig PYTHONPATH=/home/wythe/PWCL_ws/install/mavros/lib/python3.8/site-packages:/home/wythe/PWCL_ws/install/mavros_msgs/lib/python3.8/site-packages:${PYTHONPATH} /usr/bin/cmake /home/wythe/PWCL_ws/src/mavros/mavros_extras -DCMAKE_INSTALL_PREFIX=/home/wythe/PWCL_ws/install/mavros_extras
[2.918s] Invoking command in '/home/wythe/PWCL_ws/build/mavros_extras': AMENT_PREFIX_PATH=/home/wythe/PWCL_ws/install/mavros:/home/wythe/PWCL_ws/install/libmavconn:/home/wythe/PWCL_ws/install/mavros_msgs:${AMENT_PREFIX_PATH} CMAKE_PREFIX_PATH=/home/wythe/PWCL_ws/install/mavros:/home/wythe/PWCL_ws/install/libmavconn:/home/wythe/PWCL_ws/install/mavros_msgs:/home/wythe/PWCL_ws/install/mavlink:/opt/ros/foxy LD_LIBRARY_PATH=/home/wythe/PWCL_ws/install/mavros/lib:/home/wythe/PWCL_ws/install/libmavconn/lib:/home/wythe/PWCL_ws/install/mavros_msgs/lib:${LD_LIBRARY_PATH} PKG_CONFIG_PATH=/home/wythe/PWCL_ws/install/mavlink/lib/x86_64-linux-gnu/pkgconfig:/home/wythe/PWCL_ws/install/mavlink/lib/pkgconfig PYTHONPATH=/home/wythe/PWCL_ws/install/mavros/lib/python3.8/site-packages:/home/wythe/PWCL_ws/install/mavros_msgs/lib/python3.8/site-packages:${PYTHONPATH} /usr/bin/cmake --build /home/wythe/PWCL_ws/build/mavros_extras -- -j12 -l12
[2.960s] [35m[1mScanning dependencies of target mavros_extras[0m
[2.960s] [35m[1mScanning dependencies of target servo_state_publisher[0m
[2.960s] [35m[1mScanning dependencies of target mavros_extras_plugins[0m
[3.004s] [  2%] [32mBuilding CXX object CMakeFiles/servo_state_publisher.dir/rclcpp_components/node_main_servo_state_publisher.cpp.o[0m
[3.016s] [  5%] [32mBuilding CXX object CMakeFiles/mavros_extras.dir/src/lib/servo_state_publisher.cpp.o[0m
[3.783s] [ 10%] [32mBuilding CXX object CMakeFiles/mavros_extras_plugins.dir/src/plugins/3dr_radio.cpp.o[0m
[3.784s] [ 10%] [32mBuilding CXX object CMakeFiles/mavros_extras_plugins.dir/src/plugins/adsb.cpp.o[0m
[3.788s] [ 12%] [32mBuilding CXX object CMakeFiles/mavros_extras_plugins.dir/src/plugins/cam_imu_sync.cpp.o[0m
[3.791s] [ 15%] [32mBuilding CXX object CMakeFiles/mavros_extras_plugins.dir/src/plugins/camera.cpp.o[0m
[3.792s] [ 17%] [32mBuilding CXX object CMakeFiles/mavros_extras_plugins.dir/src/plugins/cellular_status.cpp.o[0m
[3.793s] [ 20%] [32mBuilding CXX object CMakeFiles/mavros_extras_plugins.dir/src/plugins/companion_process_status.cpp.o[0m
[3.794s] [ 22%] [32mBuilding CXX object CMakeFiles/mavros_extras_plugins.dir/src/plugins/debug_value.cpp.o[0m
[3.798s] [ 25%] [32mBuilding CXX object CMakeFiles/mavros_extras_plugins.dir/src/plugins/distance_sensor.cpp.o[0m
[3.798s] [ 27%] [32mBuilding CXX object CMakeFiles/mavros_extras_plugins.dir/src/plugins/esc_status.cpp.o[0m
[3.808s] [ 30%] [32mBuilding CXX object CMakeFiles/mavros_extras_plugins.dir/src/plugins/esc_telemetry.cpp.o[0m
[7.670s] [ 32%] [32m[1mLinking CXX executable servo_state_publisher[0m
[8.060s] [ 32%] Built target servo_state_publisher
[8.086s] [ 35%] [32mBuilding CXX object CMakeFiles/mavros_extras_plugins.dir/src/plugins/fake_gps.cpp.o[0m
[19.887s] [ 37%] [32mBuilding CXX object CMakeFiles/mavros_extras_plugins.dir/src/plugins/gps_input.cpp.o[0m
[20.296s] [ 40%] [32m[1mLinking CXX shared library libmavros_extras.so[0m
[21.212s] [ 42%] [32mBuilding CXX object CMakeFiles/mavros_extras_plugins.dir/src/plugins/gps_rtk.cpp.o[0m
[21.399s] [ 45%] [32mBuilding CXX object CMakeFiles/mavros_extras_plugins.dir/src/plugins/gps_status.cpp.o[0m
[21.723s] [ 45%] Built target mavros_extras
[21.747s] [ 47%] [32mBuilding CXX object CMakeFiles/mavros_extras_plugins.dir/src/plugins/guided_target.cpp.o[0m
[21.867s] [ 50%] [32mBuilding CXX object CMakeFiles/mavros_extras_plugins.dir/src/plugins/hil.cpp.o[0m
[22.789s] [ 52%] [32mBuilding CXX object CMakeFiles/mavros_extras_plugins.dir/src/plugins/landing_target.cpp.o[0m
[24.952s] [ 55%] [32mBuilding CXX object CMakeFiles/mavros_extras_plugins.dir/src/plugins/log_transfer.cpp.o[0m
[25.136s] [ 57%] [32mBuilding CXX object CMakeFiles/mavros_extras_plugins.dir/src/plugins/mag_calibration_status.cpp.o[0m
[25.976s] [ 60%] [32mBuilding CXX object CMakeFiles/mavros_extras_plugins.dir/src/plugins/mocap_pose_estimate.cpp.o[0m
[26.583s] [ 62%] [32mBuilding CXX object CMakeFiles/mavros_extras_plugins.dir/src/plugins/mount_control.cpp.o[0m
[31.711s] [ 65%] [32mBuilding CXX object CMakeFiles/mavros_extras_plugins.dir/src/plugins/obstacle_distance.cpp.o[0m
[38.374s] [ 67%] [32mBuilding CXX object CMakeFiles/mavros_extras_plugins.dir/src/plugins/odom.cpp.o[0m
[40.787s] [ 70%] [32mBuilding CXX object CMakeFiles/mavros_extras_plugins.dir/src/plugins/onboard_computer_status.cpp.o[0m
[40.911s] [ 72%] [32mBuilding CXX object CMakeFiles/mavros_extras_plugins.dir/src/plugins/play_tune.cpp.o[0m
[43.442s] [ 75%] [32mBuilding CXX object CMakeFiles/mavros_extras_plugins.dir/src/plugins/px4flow.cpp.o[0m
[43.781s] [ 77%] [32mBuilding CXX object CMakeFiles/mavros_extras_plugins.dir/src/plugins/rangefinder.cpp.o[0m
[46.186s] [ 80%] [32mBuilding CXX object CMakeFiles/mavros_extras_plugins.dir/src/plugins/terrain.cpp.o[0m
[48.887s] [ 82%] [32mBuilding CXX object CMakeFiles/mavros_extras_plugins.dir/src/plugins/trajectory.cpp.o[0m
[52.099s] [ 85%] [32mBuilding CXX object CMakeFiles/mavros_extras_plugins.dir/src/plugins/tunnel.cpp.o[0m
[52.441s] [ 87%] [32mBuilding CXX object CMakeFiles/mavros_extras_plugins.dir/src/plugins/vfr_hud.cpp.o[0m
[54.818s] [ 90%] [32mBuilding CXX object CMakeFiles/mavros_extras_plugins.dir/src/plugins/vibration.cpp.o[0m
[55.924s] [ 92%] [32mBuilding CXX object CMakeFiles/mavros_extras_plugins.dir/src/plugins/vision_pose_estimate.cpp.o[0m
[60.603s] [ 95%] [32mBuilding CXX object CMakeFiles/mavros_extras_plugins.dir/src/plugins/vision_speed_estimate.cpp.o[0m
[61.206s] [ 97%] [32mBuilding CXX object CMakeFiles/mavros_extras_plugins.dir/src/plugins/wheel_odometry.cpp.o[0m
[77.863s] [100%] [32m[1mLinking CXX shared library libmavros_extras_plugins.so[0m
[85.974s] [100%] Built target mavros_extras_plugins
[85.988s] Invoked command in '/home/wythe/PWCL_ws/build/mavros_extras' returned '0': AMENT_PREFIX_PATH=/home/wythe/PWCL_ws/install/mavros:/home/wythe/PWCL_ws/install/libmavconn:/home/wythe/PWCL_ws/install/mavros_msgs:${AMENT_PREFIX_PATH} CMAKE_PREFIX_PATH=/home/wythe/PWCL_ws/install/mavros:/home/wythe/PWCL_ws/install/libmavconn:/home/wythe/PWCL_ws/install/mavros_msgs:/home/wythe/PWCL_ws/install/mavlink:/opt/ros/foxy LD_LIBRARY_PATH=/home/wythe/PWCL_ws/install/mavros/lib:/home/wythe/PWCL_ws/install/libmavconn/lib:/home/wythe/PWCL_ws/install/mavros_msgs/lib:${LD_LIBRARY_PATH} PKG_CONFIG_PATH=/home/wythe/PWCL_ws/install/mavlink/lib/x86_64-linux-gnu/pkgconfig:/home/wythe/PWCL_ws/install/mavlink/lib/pkgconfig PYTHONPATH=/home/wythe/PWCL_ws/install/mavros/lib/python3.8/site-packages:/home/wythe/PWCL_ws/install/mavros_msgs/lib/python3.8/site-packages:${PYTHONPATH} /usr/bin/cmake --build /home/wythe/PWCL_ws/build/mavros_extras -- -j12 -l12
[86.066s] Invoking command in '/home/wythe/PWCL_ws/build/mavros_extras': AMENT_PREFIX_PATH=/home/wythe/PWCL_ws/install/mavros:/home/wythe/PWCL_ws/install/libmavconn:/home/wythe/PWCL_ws/install/mavros_msgs:${AMENT_PREFIX_PATH} CMAKE_PREFIX_PATH=/home/wythe/PWCL_ws/install/mavros:/home/wythe/PWCL_ws/install/libmavconn:/home/wythe/PWCL_ws/install/mavros_msgs:/home/wythe/PWCL_ws/install/mavlink:/opt/ros/foxy LD_LIBRARY_PATH=/home/wythe/PWCL_ws/install/mavros/lib:/home/wythe/PWCL_ws/install/libmavconn/lib:/home/wythe/PWCL_ws/install/mavros_msgs/lib:${LD_LIBRARY_PATH} PKG_CONFIG_PATH=/home/wythe/PWCL_ws/install/mavlink/lib/x86_64-linux-gnu/pkgconfig:/home/wythe/PWCL_ws/install/mavlink/lib/pkgconfig PYTHONPATH=/home/wythe/PWCL_ws/install/mavros/lib/python3.8/site-packages:/home/wythe/PWCL_ws/install/mavros_msgs/lib/python3.8/site-packages:${PYTHONPATH} /usr/bin/cmake --install /home/wythe/PWCL_ws/build/mavros_extras
[86.074s] -- Install configuration: ""
[86.074s] -- Installing: /home/wythe/PWCL_ws/install/mavros_extras/share/mavros_extras/mavros_plugins.xml
[86.074s] -- Installing: /home/wythe/PWCL_ws/install/mavros_extras/lib/mavros_extras/servo_state_publisher
[86.075s] -- Set runtime path of "/home/wythe/PWCL_ws/install/mavros_extras/lib/mavros_extras/servo_state_publisher" to ""
[86.075s] -- Installing: /home/wythe/PWCL_ws/install/mavros_extras/lib/libmavros_extras.so
[86.082s] -- Set runtime path of "/home/wythe/PWCL_ws/install/mavros_extras/lib/libmavros_extras.so" to ""
[86.082s] -- Installing: /home/wythe/PWCL_ws/install/mavros_extras/lib/libmavros_extras_plugins.so
[86.154s] -- Set runtime path of "/home/wythe/PWCL_ws/install/mavros_extras/lib/libmavros_extras_plugins.so" to ""
[86.154s] -- Installing: /home/wythe/PWCL_ws/install/mavros_extras/include
[86.155s] -- Installing: /home/wythe/PWCL_ws/install/mavros_extras/include/mavros_extras
[86.155s] -- Installing: /home/wythe/PWCL_ws/install/mavros_extras/include/mavros_extras/servo_state_publisher.hpp
[86.155s] -- Installing: /home/wythe/PWCL_ws/install/mavros_extras/share/mavros_extras/launch
[86.155s] -- Installing: /home/wythe/PWCL_ws/install/mavros_extras/share/mavros_extras/launch/px4flow_config.yaml
[86.155s] -- Installing: /home/wythe/PWCL_ws/install/mavros_extras/share/mavros_extras/launch/px4flow_pluginlists.yaml
[86.155s] -- Installing: /home/wythe/PWCL_ws/install/mavros_extras/share/mavros_extras/launch/px4flow.launch
[86.155s] -- Installing: /home/wythe/PWCL_ws/install/mavros_extras/share/mavros_extras/launch/servo_state_publisher.yaml
[86.155s] -- Installing: /home/wythe/PWCL_ws/install/mavros_extras/share/mavros_extras/environment/library_path.sh
[86.156s] -- Installing: /home/wythe/PWCL_ws/install/mavros_extras/share/mavros_extras/environment/library_path.dsv
[86.156s] -- Installing: /home/wythe/PWCL_ws/install/mavros_extras/share/ament_index/resource_index/package_run_dependencies/mavros_extras
[86.156s] -- Installing: /home/wythe/PWCL_ws/install/mavros_extras/share/ament_index/resource_index/parent_prefix_path/mavros_extras
[86.156s] -- Installing: /home/wythe/PWCL_ws/install/mavros_extras/share/mavros_extras/environment/ament_prefix_path.sh
[86.156s] -- Installing: /home/wythe/PWCL_ws/install/mavros_extras/share/mavros_extras/environment/ament_prefix_path.dsv
[86.156s] -- Installing: /home/wythe/PWCL_ws/install/mavros_extras/share/mavros_extras/environment/path.sh
[86.156s] -- Installing: /home/wythe/PWCL_ws/install/mavros_extras/share/mavros_extras/environment/path.dsv
[86.156s] -- Installing: /home/wythe/PWCL_ws/install/mavros_extras/share/mavros_extras/local_setup.bash
[86.156s] -- Installing: /home/wythe/PWCL_ws/install/mavros_extras/share/mavros_extras/local_setup.sh
[86.157s] -- Installing: /home/wythe/PWCL_ws/install/mavros_extras/share/mavros_extras/local_setup.zsh
[86.157s] -- Installing: /home/wythe/PWCL_ws/install/mavros_extras/share/mavros_extras/local_setup.dsv
[86.157s] -- Installing: /home/wythe/PWCL_ws/install/mavros_extras/share/mavros_extras/package.dsv
[86.157s] -- Installing: /home/wythe/PWCL_ws/install/mavros_extras/share/ament_index/resource_index/packages/mavros_extras
[86.157s] -- Installing: /home/wythe/PWCL_ws/install/mavros_extras/share/ament_index/resource_index/mavros__pluginlib__plugin/mavros_extras
[86.158s] -- Installing: /home/wythe/PWCL_ws/install/mavros_extras/share/ament_index/resource_index/rclcpp_components/mavros_extras
[86.158s] -- Installing: /home/wythe/PWCL_ws/install/mavros_extras/share/mavros_extras/cmake/ament_cmake_export_include_directories-extras.cmake
[86.158s] -- Installing: /home/wythe/PWCL_ws/install/mavros_extras/share/mavros_extras/cmake/ament_cmake_export_libraries-extras.cmake
[86.158s] -- Installing: /home/wythe/PWCL_ws/install/mavros_extras/share/mavros_extras/cmake/ament_cmake_export_dependencies-extras.cmake
[86.158s] -- Installing: /home/wythe/PWCL_ws/install/mavros_extras/share/mavros_extras/cmake/mavros_extrasConfig.cmake
[86.159s] -- Installing: /home/wythe/PWCL_ws/install/mavros_extras/share/mavros_extras/cmake/mavros_extrasConfig-version.cmake
[86.159s] -- Installing: /home/wythe/PWCL_ws/install/mavros_extras/share/mavros_extras/package.xml
[86.161s] Invoked command in '/home/wythe/PWCL_ws/build/mavros_extras' returned '0': AMENT_PREFIX_PATH=/home/wythe/PWCL_ws/install/mavros:/home/wythe/PWCL_ws/install/libmavconn:/home/wythe/PWCL_ws/install/mavros_msgs:${AMENT_PREFIX_PATH} CMAKE_PREFIX_PATH=/home/wythe/PWCL_ws/install/mavros:/home/wythe/PWCL_ws/install/libmavconn:/home/wythe/PWCL_ws/install/mavros_msgs:/home/wythe/PWCL_ws/install/mavlink:/opt/ros/foxy LD_LIBRARY_PATH=/home/wythe/PWCL_ws/install/mavros/lib:/home/wythe/PWCL_ws/install/libmavconn/lib:/home/wythe/PWCL_ws/install/mavros_msgs/lib:${LD_LIBRARY_PATH} PKG_CONFIG_PATH=/home/wythe/PWCL_ws/install/mavlink/lib/x86_64-linux-gnu/pkgconfig:/home/wythe/PWCL_ws/install/mavlink/lib/pkgconfig PYTHONPATH=/home/wythe/PWCL_ws/install/mavros/lib/python3.8/site-packages:/home/wythe/PWCL_ws/install/mavros_msgs/lib/python3.8/site-packages:${PYTHONPATH} /usr/bin/cmake --install /home/wythe/PWCL_ws/build/mavros_extras
