[0.135s] Invoking command in '/home/wythe/PWCL_ws/build/mavros': AMENT_PREFIX_PATH=/home/wythe/PWCL_ws/install/libmavconn:/home/wythe/PWCL_ws/install/mavros_msgs:${AMENT_PREFIX_PATH} CMAKE_PREFIX_PATH=/home/wythe/PWCL_ws/install/libmavconn:/home/wythe/PWCL_ws/install/mavros_msgs:/home/wythe/PWCL_ws/install/mavlink:/opt/ros/foxy LD_LIBRARY_PATH=/home/wythe/PWCL_ws/install/libmavconn/lib:/home/wythe/PWCL_ws/install/mavros_msgs/lib:${LD_LIBRARY_PATH} PKG_CONFIG_PATH=/home/wythe/PWCL_ws/install/mavlink/lib/x86_64-linux-gnu/pkgconfig:/home/wythe/PWCL_ws/install/mavlink/lib/pkgconfig PYTHONPATH=/home/wythe/PWCL_ws/install/mavros_msgs/lib/python3.8/site-packages:${PYTHONPATH} /usr/bin/cmake /home/wythe/PWCL_ws/src/mavros/mavros -DCMAKE_INSTALL_PREFIX=/home/wythe/PWCL_ws/install/mavros
[0.186s] -- The C compiler identification is GNU 9.4.0
[0.240s] -- The CXX compiler identification is GNU 9.4.0
[0.244s] -- Check for working C compiler: /usr/bin/cc
[0.309s] -- Check for working C compiler: /usr/bin/cc -- works
[0.310s] -- Detecting C compiler ABI info
[0.378s] -- Detecting C compiler ABI info - done
[0.390s] -- Detecting C compile features
[0.391s] -- Detecting C compile features - done
[0.393s] -- Check for working CXX compiler: /usr/bin/c++
[0.469s] -- Check for working CXX compiler: /usr/bin/c++ -- works
[0.470s] -- Detecting CXX compiler ABI info
[0.544s] -- Detecting CXX compiler ABI info - done
[0.556s] -- Detecting CXX compile features
[0.557s] -- Detecting CXX compile features - done
[0.559s] -- Found ament_cmake: 0.9.12 (/opt/ros/foxy/share/ament_cmake/cmake)
[0.583s] -- Found PythonInterp: /usr/bin/python3 (found suitable version "3.8.10", minimum required is "3") 
[0.583s] -- Using PYTHON_EXECUTABLE: /usr/bin/python3
[0.787s] -- Found rclcpp: 2.4.3 (/opt/ros/foxy/share/rclcpp/cmake)
[0.837s] -- Using all available rosidl_typesupport_c: rosidl_typesupport_fastrtps_c;rosidl_typesupport_introspection_c
[0.843s] -- Found rosidl_adapter: 1.3.1 (/opt/ros/foxy/share/rosidl_adapter/cmake)
[0.923s] -- Found OpenSSL: /usr/lib/x86_64-linux-gnu/libcrypto.so (found version "1.1.1f")  
[0.952s] -- Found FastRTPS: /opt/ros/foxy/include  
[1.025s] -- Using all available rosidl_typesupport_cpp: rosidl_typesupport_fastrtps_cpp;rosidl_typesupport_introspection_cpp
[1.090s] -- Found rmw_implementation_cmake: 1.0.4 (/opt/ros/foxy/share/rmw_implementation_cmake/cmake)
[1.092s] -- Using RMW implementation 'rmw_fastrtps_cpp' as default
[1.092s] -- Looking for pthread.h
[1.161s] -- Looking for pthread.h - found
[1.162s] -- Performing Test CMAKE_HAVE_LIBC_PTHREAD
[1.233s] -- Performing Test CMAKE_HAVE_LIBC_PTHREAD - Failed
[1.233s] -- Looking for pthread_create in pthreads
[1.291s] -- Looking for pthread_create in pthreads - not found
[1.291s] -- Looking for pthread_create in pthread
[1.359s] -- Looking for pthread_create in pthread - found
[1.360s] -- Found Threads: TRUE  
[1.516s] -- Found rclcpp_components: 2.4.3 (/opt/ros/foxy/share/rclcpp_components/cmake)
[1.588s] -- Found pluginlib: 2.5.4 (/opt/ros/foxy/share/pluginlib/cmake)
[1.608s] -- Found message_filters: 3.2.7 (/opt/ros/foxy/share/message_filters/cmake)
[1.612s] -- Found libmavconn: 2.4.0 (/home/wythe/PWCL_ws/install/libmavconn/share/libmavconn/cmake)
[1.616s] -- Found eigen3_cmake_module: 0.1.1 (/opt/ros/foxy/share/eigen3_cmake_module/cmake)
[1.619s] -- Found Eigen3: TRUE (found version "3.3.7") 
[1.622s] -- Found GeographicLib: /usr/lib/x86_64-linux-gnu  
[1.623s] -- Found angles: 1.12.6 (/opt/ros/foxy/share/angles/cmake)
[1.626s] -- Found eigen_stl_containers: 1.0.0 (/opt/ros/foxy/share/eigen_stl_containers/cmake)
[1.628s] -- Found tf2_eigen: 0.13.14 (/opt/ros/foxy/share/tf2_eigen/cmake)
[1.963s] -- Found diagnostic_msgs: 2.0.5 (/opt/ros/foxy/share/diagnostic_msgs/cmake)
[1.999s] -- Found diagnostic_updater: 3.1.2 (/opt/ros/foxy/share/diagnostic_updater/cmake)
[2.020s] -- Found geographic_msgs: 1.0.4 (/opt/ros/foxy/share/geographic_msgs/cmake)
[2.112s] -- Found mavros_msgs: 2.4.0 (/home/wythe/PWCL_ws/install/mavros_msgs/share/mavros_msgs/cmake)
[2.482s] -- Found nav_msgs: 2.0.5 (/opt/ros/foxy/share/nav_msgs/cmake)
[2.555s] -- Found std_srvs: 2.0.5 (/opt/ros/foxy/share/std_srvs/cmake)
[2.568s] -- Found trajectory_msgs: 2.0.5 (/opt/ros/foxy/share/trajectory_msgs/cmake)
[2.640s] -- Geoid model datasets found in: /usr/share/GeographicLib/geoid
[2.640s] -- Gravity Field model datasets found in: /usr/share/GeographicLib/gravity
[2.640s] -- Magnetic Field model datasets found in: /usr/share/GeographicLib/magnetic
[2.685s] -- Found ament_cmake_gtest: 0.9.12 (/opt/ros/foxy/share/ament_cmake_gtest/cmake)
[2.687s] -- Found ament_cmake_gmock: 0.9.12 (/opt/ros/foxy/share/ament_cmake_gmock/cmake)
[2.689s] -- Found ament_cmake_pytest: 0.9.12 (/opt/ros/foxy/share/ament_cmake_pytest/cmake)
[2.690s] -- Found ament_lint_auto: 0.9.8 (/opt/ros/foxy/share/ament_lint_auto/cmake)
[2.781s] -- Found gtest sources under '/opt/ros/foxy/src/gtest_vendor': C++ tests using 'Google Test' will be built
[2.784s] -- Check if compiler accepts -pthread
[2.857s] -- Check if compiler accepts -pthread - yes
[2.866s] -- Found gmock sources under '/opt/ros/foxy/src/gmock_vendor': C++ tests using 'Google Mock' will be built
[3.384s] -- Added test 'cppcheck' to perform static code analysis on C / C++ code
[3.385s] -- Configured cppcheck include dirs: $<BUILD_INTERFACE:/home/wythe/PWCL_ws/src/mavros/mavros/include>
[3.385s] -- Configured cppcheck exclude dirs and/or files: ./test/*.cpp
[3.390s] -- Added test 'cpplint' to check C / C++ code against the Google style
[3.390s] -- Configured cpplint exclude dirs and/or files: 
[3.391s] -- Added test 'flake8' to check Python code syntax and style conventions
[3.393s] -- Added test 'lint_cmake' to check CMake code style
[3.394s] -- Added test 'pep257' to check Python code against some of the style conventions in PEP 257
[3.399s] -- Added test 'uncrustify' to check C / C++ code style
[3.399s] -- Configured uncrustify additional arguments: 
[3.400s] -- Added test 'xmllint' to check XML markup files
[3.408s] -- Configuring done
[3.584s] -- Generating done
[3.588s] -- Build files have been written to: /home/wythe/PWCL_ws/build/mavros
[3.602s] Invoked command in '/home/wythe/PWCL_ws/build/mavros' returned '0': AMENT_PREFIX_PATH=/home/wythe/PWCL_ws/install/libmavconn:/home/wythe/PWCL_ws/install/mavros_msgs:${AMENT_PREFIX_PATH} CMAKE_PREFIX_PATH=/home/wythe/PWCL_ws/install/libmavconn:/home/wythe/PWCL_ws/install/mavros_msgs:/home/wythe/PWCL_ws/install/mavlink:/opt/ros/foxy LD_LIBRARY_PATH=/home/wythe/PWCL_ws/install/libmavconn/lib:/home/wythe/PWCL_ws/install/mavros_msgs/lib:${LD_LIBRARY_PATH} PKG_CONFIG_PATH=/home/wythe/PWCL_ws/install/mavlink/lib/x86_64-linux-gnu/pkgconfig:/home/wythe/PWCL_ws/install/mavlink/lib/pkgconfig PYTHONPATH=/home/wythe/PWCL_ws/install/mavros_msgs/lib/python3.8/site-packages:${PYTHONPATH} /usr/bin/cmake /home/wythe/PWCL_ws/src/mavros/mavros -DCMAKE_INSTALL_PREFIX=/home/wythe/PWCL_ws/install/mavros
[3.605s] Invoking command in '/home/wythe/PWCL_ws/build/mavros': AMENT_PREFIX_PATH=/home/wythe/PWCL_ws/install/libmavconn:/home/wythe/PWCL_ws/install/mavros_msgs:${AMENT_PREFIX_PATH} CMAKE_PREFIX_PATH=/home/wythe/PWCL_ws/install/libmavconn:/home/wythe/PWCL_ws/install/mavros_msgs:/home/wythe/PWCL_ws/install/mavlink:/opt/ros/foxy LD_LIBRARY_PATH=/home/wythe/PWCL_ws/install/libmavconn/lib:/home/wythe/PWCL_ws/install/mavros_msgs/lib:${LD_LIBRARY_PATH} PKG_CONFIG_PATH=/home/wythe/PWCL_ws/install/mavlink/lib/x86_64-linux-gnu/pkgconfig:/home/wythe/PWCL_ws/install/mavlink/lib/pkgconfig PYTHONPATH=/home/wythe/PWCL_ws/install/mavros_msgs/lib/python3.8/site-packages:${PYTHONPATH} /usr/bin/cmake --build /home/wythe/PWCL_ws/build/mavros -- -j12 -l12
[3.648s] [35m[1mScanning dependencies of target gtest_main[0m
[3.649s] [35m[1mScanning dependencies of target gtest[0m
[3.649s] [35m[1mScanning dependencies of target gmock_main[0m
[3.649s] [35m[1mScanning dependencies of target mavros[0m
[3.649s] [35m[1mScanning dependencies of target gmock[0m
[3.664s] [  1%] [32mBuilding CXX object gtest/CMakeFiles/gtest_main.dir/src/gtest_main.cc.o[0m
[3.668s] [  3%] [32mBuilding CXX object gtest/CMakeFiles/gtest.dir/src/gtest-all.cc.o[0m
[3.675s] [  4%] [32mBuilding CXX object gmock/CMakeFiles/gmock_main.dir/src/gmock_main.cc.o[0m
[3.676s] [  8%] [32mBuilding CXX object gmock/CMakeFiles/gmock.dir/opt/ros/foxy/src/gtest_vendor/src/gtest-all.cc.o[0m
[3.676s] [  8%] [32mBuilding CXX object gmock/CMakeFiles/gmock.dir/src/gmock-all.cc.o[0m
[4.378s] [  9%] [32mBuilding CXX object CMakeFiles/mavros.dir/src/lib/ftf_quaternion_utils.cpp.o[0m
[4.379s] [ 11%] [32mBuilding CXX object CMakeFiles/mavros.dir/src/lib/ftf_frame_conversions.cpp.o[0m
[4.383s] [ 12%] [32mBuilding CXX object CMakeFiles/mavros.dir/src/lib/enum_sensor_orientation.cpp.o[0m
[4.384s] [ 14%] [32mBuilding CXX object CMakeFiles/mavros.dir/src/lib/enum_to_string.cpp.o[0m
[4.392s] [ 16%] [32mBuilding CXX object CMakeFiles/mavros.dir/src/lib/mavros_uas.cpp.o[0m
[4.398s] [ 17%] [32mBuilding CXX object CMakeFiles/mavros.dir/src/lib/mavros_router.cpp.o[0m
[4.406s] [ 19%] [32mBuilding CXX object CMakeFiles/mavros.dir/src/lib/plugin.cpp.o[0m
[6.744s] [ 20%] [32m[1mLinking CXX static library libgtest_main.a[0m
[6.850s] [ 20%] Built target gtest_main
[6.870s] [ 22%] [32mBuilding CXX object CMakeFiles/mavros.dir/src/lib/uas_ap.cpp.o[0m
[7.135s] [ 24%] [32m[1mLinking CXX static library libgmock_main.a[0m
[7.222s] [ 24%] Built target gmock_main
[7.244s] [ 25%] [32mBuilding CXX object CMakeFiles/mavros.dir/src/lib/uas_data.cpp.o[0m
[8.237s] [ 27%] [32mBuilding CXX object CMakeFiles/mavros.dir/src/lib/uas_executor.cpp.o[0m
[9.583s] [ 29%] [32mBuilding CXX object CMakeFiles/mavros.dir/src/lib/uas_stringify.cpp.o[0m
[11.706s] [ 30%] [32m[1mLinking CXX static library libgtest.a[0m
[11.823s] [ 30%] Built target gtest
[11.844s] [ 32%] [32mBuilding CXX object CMakeFiles/mavros.dir/src/lib/uas_tf.cpp.o[0m
[12.720s] [ 33%] [32m[1mLinking CXX static library libgmock.a[0m
[12.871s] [ 33%] Built target gmock
[12.908s] [ 35%] [32mBuilding CXX object CMakeFiles/mavros.dir/src/lib/uas_timesync.cpp.o[0m
[26.265s] [ 37%] [32m[1mLinking CXX shared library libmavros.so[0m
[27.581s] [ 37%] Built target mavros
[27.592s] [35m[1mScanning dependencies of target mavros_node[0m
[27.592s] [35m[1mScanning dependencies of target libmavros-sensor-orientation-test[0m
[27.592s] [35m[1mScanning dependencies of target libmavros-frame-conversions-test[0m
[27.593s] [35m[1mScanning dependencies of target mavros-router-test[0m
[27.593s] [35m[1mScanning dependencies of target libmavros-quaternion-utils-test[0m
[27.595s] [35m[1mScanning dependencies of target mavros_plugins[0m
[27.597s] [35m[1mScanning dependencies of target mavros-uas-test[0m
[27.693s] [ 38%] [32mBuilding CXX object CMakeFiles/libmavros-quaternion-utils-test.dir/test/test_quaternion_utils.cpp.o[0m
[27.715s] [ 40%] [32mBuilding CXX object CMakeFiles/libmavros-frame-conversions-test.dir/test/test_frame_conversions.cpp.o[0m
[27.726s] [ 41%] [32mBuilding CXX object CMakeFiles/libmavros-sensor-orientation-test.dir/test/test_sensor_orientation.cpp.o[0m
[27.740s] [ 43%] [32mBuilding CXX object CMakeFiles/mavros-router-test.dir/test/test_router.cpp.o[0m
[27.740s] [ 45%] [32mBuilding CXX object CMakeFiles/mavros_node.dir/src/mavros_node.cpp.o[0m
[27.831s] [ 46%] [32mBuilding CXX object CMakeFiles/mavros-uas-test.dir/test/test_uas.cpp.o[0m
[28.542s] [ 48%] [32mBuilding CXX object CMakeFiles/mavros_plugins.dir/src/plugins/actuator_control.cpp.o[0m
[28.545s] [ 50%] [32mBuilding CXX object CMakeFiles/mavros_plugins.dir/src/plugins/altitude.cpp.o[0m
[28.550s] [ 51%] [32mBuilding CXX object CMakeFiles/mavros_plugins.dir/src/plugins/dummy.cpp.o[0m
[28.562s] [ 54%] [32mBuilding CXX object CMakeFiles/mavros_plugins.dir/src/plugins/geofence.cpp.o[0m
[28.563s] [ 54%] [32mBuilding CXX object CMakeFiles/mavros_plugins.dir/src/plugins/ftp.cpp.o[0m
[28.563s] [ 56%] [32mBuilding CXX object CMakeFiles/mavros_plugins.dir/src/plugins/command.cpp.o[0m
[37.015s] [ 58%] [32m[1mLinking CXX executable libmavros-quaternion-utils-test[0m
[37.366s] [ 59%] [32m[1mLinking CXX executable libmavros-frame-conversions-test[0m
[39.074s] [ 59%] Built target libmavros-quaternion-utils-test
[39.098s] [ 61%] [32mBuilding CXX object CMakeFiles/mavros_plugins.dir/src/plugins/global_position.cpp.o[0m
[39.670s] [ 61%] Built target libmavros-frame-conversions-test
[39.691s] [ 62%] [32mBuilding CXX object CMakeFiles/mavros_plugins.dir/src/plugins/home_position.cpp.o[0m
[42.229s] [ 64%] [32m[1mLinking CXX executable libmavros-sensor-orientation-test[0m
[43.695s] [ 66%] [32mBuilding CXX object CMakeFiles/mavros_plugins.dir/src/plugins/imu.cpp.o[0m
[44.625s] [ 66%] Built target libmavros-sensor-orientation-test
[44.647s] [ 67%] [32mBuilding CXX object CMakeFiles/mavros_plugins.dir/src/plugins/local_position.cpp.o[0m
[46.390s] [ 69%] [32mBuilding CXX object CMakeFiles/mavros_plugins.dir/src/plugins/manual_control.cpp.o[0m
[47.037s] [ 70%] [32m[1mLinking CXX executable mavros_node[0m
[49.395s] [ 70%] Built target mavros_node
[49.415s] [ 72%] [32mBuilding CXX object CMakeFiles/mavros_plugins.dir/src/plugins/mission_protocol_base.cpp.o[0m
[50.139s] [ 74%] [32mBuilding CXX object CMakeFiles/mavros_plugins.dir/src/plugins/nav_controller_output.cpp.o[0m
[50.471s] [ 75%] [32mBuilding CXX object CMakeFiles/mavros_plugins.dir/src/plugins/param.cpp.o[0m
[51.571s] [ 77%] [32mBuilding CXX object CMakeFiles/mavros_plugins.dir/src/plugins/rallypoint.cpp.o[0m
[52.273s] [ 79%] [32m[1mLinking CXX executable mavros-router-test[0m
[55.280s] [ 79%] Built target mavros-router-test
[55.310s] [ 80%] [32mBuilding CXX object CMakeFiles/mavros_plugins.dir/src/plugins/rc_io.cpp.o[0m
[55.345s] [ 82%] [32mBuilding CXX object CMakeFiles/mavros_plugins.dir/src/plugins/setpoint_accel.cpp.o[0m
[58.304s] [ 83%] [32m[1mLinking CXX executable mavros-uas-test[0m
[61.154s] [ 83%] Built target mavros-uas-test
[61.175s] [ 85%] [32mBuilding CXX object CMakeFiles/mavros_plugins.dir/src/plugins/setpoint_attitude.cpp.o[0m
[66.149s] [ 87%] [32mBuilding CXX object CMakeFiles/mavros_plugins.dir/src/plugins/setpoint_position.cpp.o[0m
[67.011s] [ 88%] [32mBuilding CXX object CMakeFiles/mavros_plugins.dir/src/plugins/setpoint_raw.cpp.o[0m
[67.066s] [ 90%] [32mBuilding CXX object CMakeFiles/mavros_plugins.dir/src/plugins/setpoint_trajectory.cpp.o[0m
[67.245s] [ 91%] [32mBuilding CXX object CMakeFiles/mavros_plugins.dir/src/plugins/setpoint_velocity.cpp.o[0m
[69.040s] [ 93%] [32mBuilding CXX object CMakeFiles/mavros_plugins.dir/src/plugins/sys_status.cpp.o[0m
[70.776s] [ 95%] [32mBuilding CXX object CMakeFiles/mavros_plugins.dir/src/plugins/sys_time.cpp.o[0m
[73.917s] [ 96%] [32mBuilding CXX object CMakeFiles/mavros_plugins.dir/src/plugins/waypoint.cpp.o[0m
[74.133s] [ 98%] [32mBuilding CXX object CMakeFiles/mavros_plugins.dir/src/plugins/wind_estimation.cpp.o[0m
[79.557s] [01m[K/home/wythe/PWCL_ws/src/mavros/mavros/src/plugins/sys_status.cpp:[m[K In member function ‘[01m[Kvoid mavros::std_plugins::SystemStatusPlugin::process_autopilot_version_normal(mavlink::common::msg::AUTOPILOT_VERSION&, uint8_t, uint8_t)[m[K’:
[79.558s] [01m[K/home/wythe/PWCL_ws/src/mavros/mavros/src/plugins/sys_status.cpp:759:36:[m[K [01;35m[Kwarning: [m[Klambda templates are only available with ‘[01m[K-std=c++2a[m[K’ or ‘[01m[K-std=gnu++2a[m[K’ [[01;35m[K-Wpedantic[m[K]
[79.559s]   759 |     auto log_info = [&lg, &prefix] [01;35m[K<[m[K typename ... Args > (const std::string & fmt, Args ... args) {
[79.560s]       |                                    [01;35m[K^[m[K
[79.563s] [01m[K/home/wythe/PWCL_ws/src/mavros/mavros/src/plugins/sys_status.cpp:[m[K In member function ‘[01m[Kvoid mavros::std_plugins::SystemStatusPlugin::process_autopilot_version_apm_quirk(mavlink::common::msg::AUTOPILOT_VERSION&, uint8_t, uint8_t)[m[K’:
[79.565s] [01m[K/home/wythe/PWCL_ws/src/mavros/mavros/src/plugins/sys_status.cpp:787:36:[m[K [01;35m[Kwarning: [m[Klambda templates are only available with ‘[01m[K-std=c++2a[m[K’ or ‘[01m[K-std=gnu++2a[m[K’ [[01;35m[K-Wpedantic[m[K]
[79.566s]   787 |     auto log_info = [&lg, &prefix] [01;35m[K<[m[K typename ... Args > (const std::string & fmt, Args ... args) {
[79.567s]       |                                    [01;35m[K^[m[K
[79.644s] [01m[K/home/wythe/PWCL_ws/src/mavros/mavros/src/plugins/sys_status.cpp:[m[K In member function ‘[01m[Kvoid mavros::std_plugins::SystemStatusPlugin::handle_battery_status(const mavlink_message_t*, mavlink::common::msg::BATTERY_STATUS&, mavros::plugin::filter::SystemAndOk)[m[K’:
[79.645s] [01m[K/home/wythe/PWCL_ws/src/mavros/mavros/src/plugins/sys_status.cpp:1111:32:[m[K [01;35m[Kwarning: [m[Kcomparison is always true due to limited range of data type [[01;35m[K-Wtype-limits[m[K]
[79.646s]  1111 |     if (!disable_diag && [01;35m[Kbs.id >= 0[m[K && bs.id < MAX_NR_BATTERY_STATUS) {
[79.647s]       |                          [01;35m[K~~~~~~^~~~[m[K
[94.171s] [100%] [32m[1mLinking CXX shared library libmavros_plugins.so[0m
[101.441s] [100%] Built target mavros_plugins
[101.453s] Invoked command in '/home/wythe/PWCL_ws/build/mavros' returned '0': AMENT_PREFIX_PATH=/home/wythe/PWCL_ws/install/libmavconn:/home/wythe/PWCL_ws/install/mavros_msgs:${AMENT_PREFIX_PATH} CMAKE_PREFIX_PATH=/home/wythe/PWCL_ws/install/libmavconn:/home/wythe/PWCL_ws/install/mavros_msgs:/home/wythe/PWCL_ws/install/mavlink:/opt/ros/foxy LD_LIBRARY_PATH=/home/wythe/PWCL_ws/install/libmavconn/lib:/home/wythe/PWCL_ws/install/mavros_msgs/lib:${LD_LIBRARY_PATH} PKG_CONFIG_PATH=/home/wythe/PWCL_ws/install/mavlink/lib/x86_64-linux-gnu/pkgconfig:/home/wythe/PWCL_ws/install/mavlink/lib/pkgconfig PYTHONPATH=/home/wythe/PWCL_ws/install/mavros_msgs/lib/python3.8/site-packages:${PYTHONPATH} /usr/bin/cmake --build /home/wythe/PWCL_ws/build/mavros -- -j12 -l12
[101.550s] Invoking command in '/home/wythe/PWCL_ws/build/mavros': AMENT_PREFIX_PATH=/home/wythe/PWCL_ws/install/libmavconn:/home/wythe/PWCL_ws/install/mavros_msgs:${AMENT_PREFIX_PATH} CMAKE_PREFIX_PATH=/home/wythe/PWCL_ws/install/libmavconn:/home/wythe/PWCL_ws/install/mavros_msgs:/home/wythe/PWCL_ws/install/mavlink:/opt/ros/foxy LD_LIBRARY_PATH=/home/wythe/PWCL_ws/install/libmavconn/lib:/home/wythe/PWCL_ws/install/mavros_msgs/lib:${LD_LIBRARY_PATH} PKG_CONFIG_PATH=/home/wythe/PWCL_ws/install/mavlink/lib/x86_64-linux-gnu/pkgconfig:/home/wythe/PWCL_ws/install/mavlink/lib/pkgconfig PYTHONPATH=/home/wythe/PWCL_ws/install/mavros_msgs/lib/python3.8/site-packages:${PYTHONPATH} /usr/bin/cmake --install /home/wythe/PWCL_ws/build/mavros
[101.558s] -- Install configuration: ""
[101.558s] -- Installing: /home/wythe/PWCL_ws/install/mavros/share/mavros/mavros_plugins.xml
[101.558s] -- Installing: /home/wythe/PWCL_ws/install/mavros/share/mavros/environment/pythonpath.sh
[101.558s] -- Installing: /home/wythe/PWCL_ws/install/mavros/share/mavros/environment/pythonpath.dsv
[101.559s] -- Installing: /home/wythe/PWCL_ws/install/mavros/lib/python3.8/site-packages/mavros
[101.559s] -- Installing: /home/wythe/PWCL_ws/install/mavros/lib/python3.8/site-packages/mavros/param.py
[101.559s] -- Installing: /home/wythe/PWCL_ws/install/mavros/lib/python3.8/site-packages/mavros/utils.py
[101.559s] -- Installing: /home/wythe/PWCL_ws/install/mavros/lib/python3.8/site-packages/mavros/setpoint.py
[101.559s] -- Installing: /home/wythe/PWCL_ws/install/mavros/lib/python3.8/site-packages/mavros/ftp.py
[101.559s] -- Installing: /home/wythe/PWCL_ws/install/mavros/lib/python3.8/site-packages/mavros/__init__.py
[101.559s] -- Installing: /home/wythe/PWCL_ws/install/mavros/lib/python3.8/site-packages/mavros/cmd
[101.559s] -- Installing: /home/wythe/PWCL_ws/install/mavros/lib/python3.8/site-packages/mavros/cmd/param.py
[101.559s] -- Installing: /home/wythe/PWCL_ws/install/mavros/lib/python3.8/site-packages/mavros/cmd/utils.py
[101.559s] -- Installing: /home/wythe/PWCL_ws/install/mavros/lib/python3.8/site-packages/mavros/cmd/ftp.py
[101.559s] -- Installing: /home/wythe/PWCL_ws/install/mavros/lib/python3.8/site-packages/mavros/cmd/__init__.py
[101.559s] -- Installing: /home/wythe/PWCL_ws/install/mavros/lib/python3.8/site-packages/mavros/cmd/cmd.py
[101.560s] -- Installing: /home/wythe/PWCL_ws/install/mavros/lib/python3.8/site-packages/mavros/cmd/__main__.py
[101.560s] -- Installing: /home/wythe/PWCL_ws/install/mavros/lib/python3.8/site-packages/mavros/cmd/system.py
[101.560s] -- Installing: /home/wythe/PWCL_ws/install/mavros/lib/python3.8/site-packages/mavros/cmd/checkid.py
[101.560s] -- Installing: /home/wythe/PWCL_ws/install/mavros/lib/python3.8/site-packages/mavros/cmd/safety.py
[101.560s] -- Installing: /home/wythe/PWCL_ws/install/mavros/lib/python3.8/site-packages/mavros/cmd/mission.py
[101.560s] -- Installing: /home/wythe/PWCL_ws/install/mavros/lib/python3.8/site-packages/mavros/global_position.py
[101.560s] -- Installing: /home/wythe/PWCL_ws/install/mavros/lib/python3.8/site-packages/mavros/local_position.py
[101.560s] -- Installing: /home/wythe/PWCL_ws/install/mavros/lib/python3.8/site-packages/mavros/system.py
[101.560s] -- Installing: /home/wythe/PWCL_ws/install/mavros/lib/python3.8/site-packages/mavros/nuttx_crc32.py
[101.561s] -- Installing: /home/wythe/PWCL_ws/install/mavros/lib/python3.8/site-packages/mavros/mavlink.py
[101.561s] -- Installing: /home/wythe/PWCL_ws/install/mavros/lib/python3.8/site-packages/mavros/base.py
[101.561s] -- Installing: /home/wythe/PWCL_ws/install/mavros/lib/python3.8/site-packages/mavros/mission.py
[101.561s] -- Installing: /home/wythe/PWCL_ws/install/mavros/lib/python3.8/site-packages/mavros/command.py
[101.608s] Listing '/home/wythe/PWCL_ws/install/mavros/lib/python3.8/site-packages/mavros'...
[101.608s] Compiling '/home/wythe/PWCL_ws/install/mavros/lib/python3.8/site-packages/mavros/__init__.py'...
[101.608s] Compiling '/home/wythe/PWCL_ws/install/mavros/lib/python3.8/site-packages/mavros/base.py'...
[101.608s] Listing '/home/wythe/PWCL_ws/install/mavros/lib/python3.8/site-packages/mavros/cmd'...
[101.608s] Compiling '/home/wythe/PWCL_ws/install/mavros/lib/python3.8/site-packages/mavros/cmd/__init__.py'...
[101.608s] Compiling '/home/wythe/PWCL_ws/install/mavros/lib/python3.8/site-packages/mavros/cmd/__main__.py'...
[101.608s] Compiling '/home/wythe/PWCL_ws/install/mavros/lib/python3.8/site-packages/mavros/cmd/checkid.py'...
[101.608s] Compiling '/home/wythe/PWCL_ws/install/mavros/lib/python3.8/site-packages/mavros/cmd/cmd.py'...
[101.608s] Compiling '/home/wythe/PWCL_ws/install/mavros/lib/python3.8/site-packages/mavros/cmd/ftp.py'...
[101.608s] Compiling '/home/wythe/PWCL_ws/install/mavros/lib/python3.8/site-packages/mavros/cmd/mission.py'...
[101.608s] Compiling '/home/wythe/PWCL_ws/install/mavros/lib/python3.8/site-packages/mavros/cmd/param.py'...
[101.608s] Compiling '/home/wythe/PWCL_ws/install/mavros/lib/python3.8/site-packages/mavros/cmd/safety.py'...
[101.608s] Compiling '/home/wythe/PWCL_ws/install/mavros/lib/python3.8/site-packages/mavros/cmd/system.py'...
[101.608s] Compiling '/home/wythe/PWCL_ws/install/mavros/lib/python3.8/site-packages/mavros/cmd/utils.py'...
[101.608s] Compiling '/home/wythe/PWCL_ws/install/mavros/lib/python3.8/site-packages/mavros/command.py'...
[101.608s] Compiling '/home/wythe/PWCL_ws/install/mavros/lib/python3.8/site-packages/mavros/ftp.py'...
[101.609s] Compiling '/home/wythe/PWCL_ws/install/mavros/lib/python3.8/site-packages/mavros/global_position.py'...
[101.609s] Compiling '/home/wythe/PWCL_ws/install/mavros/lib/python3.8/site-packages/mavros/local_position.py'...
[101.609s] Compiling '/home/wythe/PWCL_ws/install/mavros/lib/python3.8/site-packages/mavros/mavlink.py'...
[101.609s] Compiling '/home/wythe/PWCL_ws/install/mavros/lib/python3.8/site-packages/mavros/mission.py'...
[101.609s] Compiling '/home/wythe/PWCL_ws/install/mavros/lib/python3.8/site-packages/mavros/nuttx_crc32.py'...
[101.609s] Compiling '/home/wythe/PWCL_ws/install/mavros/lib/python3.8/site-packages/mavros/param.py'...
[101.609s] Compiling '/home/wythe/PWCL_ws/install/mavros/lib/python3.8/site-packages/mavros/setpoint.py'...
[101.609s] Compiling '/home/wythe/PWCL_ws/install/mavros/lib/python3.8/site-packages/mavros/system.py'...
[101.609s] Compiling '/home/wythe/PWCL_ws/install/mavros/lib/python3.8/site-packages/mavros/utils.py'...
[101.611s] -- Installing: /home/wythe/PWCL_ws/install/mavros/lib/mavros/mav
[101.611s] -- Installing: /home/wythe/PWCL_ws/install/mavros/lib/libmavros.so
[101.624s] -- Set runtime path of "/home/wythe/PWCL_ws/install/mavros/lib/libmavros.so" to ""
[101.624s] -- Installing: /home/wythe/PWCL_ws/install/mavros/lib/mavros/mavros_node
[101.627s] -- Set runtime path of "/home/wythe/PWCL_ws/install/mavros/lib/mavros/mavros_node" to ""
[101.627s] -- Installing: /home/wythe/PWCL_ws/install/mavros/lib/libmavros_plugins.so
[101.690s] -- Set runtime path of "/home/wythe/PWCL_ws/install/mavros/lib/libmavros_plugins.so" to ""
[101.691s] -- Installing: /home/wythe/PWCL_ws/install/mavros/lib/mavros/install_geographiclib_datasets.sh
[101.691s] -- Installing: /home/wythe/PWCL_ws/install/mavros/include
[101.691s] -- Installing: /home/wythe/PWCL_ws/install/mavros/include/mavros
[101.691s] -- Installing: /home/wythe/PWCL_ws/install/mavros/include/mavros/plugin.hpp
[101.691s] -- Installing: /home/wythe/PWCL_ws/install/mavros/include/mavros/uas_executor.hpp
[101.691s] -- Installing: /home/wythe/PWCL_ws/install/mavros/include/mavros/frame_tf.hpp
[101.691s] -- Installing: /home/wythe/PWCL_ws/install/mavros/include/mavros/mavros_plugin_register_macro.hpp
[101.691s] -- Installing: /home/wythe/PWCL_ws/install/mavros/include/mavros/mission_protocol_base.hpp
[101.692s] -- Installing: /home/wythe/PWCL_ws/install/mavros/include/mavros/px4_custom_mode.hpp
[101.692s] -- Installing: /home/wythe/PWCL_ws/install/mavros/include/mavros/plugin_filter.hpp
[101.692s] -- Installing: /home/wythe/PWCL_ws/install/mavros/include/mavros/utils.hpp
[101.692s] -- Installing: /home/wythe/PWCL_ws/install/mavros/include/mavros/setpoint_mixin.hpp
[101.692s] -- Installing: /home/wythe/PWCL_ws/install/mavros/include/mavros/mavros_router.hpp
[101.692s] -- Installing: /home/wythe/PWCL_ws/install/mavros/include/mavros/mavros_uas.hpp
[101.692s] -- Installing: /home/wythe/PWCL_ws/install/mavros/share/mavros/launch
[101.692s] -- Installing: /home/wythe/PWCL_ws/install/mavros/share/mavros/launch/node.launch
[101.692s] -- Installing: /home/wythe/PWCL_ws/install/mavros/share/mavros/launch/apm_pluginlists.yaml
[101.692s] -- Installing: /home/wythe/PWCL_ws/install/mavros/share/mavros/launch/apm.launch
[101.692s] -- Installing: /home/wythe/PWCL_ws/install/mavros/share/mavros/launch/mavlink_bridge.launch
[101.692s] -- Installing: /home/wythe/PWCL_ws/install/mavros/share/mavros/launch/px4_config.yaml
[101.693s] -- Installing: /home/wythe/PWCL_ws/install/mavros/share/mavros/launch/px4.launch
[101.693s] -- Installing: /home/wythe/PWCL_ws/install/mavros/share/mavros/launch/px4_pluginlists.yaml
[101.693s] -- Installing: /home/wythe/PWCL_ws/install/mavros/share/mavros/launch/apm_config.yaml
[101.693s] -- Installing: /home/wythe/PWCL_ws/install/mavros/share/mavros/launch/apm2.launch
[101.693s] -- Installing: /home/wythe/PWCL_ws/install/mavros/share/mavros/launch/event_launcher.yaml
[101.693s] -- Installing: /home/wythe/PWCL_ws/install/mavros/share/mavros/environment/library_path.sh
[101.693s] -- Installing: /home/wythe/PWCL_ws/install/mavros/share/mavros/environment/library_path.dsv
[101.694s] -- Installing: /home/wythe/PWCL_ws/install/mavros/share/ament_index/resource_index/package_run_dependencies/mavros
[101.694s] -- Installing: /home/wythe/PWCL_ws/install/mavros/share/ament_index/resource_index/parent_prefix_path/mavros
[101.694s] -- Installing: /home/wythe/PWCL_ws/install/mavros/share/mavros/environment/ament_prefix_path.sh
[101.694s] -- Installing: /home/wythe/PWCL_ws/install/mavros/share/mavros/environment/ament_prefix_path.dsv
[101.694s] -- Installing: /home/wythe/PWCL_ws/install/mavros/share/mavros/environment/path.sh
[101.694s] -- Installing: /home/wythe/PWCL_ws/install/mavros/share/mavros/environment/path.dsv
[101.694s] -- Installing: /home/wythe/PWCL_ws/install/mavros/share/mavros/local_setup.bash
[101.695s] -- Installing: /home/wythe/PWCL_ws/install/mavros/share/mavros/local_setup.sh
[101.695s] -- Installing: /home/wythe/PWCL_ws/install/mavros/share/mavros/local_setup.zsh
[101.695s] -- Installing: /home/wythe/PWCL_ws/install/mavros/share/mavros/local_setup.dsv
[101.695s] -- Installing: /home/wythe/PWCL_ws/install/mavros/share/mavros/package.dsv
[101.695s] -- Installing: /home/wythe/PWCL_ws/install/mavros/share/ament_index/resource_index/packages/mavros
[101.695s] -- Installing: /home/wythe/PWCL_ws/install/mavros/share/ament_index/resource_index/mavros__pluginlib__plugin/mavros
[101.696s] -- Installing: /home/wythe/PWCL_ws/install/mavros/share/ament_index/resource_index/rclcpp_components/mavros
[101.696s] -- Installing: /home/wythe/PWCL_ws/install/mavros/share/mavros/cmake/ament_cmake_export_include_directories-extras.cmake
[101.696s] -- Installing: /home/wythe/PWCL_ws/install/mavros/share/mavros/cmake/ament_cmake_export_libraries-extras.cmake
[101.696s] -- Installing: /home/wythe/PWCL_ws/install/mavros/share/mavros/cmake/ament_cmake_export_dependencies-extras.cmake
[101.696s] -- Installing: /home/wythe/PWCL_ws/install/mavros/share/mavros/cmake/mavrosConfig.cmake
[101.697s] -- Installing: /home/wythe/PWCL_ws/install/mavros/share/mavros/cmake/mavrosConfig-version.cmake
[101.697s] -- Installing: /home/wythe/PWCL_ws/install/mavros/share/mavros/package.xml
[101.699s] Invoked command in '/home/wythe/PWCL_ws/build/mavros' returned '0': AMENT_PREFIX_PATH=/home/wythe/PWCL_ws/install/libmavconn:/home/wythe/PWCL_ws/install/mavros_msgs:${AMENT_PREFIX_PATH} CMAKE_PREFIX_PATH=/home/wythe/PWCL_ws/install/libmavconn:/home/wythe/PWCL_ws/install/mavros_msgs:/home/wythe/PWCL_ws/install/mavlink:/opt/ros/foxy LD_LIBRARY_PATH=/home/wythe/PWCL_ws/install/libmavconn/lib:/home/wythe/PWCL_ws/install/mavros_msgs/lib:${LD_LIBRARY_PATH} PKG_CONFIG_PATH=/home/wythe/PWCL_ws/install/mavlink/lib/x86_64-linux-gnu/pkgconfig:/home/wythe/PWCL_ws/install/mavlink/lib/pkgconfig PYTHONPATH=/home/wythe/PWCL_ws/install/mavros_msgs/lib/python3.8/site-packages:${PYTHONPATH} /usr/bin/cmake --install /home/wythe/PWCL_ws/build/mavros
