[0.152s] Invoking command in '/home/wythe/PWCL_ws/build/tutorial_interfaces': CMAKE_PREFIX_PATH=/opt/ros/foxy /usr/bin/cmake --build /home/wythe/PWCL_ws/build/tutorial_interfaces -- -j12 -l12
[0.218s] [  2%] Built target tutorial_interfaces__cpp
[0.221s] [ 12%] Built target tutorial_interfaces__rosidl_generator_c
[0.246s] [ 23%] Built target tutorial_interfaces__rosidl_typesupport_cpp
[0.248s] [ 43%] Built target tutorial_interfaces__rosidl_typesupport_introspection_c
[0.248s] [ 43%] Built target tutorial_interfaces__rosidl_typesupport_c
[0.249s] [ 53%] Built target tutorial_interfaces__rosidl_typesupport_introspection_cpp
[0.256s] [ 64%] Built target tutorial_interfaces__rosidl_typesupport_fastrtps_cpp
[0.288s] [ 74%] Built target tutorial_interfaces__rosidl_typesupport_fastrtps_c
[0.309s] [ 74%] Built target tutorial_interfaces
[0.346s] [ 76%] Built target tutorial_interfaces__py
[0.380s] [ 84%] Built target tutorial_interfaces__python
[0.410s] [ 89%] Built target tutorial_interfaces__rosidl_typesupport_c__pyext
[0.411s] [100%] Built target tutorial_interfaces__rosidl_typesupport_fastrtps_c__pyext
[0.411s] [100%] Built target tutorial_interfaces__rosidl_typesupport_introspection_c__pyext
[0.422s] Invoked command in '/home/wythe/PWCL_ws/build/tutorial_interfaces' returned '0': CMAKE_PREFIX_PATH=/opt/ros/foxy /usr/bin/cmake --build /home/wythe/PWCL_ws/build/tutorial_interfaces -- -j12 -l12
[1.122s] Invoking command in '/home/wythe/PWCL_ws/build/tutorial_interfaces': CMAKE_PREFIX_PATH=/opt/ros/foxy /usr/bin/cmake --install /home/wythe/PWCL_ws/build/tutorial_interfaces
[1.143s] -- Install configuration: ""
[1.144s] -- Up-to-date: /home/wythe/PWCL_ws/install/tutorial_interfaces/share/ament_index/resource_index/rosidl_interfaces/tutorial_interfaces
[1.144s] -- Up-to-date: /home/wythe/PWCL_ws/install/tutorial_interfaces/include/tutorial_interfaces
[1.144s] -- Up-to-date: /home/wythe/PWCL_ws/install/tutorial_interfaces/include/tutorial_interfaces/srv
[1.144s] -- Up-to-date: /home/wythe/PWCL_ws/install/tutorial_interfaces/include/tutorial_interfaces/srv/drone_status.h
[1.144s] -- Up-to-date: /home/wythe/PWCL_ws/install/tutorial_interfaces/include/tutorial_interfaces/srv/detail
[1.144s] -- Up-to-date: /home/wythe/PWCL_ws/install/tutorial_interfaces/include/tutorial_interfaces/srv/detail/drone_mission_path__type_support.h
[1.144s] -- Up-to-date: /home/wythe/PWCL_ws/install/tutorial_interfaces/include/tutorial_interfaces/srv/detail/drone_status__functions.h
[1.145s] -- Up-to-date: /home/wythe/PWCL_ws/install/tutorial_interfaces/include/tutorial_interfaces/srv/detail/drone_mission_path__struct.h
[1.145s] -- Up-to-date: /home/wythe/PWCL_ws/install/tutorial_interfaces/include/tutorial_interfaces/srv/detail/drone_status__struct.h
[1.145s] -- Up-to-date: /home/wythe/PWCL_ws/install/tutorial_interfaces/include/tutorial_interfaces/srv/detail/drone_mission_path__functions.h
[1.145s] -- Up-to-date: /home/wythe/PWCL_ws/install/tutorial_interfaces/include/tutorial_interfaces/srv/detail/drone_status__functions.c
[1.146s] -- Up-to-date: /home/wythe/PWCL_ws/install/tutorial_interfaces/include/tutorial_interfaces/srv/detail/drone_status__type_support.h
[1.146s] -- Up-to-date: /home/wythe/PWCL_ws/install/tutorial_interfaces/include/tutorial_interfaces/srv/detail/drone_mission_path__functions.c
[1.146s] -- Up-to-date: /home/wythe/PWCL_ws/install/tutorial_interfaces/include/tutorial_interfaces/srv/drone_mission_path.h
[1.146s] -- Up-to-date: /home/wythe/PWCL_ws/install/tutorial_interfaces/include/tutorial_interfaces/msg
[1.146s] -- Up-to-date: /home/wythe/PWCL_ws/install/tutorial_interfaces/include/tutorial_interfaces/msg/rosidl_generator_c__visibility_control.h
[1.147s] -- Up-to-date: /home/wythe/PWCL_ws/install/tutorial_interfaces/share/tutorial_interfaces/environment/library_path.sh
[1.147s] -- Up-to-date: /home/wythe/PWCL_ws/install/tutorial_interfaces/share/tutorial_interfaces/environment/library_path.dsv
[1.147s] -- Up-to-date: /home/wythe/PWCL_ws/install/tutorial_interfaces/lib/libtutorial_interfaces__rosidl_generator_c.so
[1.147s] -- Up-to-date: /home/wythe/PWCL_ws/install/tutorial_interfaces/include/tutorial_interfaces
[1.147s] -- Up-to-date: /home/wythe/PWCL_ws/install/tutorial_interfaces/include/tutorial_interfaces/srv
[1.147s] -- Up-to-date: /home/wythe/PWCL_ws/install/tutorial_interfaces/include/tutorial_interfaces/srv/detail
[1.147s] -- Up-to-date: /home/wythe/PWCL_ws/install/tutorial_interfaces/include/tutorial_interfaces/srv/detail/drone_status__rosidl_typesupport_fastrtps_c.h
[1.147s] -- Up-to-date: /home/wythe/PWCL_ws/install/tutorial_interfaces/include/tutorial_interfaces/srv/detail/drone_mission_path__rosidl_typesupport_fastrtps_c.h
[1.148s] -- Up-to-date: /home/wythe/PWCL_ws/install/tutorial_interfaces/include/tutorial_interfaces/msg
[1.148s] -- Up-to-date: /home/wythe/PWCL_ws/install/tutorial_interfaces/include/tutorial_interfaces/msg/rosidl_typesupport_fastrtps_c__visibility_control.h
[1.148s] -- Up-to-date: /home/wythe/PWCL_ws/install/tutorial_interfaces/lib/libtutorial_interfaces__rosidl_typesupport_fastrtps_c.so
[1.148s] -- Up-to-date: /home/wythe/PWCL_ws/install/tutorial_interfaces/include/tutorial_interfaces
[1.149s] -- Up-to-date: /home/wythe/PWCL_ws/install/tutorial_interfaces/include/tutorial_interfaces/srv
[1.149s] -- Up-to-date: /home/wythe/PWCL_ws/install/tutorial_interfaces/include/tutorial_interfaces/srv/detail
[1.149s] -- Up-to-date: /home/wythe/PWCL_ws/install/tutorial_interfaces/include/tutorial_interfaces/srv/detail/dds_fastrtps
[1.149s] -- Up-to-date: /home/wythe/PWCL_ws/install/tutorial_interfaces/include/tutorial_interfaces/srv/detail/drone_mission_path__rosidl_typesupport_fastrtps_cpp.hpp
[1.149s] -- Up-to-date: /home/wythe/PWCL_ws/install/tutorial_interfaces/include/tutorial_interfaces/srv/detail/drone_status__rosidl_typesupport_fastrtps_cpp.hpp
[1.149s] -- Up-to-date: /home/wythe/PWCL_ws/install/tutorial_interfaces/include/tutorial_interfaces/msg
[1.149s] -- Up-to-date: /home/wythe/PWCL_ws/install/tutorial_interfaces/include/tutorial_interfaces/msg/rosidl_typesupport_fastrtps_cpp__visibility_control.h
[1.155s] -- Up-to-date: /home/wythe/PWCL_ws/install/tutorial_interfaces/lib/libtutorial_interfaces__rosidl_typesupport_fastrtps_cpp.so
[1.155s] -- Up-to-date: /home/wythe/PWCL_ws/install/tutorial_interfaces/include/tutorial_interfaces
[1.155s] -- Up-to-date: /home/wythe/PWCL_ws/install/tutorial_interfaces/include/tutorial_interfaces/srv
[1.156s] -- Up-to-date: /home/wythe/PWCL_ws/install/tutorial_interfaces/include/tutorial_interfaces/srv/detail
[1.156s] -- Up-to-date: /home/wythe/PWCL_ws/install/tutorial_interfaces/include/tutorial_interfaces/srv/detail/drone_status__type_support.c
[1.156s] -- Up-to-date: /home/wythe/PWCL_ws/install/tutorial_interfaces/include/tutorial_interfaces/srv/detail/drone_mission_path__rosidl_typesupport_introspection_c.h
[1.156s] -- Up-to-date: /home/wythe/PWCL_ws/install/tutorial_interfaces/include/tutorial_interfaces/srv/detail/drone_mission_path__type_support.c
[1.156s] -- Up-to-date: /home/wythe/PWCL_ws/install/tutorial_interfaces/include/tutorial_interfaces/srv/detail/drone_status__rosidl_typesupport_introspection_c.h
[1.156s] -- Up-to-date: /home/wythe/PWCL_ws/install/tutorial_interfaces/include/tutorial_interfaces/msg
[1.156s] -- Up-to-date: /home/wythe/PWCL_ws/install/tutorial_interfaces/include/tutorial_interfaces/msg/rosidl_typesupport_introspection_c__visibility_control.h
[1.163s] -- Up-to-date: /home/wythe/PWCL_ws/install/tutorial_interfaces/lib/libtutorial_interfaces__rosidl_typesupport_introspection_c.so
[1.164s] -- Up-to-date: /home/wythe/PWCL_ws/install/tutorial_interfaces/lib/libtutorial_interfaces__rosidl_typesupport_c.so
[1.164s] -- Up-to-date: /home/wythe/PWCL_ws/install/tutorial_interfaces/include/tutorial_interfaces
[1.165s] -- Up-to-date: /home/wythe/PWCL_ws/install/tutorial_interfaces/include/tutorial_interfaces/srv
[1.165s] -- Up-to-date: /home/wythe/PWCL_ws/install/tutorial_interfaces/include/tutorial_interfaces/srv/drone_status.hpp
[1.165s] -- Up-to-date: /home/wythe/PWCL_ws/install/tutorial_interfaces/include/tutorial_interfaces/srv/detail
[1.165s] -- Up-to-date: /home/wythe/PWCL_ws/install/tutorial_interfaces/include/tutorial_interfaces/srv/detail/drone_status__struct.hpp
[1.165s] -- Up-to-date: /home/wythe/PWCL_ws/install/tutorial_interfaces/include/tutorial_interfaces/srv/detail/drone_mission_path__type_support.hpp
[1.165s] -- Up-to-date: /home/wythe/PWCL_ws/install/tutorial_interfaces/include/tutorial_interfaces/srv/detail/drone_mission_path__builder.hpp
[1.165s] -- Up-to-date: /home/wythe/PWCL_ws/install/tutorial_interfaces/include/tutorial_interfaces/srv/detail/drone_status__type_support.hpp
[1.166s] -- Up-to-date: /home/wythe/PWCL_ws/install/tutorial_interfaces/include/tutorial_interfaces/srv/detail/drone_mission_path__struct.hpp
[1.166s] -- Up-to-date: /home/wythe/PWCL_ws/install/tutorial_interfaces/include/tutorial_interfaces/srv/detail/drone_status__traits.hpp
[1.166s] -- Up-to-date: /home/wythe/PWCL_ws/install/tutorial_interfaces/include/tutorial_interfaces/srv/detail/drone_mission_path__traits.hpp
[1.166s] -- Up-to-date: /home/wythe/PWCL_ws/install/tutorial_interfaces/include/tutorial_interfaces/srv/detail/drone_status__builder.hpp
[1.167s] -- Up-to-date: /home/wythe/PWCL_ws/install/tutorial_interfaces/include/tutorial_interfaces/srv/drone_mission_path.hpp
[1.167s] -- Up-to-date: /home/wythe/PWCL_ws/install/tutorial_interfaces/include/tutorial_interfaces/msg
[1.167s] -- Up-to-date: /home/wythe/PWCL_ws/install/tutorial_interfaces/include/tutorial_interfaces/msg/rosidl_generator_cpp__visibility_control.hpp
[1.167s] -- Up-to-date: /home/wythe/PWCL_ws/install/tutorial_interfaces/include/tutorial_interfaces
[1.167s] -- Up-to-date: /home/wythe/PWCL_ws/install/tutorial_interfaces/include/tutorial_interfaces/srv
[1.167s] -- Up-to-date: /home/wythe/PWCL_ws/install/tutorial_interfaces/include/tutorial_interfaces/srv/detail
[1.167s] -- Up-to-date: /home/wythe/PWCL_ws/install/tutorial_interfaces/include/tutorial_interfaces/srv/detail/drone_mission_path__type_support.cpp
[1.167s] -- Up-to-date: /home/wythe/PWCL_ws/install/tutorial_interfaces/include/tutorial_interfaces/srv/detail/drone_mission_path__rosidl_typesupport_introspection_cpp.hpp
[1.168s] -- Up-to-date: /home/wythe/PWCL_ws/install/tutorial_interfaces/include/tutorial_interfaces/srv/detail/drone_status__rosidl_typesupport_introspection_cpp.hpp
[1.168s] -- Up-to-date: /home/wythe/PWCL_ws/install/tutorial_interfaces/include/tutorial_interfaces/srv/detail/drone_status__type_support.cpp
[1.168s] -- Up-to-date: /home/wythe/PWCL_ws/install/tutorial_interfaces/lib/libtutorial_interfaces__rosidl_typesupport_introspection_cpp.so
[1.168s] -- Up-to-date: /home/wythe/PWCL_ws/install/tutorial_interfaces/lib/libtutorial_interfaces__rosidl_typesupport_cpp.so
[1.168s] -- Up-to-date: /home/wythe/PWCL_ws/install/tutorial_interfaces/share/tutorial_interfaces/environment/pythonpath.sh
[1.168s] -- Up-to-date: /home/wythe/PWCL_ws/install/tutorial_interfaces/share/tutorial_interfaces/environment/pythonpath.dsv
[1.169s] -- Up-to-date: /home/wythe/PWCL_ws/install/tutorial_interfaces/lib/python3.8/site-packages/tutorial_interfaces/__init__.py
[1.246s] -- Up-to-date: /home/wythe/PWCL_ws/install/tutorial_interfaces/lib/python3.8/site-packages/tutorial_interfaces/srv
[1.246s] -- Up-to-date: /home/wythe/PWCL_ws/install/tutorial_interfaces/lib/python3.8/site-packages/tutorial_interfaces/srv/_drone_status_s.c
[1.246s] -- Up-to-date: /home/wythe/PWCL_ws/install/tutorial_interfaces/lib/python3.8/site-packages/tutorial_interfaces/srv/__init__.py
[1.246s] -- Up-to-date: /home/wythe/PWCL_ws/install/tutorial_interfaces/lib/python3.8/site-packages/tutorial_interfaces/srv/_drone_status.py
[1.246s] -- Up-to-date: /home/wythe/PWCL_ws/install/tutorial_interfaces/lib/python3.8/site-packages/tutorial_interfaces/srv/_drone_mission_path_s.c
[1.247s] -- Up-to-date: /home/wythe/PWCL_ws/install/tutorial_interfaces/lib/python3.8/site-packages/tutorial_interfaces/srv/_drone_mission_path.py
[1.247s] -- Up-to-date: /home/wythe/PWCL_ws/install/tutorial_interfaces/lib/python3.8/site-packages/tutorial_interfaces/tutorial_interfaces_s__rosidl_typesupport_fastrtps_c.cpython-38-x86_64-linux-gnu.so
[1.251s] -- Up-to-date: /home/wythe/PWCL_ws/install/tutorial_interfaces/lib/python3.8/site-packages/tutorial_interfaces/tutorial_interfaces_s__rosidl_typesupport_introspection_c.cpython-38-x86_64-linux-gnu.so
[1.254s] -- Up-to-date: /home/wythe/PWCL_ws/install/tutorial_interfaces/lib/python3.8/site-packages/tutorial_interfaces/tutorial_interfaces_s__rosidl_typesupport_c.cpython-38-x86_64-linux-gnu.so
[1.254s] -- Up-to-date: /home/wythe/PWCL_ws/install/tutorial_interfaces/lib/libtutorial_interfaces__python.so
[1.255s] -- Up-to-date: /home/wythe/PWCL_ws/install/tutorial_interfaces/share/tutorial_interfaces/srv/DroneMissionPath.idl
[1.255s] -- Up-to-date: /home/wythe/PWCL_ws/install/tutorial_interfaces/share/tutorial_interfaces/srv/DroneStatus.idl
[1.255s] -- Up-to-date: /home/wythe/PWCL_ws/install/tutorial_interfaces/share/tutorial_interfaces/srv/DroneMissionPath.srv
[1.255s] -- Up-to-date: /home/wythe/PWCL_ws/install/tutorial_interfaces/share/tutorial_interfaces/srv/DroneMissionPath_Request.msg
[1.255s] -- Up-to-date: /home/wythe/PWCL_ws/install/tutorial_interfaces/share/tutorial_interfaces/srv/DroneMissionPath_Response.msg
[1.256s] -- Up-to-date: /home/wythe/PWCL_ws/install/tutorial_interfaces/share/tutorial_interfaces/srv/DroneStatus.srv
[1.256s] -- Up-to-date: /home/wythe/PWCL_ws/install/tutorial_interfaces/share/tutorial_interfaces/srv/DroneStatus_Request.msg
[1.257s] -- Up-to-date: /home/wythe/PWCL_ws/install/tutorial_interfaces/share/tutorial_interfaces/srv/DroneStatus_Response.msg
[1.257s] -- Up-to-date: /home/wythe/PWCL_ws/install/tutorial_interfaces/share/ament_index/resource_index/package_run_dependencies/tutorial_interfaces
[1.257s] -- Up-to-date: /home/wythe/PWCL_ws/install/tutorial_interfaces/share/ament_index/resource_index/parent_prefix_path/tutorial_interfaces
[1.257s] -- Up-to-date: /home/wythe/PWCL_ws/install/tutorial_interfaces/share/tutorial_interfaces/environment/ament_prefix_path.sh
[1.257s] -- Up-to-date: /home/wythe/PWCL_ws/install/tutorial_interfaces/share/tutorial_interfaces/environment/ament_prefix_path.dsv
[1.257s] -- Up-to-date: /home/wythe/PWCL_ws/install/tutorial_interfaces/share/tutorial_interfaces/environment/path.sh
[1.258s] -- Up-to-date: /home/wythe/PWCL_ws/install/tutorial_interfaces/share/tutorial_interfaces/environment/path.dsv
[1.258s] -- Up-to-date: /home/wythe/PWCL_ws/install/tutorial_interfaces/share/tutorial_interfaces/local_setup.bash
[1.258s] -- Up-to-date: /home/wythe/PWCL_ws/install/tutorial_interfaces/share/tutorial_interfaces/local_setup.sh
[1.258s] -- Up-to-date: /home/wythe/PWCL_ws/install/tutorial_interfaces/share/tutorial_interfaces/local_setup.zsh
[1.258s] -- Up-to-date: /home/wythe/PWCL_ws/install/tutorial_interfaces/share/tutorial_interfaces/local_setup.dsv
[1.258s] -- Installing: /home/wythe/PWCL_ws/install/tutorial_interfaces/share/tutorial_interfaces/package.dsv
[1.259s] -- Up-to-date: /home/wythe/PWCL_ws/install/tutorial_interfaces/share/ament_index/resource_index/packages/tutorial_interfaces
[1.259s] -- Up-to-date: /home/wythe/PWCL_ws/install/tutorial_interfaces/share/tutorial_interfaces/cmake/tutorial_interfaces__rosidl_generator_cExport.cmake
[1.259s] -- Up-to-date: /home/wythe/PWCL_ws/install/tutorial_interfaces/share/tutorial_interfaces/cmake/tutorial_interfaces__rosidl_generator_cExport-noconfig.cmake
[1.260s] -- Up-to-date: /home/wythe/PWCL_ws/install/tutorial_interfaces/share/tutorial_interfaces/cmake/tutorial_interfaces__rosidl_typesupport_introspection_cExport.cmake
[1.260s] -- Up-to-date: /home/wythe/PWCL_ws/install/tutorial_interfaces/share/tutorial_interfaces/cmake/tutorial_interfaces__rosidl_typesupport_introspection_cExport-noconfig.cmake
[1.260s] -- Up-to-date: /home/wythe/PWCL_ws/install/tutorial_interfaces/share/tutorial_interfaces/cmake/tutorial_interfaces__rosidl_typesupport_cExport.cmake
[1.260s] -- Up-to-date: /home/wythe/PWCL_ws/install/tutorial_interfaces/share/tutorial_interfaces/cmake/tutorial_interfaces__rosidl_typesupport_cExport-noconfig.cmake
[1.260s] -- Up-to-date: /home/wythe/PWCL_ws/install/tutorial_interfaces/share/tutorial_interfaces/cmake/tutorial_interfaces__rosidl_generator_cppExport.cmake
[1.261s] -- Up-to-date: /home/wythe/PWCL_ws/install/tutorial_interfaces/share/tutorial_interfaces/cmake/tutorial_interfaces__rosidl_typesupport_introspection_cppExport.cmake
[1.261s] -- Up-to-date: /home/wythe/PWCL_ws/install/tutorial_interfaces/share/tutorial_interfaces/cmake/tutorial_interfaces__rosidl_typesupport_introspection_cppExport-noconfig.cmake
[1.263s] -- Up-to-date: /home/wythe/PWCL_ws/install/tutorial_interfaces/share/tutorial_interfaces/cmake/tutorial_interfaces__rosidl_typesupport_cppExport.cmake
[1.263s] -- Up-to-date: /home/wythe/PWCL_ws/install/tutorial_interfaces/share/tutorial_interfaces/cmake/tutorial_interfaces__rosidl_typesupport_cppExport-noconfig.cmake
[1.263s] -- Up-to-date: /home/wythe/PWCL_ws/install/tutorial_interfaces/share/tutorial_interfaces/cmake/rosidl_cmake-extras.cmake
[1.263s] -- Up-to-date: /home/wythe/PWCL_ws/install/tutorial_interfaces/share/tutorial_interfaces/cmake/ament_cmake_export_dependencies-extras.cmake
[1.263s] -- Up-to-date: /home/wythe/PWCL_ws/install/tutorial_interfaces/share/tutorial_interfaces/cmake/ament_cmake_export_libraries-extras.cmake
[1.264s] -- Up-to-date: /home/wythe/PWCL_ws/install/tutorial_interfaces/share/tutorial_interfaces/cmake/ament_cmake_export_targets-extras.cmake
[1.264s] -- Up-to-date: /home/wythe/PWCL_ws/install/tutorial_interfaces/share/tutorial_interfaces/cmake/ament_cmake_export_include_directories-extras.cmake
[1.264s] -- Up-to-date: /home/wythe/PWCL_ws/install/tutorial_interfaces/share/tutorial_interfaces/cmake/rosidl_cmake_export_typesupport_libraries-extras.cmake
[1.264s] -- Up-to-date: /home/wythe/PWCL_ws/install/tutorial_interfaces/share/tutorial_interfaces/cmake/rosidl_cmake_export_typesupport_targets-extras.cmake
[1.264s] -- Up-to-date: /home/wythe/PWCL_ws/install/tutorial_interfaces/share/tutorial_interfaces/cmake/tutorial_interfacesConfig.cmake
[1.270s] -- Up-to-date: /home/wythe/PWCL_ws/install/tutorial_interfaces/share/tutorial_interfaces/cmake/tutorial_interfacesConfig-version.cmake
[1.270s] -- Up-to-date: /home/wythe/PWCL_ws/install/tutorial_interfaces/share/tutorial_interfaces/package.xml
[1.276s] Invoked command in '/home/wythe/PWCL_ws/build/tutorial_interfaces' returned '0': CMAKE_PREFIX_PATH=/opt/ros/foxy /usr/bin/cmake --install /home/wythe/PWCL_ws/build/tutorial_interfaces
