[0.186s] Invoking command in '/home/wythe/PWCL_ws/build/tutorial_interfaces': CMAKE_PREFIX_PATH=/opt/ros/foxy /usr/bin/cmake --build /home/wythe/PWCL_ws/build/tutorial_interfaces -- -j12 -l12
[0.278s] [  2%] Built target tutorial_interfaces__cpp
[0.280s] [ 12%] Built target tutorial_interfaces__rosidl_generator_c
[0.320s] [ 28%] Built target tutorial_interfaces__rosidl_typesupport_cpp
[0.321s] [ 33%] Built target tutorial_interfaces__rosidl_typesupport_introspection_cpp
[0.328s] [ 43%] Built target tutorial_interfaces__rosidl_typesupport_fastrtps_cpp
[0.331s] [ 53%] Built target tutorial_interfaces__rosidl_typesupport_c
[0.333s] [ 64%] Built target tutorial_interfaces__rosidl_typesupport_introspection_c
[0.358s] [ 74%] Built target tutorial_interfaces__rosidl_typesupport_fastrtps_c
[0.380s] [ 74%] Built target tutorial_interfaces
[0.403s] [ 76%] Built target tutorial_interfaces__py
[0.434s] [ 84%] Built target tutorial_interfaces__python
[0.466s] [ 89%] Built target tutorial_interfaces__rosidl_typesupport_fastrtps_c__pyext
[0.471s] [ 94%] Built target tutorial_interfaces__rosidl_typesupport_introspection_c__pyext
[0.476s] [100%] Built target tutorial_interfaces__rosidl_typesupport_c__pyext
[0.498s] Invoked command in '/home/wythe/PWCL_ws/build/tutorial_interfaces' returned '0': CMAKE_PREFIX_PATH=/opt/ros/foxy /usr/bin/cmake --build /home/wythe/PWCL_ws/build/tutorial_interfaces -- -j12 -l12
[0.596s] Invoking command in '/home/wythe/PWCL_ws/build/tutorial_interfaces': CMAKE_PREFIX_PATH=/opt/ros/foxy /usr/bin/cmake --install /home/wythe/PWCL_ws/build/tutorial_interfaces
[0.612s] -- Install configuration: ""
[0.613s] -- Up-to-date: /home/wythe/PWCL_ws/install/tutorial_interfaces/share/ament_index/resource_index/rosidl_interfaces/tutorial_interfaces
[0.613s] -- Up-to-date: /home/wythe/PWCL_ws/install/tutorial_interfaces/include/tutorial_interfaces
[0.613s] -- Up-to-date: /home/wythe/PWCL_ws/install/tutorial_interfaces/include/tutorial_interfaces/srv
[0.613s] -- Up-to-date: /home/wythe/PWCL_ws/install/tutorial_interfaces/include/tutorial_interfaces/srv/drone_status.h
[0.613s] -- Up-to-date: /home/wythe/PWCL_ws/install/tutorial_interfaces/include/tutorial_interfaces/srv/detail
[0.613s] -- Up-to-date: /home/wythe/PWCL_ws/install/tutorial_interfaces/include/tutorial_interfaces/srv/detail/drone_mission_path__type_support.h
[0.613s] -- Up-to-date: /home/wythe/PWCL_ws/install/tutorial_interfaces/include/tutorial_interfaces/srv/detail/drone_status__functions.h
[0.613s] -- Up-to-date: /home/wythe/PWCL_ws/install/tutorial_interfaces/include/tutorial_interfaces/srv/detail/drone_mission_path__struct.h
[0.613s] -- Up-to-date: /home/wythe/PWCL_ws/install/tutorial_interfaces/include/tutorial_interfaces/srv/detail/drone_status__struct.h
[0.613s] -- Up-to-date: /home/wythe/PWCL_ws/install/tutorial_interfaces/include/tutorial_interfaces/srv/detail/drone_mission_path__functions.h
[0.613s] -- Up-to-date: /home/wythe/PWCL_ws/install/tutorial_interfaces/include/tutorial_interfaces/srv/detail/drone_status__functions.c
[0.613s] -- Up-to-date: /home/wythe/PWCL_ws/install/tutorial_interfaces/include/tutorial_interfaces/srv/detail/drone_status__type_support.h
[0.613s] -- Up-to-date: /home/wythe/PWCL_ws/install/tutorial_interfaces/include/tutorial_interfaces/srv/detail/drone_mission_path__functions.c
[0.614s] -- Up-to-date: /home/wythe/PWCL_ws/install/tutorial_interfaces/include/tutorial_interfaces/srv/drone_mission_path.h
[0.614s] -- Up-to-date: /home/wythe/PWCL_ws/install/tutorial_interfaces/include/tutorial_interfaces/msg
[0.614s] -- Up-to-date: /home/wythe/PWCL_ws/install/tutorial_interfaces/include/tutorial_interfaces/msg/rosidl_generator_c__visibility_control.h
[0.614s] -- Up-to-date: /home/wythe/PWCL_ws/install/tutorial_interfaces/share/tutorial_interfaces/environment/library_path.sh
[0.614s] -- Up-to-date: /home/wythe/PWCL_ws/install/tutorial_interfaces/share/tutorial_interfaces/environment/library_path.dsv
[0.614s] -- Up-to-date: /home/wythe/PWCL_ws/install/tutorial_interfaces/lib/libtutorial_interfaces__rosidl_generator_c.so
[0.614s] -- Up-to-date: /home/wythe/PWCL_ws/install/tutorial_interfaces/include/tutorial_interfaces
[0.614s] -- Up-to-date: /home/wythe/PWCL_ws/install/tutorial_interfaces/include/tutorial_interfaces/srv
[0.614s] -- Up-to-date: /home/wythe/PWCL_ws/install/tutorial_interfaces/include/tutorial_interfaces/srv/detail
[0.614s] -- Up-to-date: /home/wythe/PWCL_ws/install/tutorial_interfaces/include/tutorial_interfaces/srv/detail/drone_status__rosidl_typesupport_fastrtps_c.h
[0.614s] -- Up-to-date: /home/wythe/PWCL_ws/install/tutorial_interfaces/include/tutorial_interfaces/srv/detail/drone_mission_path__rosidl_typesupport_fastrtps_c.h
[0.614s] -- Up-to-date: /home/wythe/PWCL_ws/install/tutorial_interfaces/include/tutorial_interfaces/msg
[0.614s] -- Up-to-date: /home/wythe/PWCL_ws/install/tutorial_interfaces/include/tutorial_interfaces/msg/rosidl_typesupport_fastrtps_c__visibility_control.h
[0.615s] -- Up-to-date: /home/wythe/PWCL_ws/install/tutorial_interfaces/lib/libtutorial_interfaces__rosidl_typesupport_fastrtps_c.so
[0.615s] -- Up-to-date: /home/wythe/PWCL_ws/install/tutorial_interfaces/include/tutorial_interfaces
[0.615s] -- Up-to-date: /home/wythe/PWCL_ws/install/tutorial_interfaces/include/tutorial_interfaces/srv
[0.615s] -- Up-to-date: /home/wythe/PWCL_ws/install/tutorial_interfaces/include/tutorial_interfaces/srv/detail
[0.615s] -- Up-to-date: /home/wythe/PWCL_ws/install/tutorial_interfaces/include/tutorial_interfaces/srv/detail/dds_fastrtps
[0.615s] -- Up-to-date: /home/wythe/PWCL_ws/install/tutorial_interfaces/include/tutorial_interfaces/srv/detail/drone_mission_path__rosidl_typesupport_fastrtps_cpp.hpp
[0.615s] -- Up-to-date: /home/wythe/PWCL_ws/install/tutorial_interfaces/include/tutorial_interfaces/srv/detail/drone_status__rosidl_typesupport_fastrtps_cpp.hpp
[0.615s] -- Up-to-date: /home/wythe/PWCL_ws/install/tutorial_interfaces/include/tutorial_interfaces/msg
[0.615s] -- Up-to-date: /home/wythe/PWCL_ws/install/tutorial_interfaces/include/tutorial_interfaces/msg/rosidl_typesupport_fastrtps_cpp__visibility_control.h
[0.615s] -- Up-to-date: /home/wythe/PWCL_ws/install/tutorial_interfaces/lib/libtutorial_interfaces__rosidl_typesupport_fastrtps_cpp.so
[0.615s] -- Up-to-date: /home/wythe/PWCL_ws/install/tutorial_interfaces/include/tutorial_interfaces
[0.615s] -- Up-to-date: /home/wythe/PWCL_ws/install/tutorial_interfaces/include/tutorial_interfaces/srv
[0.615s] -- Up-to-date: /home/wythe/PWCL_ws/install/tutorial_interfaces/include/tutorial_interfaces/srv/detail
[0.615s] -- Up-to-date: /home/wythe/PWCL_ws/install/tutorial_interfaces/include/tutorial_interfaces/srv/detail/drone_status__type_support.c
[0.615s] -- Up-to-date: /home/wythe/PWCL_ws/install/tutorial_interfaces/include/tutorial_interfaces/srv/detail/drone_mission_path__rosidl_typesupport_introspection_c.h
[0.615s] -- Up-to-date: /home/wythe/PWCL_ws/install/tutorial_interfaces/include/tutorial_interfaces/srv/detail/drone_mission_path__type_support.c
[0.616s] -- Up-to-date: /home/wythe/PWCL_ws/install/tutorial_interfaces/include/tutorial_interfaces/srv/detail/drone_status__rosidl_typesupport_introspection_c.h
[0.616s] -- Up-to-date: /home/wythe/PWCL_ws/install/tutorial_interfaces/include/tutorial_interfaces/msg
[0.616s] -- Up-to-date: /home/wythe/PWCL_ws/install/tutorial_interfaces/include/tutorial_interfaces/msg/rosidl_typesupport_introspection_c__visibility_control.h
[0.616s] -- Up-to-date: /home/wythe/PWCL_ws/install/tutorial_interfaces/lib/libtutorial_interfaces__rosidl_typesupport_introspection_c.so
[0.616s] -- Up-to-date: /home/wythe/PWCL_ws/install/tutorial_interfaces/lib/libtutorial_interfaces__rosidl_typesupport_c.so
[0.616s] -- Up-to-date: /home/wythe/PWCL_ws/install/tutorial_interfaces/include/tutorial_interfaces
[0.616s] -- Up-to-date: /home/wythe/PWCL_ws/install/tutorial_interfaces/include/tutorial_interfaces/srv
[0.616s] -- Up-to-date: /home/wythe/PWCL_ws/install/tutorial_interfaces/include/tutorial_interfaces/srv/drone_status.hpp
[0.616s] -- Up-to-date: /home/wythe/PWCL_ws/install/tutorial_interfaces/include/tutorial_interfaces/srv/detail
[0.616s] -- Up-to-date: /home/wythe/PWCL_ws/install/tutorial_interfaces/include/tutorial_interfaces/srv/detail/drone_status__struct.hpp
[0.616s] -- Up-to-date: /home/wythe/PWCL_ws/install/tutorial_interfaces/include/tutorial_interfaces/srv/detail/drone_mission_path__type_support.hpp
[0.616s] -- Up-to-date: /home/wythe/PWCL_ws/install/tutorial_interfaces/include/tutorial_interfaces/srv/detail/drone_mission_path__builder.hpp
[0.616s] -- Up-to-date: /home/wythe/PWCL_ws/install/tutorial_interfaces/include/tutorial_interfaces/srv/detail/drone_status__type_support.hpp
[0.616s] -- Up-to-date: /home/wythe/PWCL_ws/install/tutorial_interfaces/include/tutorial_interfaces/srv/detail/drone_mission_path__struct.hpp
[0.616s] -- Up-to-date: /home/wythe/PWCL_ws/install/tutorial_interfaces/include/tutorial_interfaces/srv/detail/drone_status__traits.hpp
[0.616s] -- Up-to-date: /home/wythe/PWCL_ws/install/tutorial_interfaces/include/tutorial_interfaces/srv/detail/drone_mission_path__traits.hpp
[0.617s] -- Up-to-date: /home/wythe/PWCL_ws/install/tutorial_interfaces/include/tutorial_interfaces/srv/detail/drone_status__builder.hpp
[0.617s] -- Up-to-date: /home/wythe/PWCL_ws/install/tutorial_interfaces/include/tutorial_interfaces/srv/drone_mission_path.hpp
[0.617s] -- Up-to-date: /home/wythe/PWCL_ws/install/tutorial_interfaces/include/tutorial_interfaces/msg
[0.617s] -- Up-to-date: /home/wythe/PWCL_ws/install/tutorial_interfaces/include/tutorial_interfaces/msg/rosidl_generator_cpp__visibility_control.hpp
[0.617s] -- Up-to-date: /home/wythe/PWCL_ws/install/tutorial_interfaces/include/tutorial_interfaces
[0.617s] -- Up-to-date: /home/wythe/PWCL_ws/install/tutorial_interfaces/include/tutorial_interfaces/srv
[0.617s] -- Up-to-date: /home/wythe/PWCL_ws/install/tutorial_interfaces/include/tutorial_interfaces/srv/detail
[0.617s] -- Up-to-date: /home/wythe/PWCL_ws/install/tutorial_interfaces/include/tutorial_interfaces/srv/detail/drone_mission_path__type_support.cpp
[0.617s] -- Up-to-date: /home/wythe/PWCL_ws/install/tutorial_interfaces/include/tutorial_interfaces/srv/detail/drone_mission_path__rosidl_typesupport_introspection_cpp.hpp
[0.617s] -- Up-to-date: /home/wythe/PWCL_ws/install/tutorial_interfaces/include/tutorial_interfaces/srv/detail/drone_status__rosidl_typesupport_introspection_cpp.hpp
[0.617s] -- Up-to-date: /home/wythe/PWCL_ws/install/tutorial_interfaces/include/tutorial_interfaces/srv/detail/drone_status__type_support.cpp
[0.617s] -- Up-to-date: /home/wythe/PWCL_ws/install/tutorial_interfaces/lib/libtutorial_interfaces__rosidl_typesupport_introspection_cpp.so
[0.618s] -- Up-to-date: /home/wythe/PWCL_ws/install/tutorial_interfaces/lib/libtutorial_interfaces__rosidl_typesupport_cpp.so
[0.618s] -- Up-to-date: /home/wythe/PWCL_ws/install/tutorial_interfaces/share/tutorial_interfaces/environment/pythonpath.sh
[0.618s] -- Up-to-date: /home/wythe/PWCL_ws/install/tutorial_interfaces/share/tutorial_interfaces/environment/pythonpath.dsv
[0.618s] -- Up-to-date: /home/wythe/PWCL_ws/install/tutorial_interfaces/lib/python3.8/site-packages/tutorial_interfaces/__init__.py
[0.632s] -- Up-to-date: /home/wythe/PWCL_ws/install/tutorial_interfaces/lib/python3.8/site-packages/tutorial_interfaces/srv
[0.632s] -- Up-to-date: /home/wythe/PWCL_ws/install/tutorial_interfaces/lib/python3.8/site-packages/tutorial_interfaces/srv/_drone_status_s.c
[0.633s] -- Up-to-date: /home/wythe/PWCL_ws/install/tutorial_interfaces/lib/python3.8/site-packages/tutorial_interfaces/srv/__init__.py
[0.633s] -- Up-to-date: /home/wythe/PWCL_ws/install/tutorial_interfaces/lib/python3.8/site-packages/tutorial_interfaces/srv/_drone_status.py
[0.633s] -- Up-to-date: /home/wythe/PWCL_ws/install/tutorial_interfaces/lib/python3.8/site-packages/tutorial_interfaces/srv/_drone_mission_path_s.c
[0.633s] -- Up-to-date: /home/wythe/PWCL_ws/install/tutorial_interfaces/lib/python3.8/site-packages/tutorial_interfaces/srv/_drone_mission_path.py
[0.633s] -- Up-to-date: /home/wythe/PWCL_ws/install/tutorial_interfaces/lib/python3.8/site-packages/tutorial_interfaces/tutorial_interfaces_s__rosidl_typesupport_fastrtps_c.cpython-38-x86_64-linux-gnu.so
[0.633s] -- Up-to-date: /home/wythe/PWCL_ws/install/tutorial_interfaces/lib/python3.8/site-packages/tutorial_interfaces/tutorial_interfaces_s__rosidl_typesupport_introspection_c.cpython-38-x86_64-linux-gnu.so
[0.633s] -- Up-to-date: /home/wythe/PWCL_ws/install/tutorial_interfaces/lib/python3.8/site-packages/tutorial_interfaces/tutorial_interfaces_s__rosidl_typesupport_c.cpython-38-x86_64-linux-gnu.so
[0.634s] -- Up-to-date: /home/wythe/PWCL_ws/install/tutorial_interfaces/lib/libtutorial_interfaces__python.so
[0.634s] -- Up-to-date: /home/wythe/PWCL_ws/install/tutorial_interfaces/share/tutorial_interfaces/srv/DroneMissionPath.idl
[0.634s] -- Up-to-date: /home/wythe/PWCL_ws/install/tutorial_interfaces/share/tutorial_interfaces/srv/DroneStatus.idl
[0.634s] -- Up-to-date: /home/wythe/PWCL_ws/install/tutorial_interfaces/share/tutorial_interfaces/srv/DroneMissionPath.srv
[0.634s] -- Up-to-date: /home/wythe/PWCL_ws/install/tutorial_interfaces/share/tutorial_interfaces/srv/DroneMissionPath_Request.msg
[0.635s] -- Up-to-date: /home/wythe/PWCL_ws/install/tutorial_interfaces/share/tutorial_interfaces/srv/DroneMissionPath_Response.msg
[0.635s] -- Up-to-date: /home/wythe/PWCL_ws/install/tutorial_interfaces/share/tutorial_interfaces/srv/DroneStatus.srv
[0.635s] -- Up-to-date: /home/wythe/PWCL_ws/install/tutorial_interfaces/share/tutorial_interfaces/srv/DroneStatus_Request.msg
[0.635s] -- Up-to-date: /home/wythe/PWCL_ws/install/tutorial_interfaces/share/tutorial_interfaces/srv/DroneStatus_Response.msg
[0.635s] -- Up-to-date: /home/wythe/PWCL_ws/install/tutorial_interfaces/share/ament_index/resource_index/package_run_dependencies/tutorial_interfaces
[0.635s] -- Up-to-date: /home/wythe/PWCL_ws/install/tutorial_interfaces/share/ament_index/resource_index/parent_prefix_path/tutorial_interfaces
[0.635s] -- Up-to-date: /home/wythe/PWCL_ws/install/tutorial_interfaces/share/tutorial_interfaces/environment/ament_prefix_path.sh
[0.636s] -- Up-to-date: /home/wythe/PWCL_ws/install/tutorial_interfaces/share/tutorial_interfaces/environment/ament_prefix_path.dsv
[0.636s] -- Up-to-date: /home/wythe/PWCL_ws/install/tutorial_interfaces/share/tutorial_interfaces/environment/path.sh
[0.636s] -- Up-to-date: /home/wythe/PWCL_ws/install/tutorial_interfaces/share/tutorial_interfaces/environment/path.dsv
[0.636s] -- Up-to-date: /home/wythe/PWCL_ws/install/tutorial_interfaces/share/tutorial_interfaces/local_setup.bash
[0.636s] -- Up-to-date: /home/wythe/PWCL_ws/install/tutorial_interfaces/share/tutorial_interfaces/local_setup.sh
[0.636s] -- Up-to-date: /home/wythe/PWCL_ws/install/tutorial_interfaces/share/tutorial_interfaces/local_setup.zsh
[0.636s] -- Up-to-date: /home/wythe/PWCL_ws/install/tutorial_interfaces/share/tutorial_interfaces/local_setup.dsv
[0.637s] -- Installing: /home/wythe/PWCL_ws/install/tutorial_interfaces/share/tutorial_interfaces/package.dsv
[0.637s] -- Up-to-date: /home/wythe/PWCL_ws/install/tutorial_interfaces/share/ament_index/resource_index/packages/tutorial_interfaces
[0.637s] -- Up-to-date: /home/wythe/PWCL_ws/install/tutorial_interfaces/share/tutorial_interfaces/cmake/tutorial_interfaces__rosidl_generator_cExport.cmake
[0.637s] -- Up-to-date: /home/wythe/PWCL_ws/install/tutorial_interfaces/share/tutorial_interfaces/cmake/tutorial_interfaces__rosidl_generator_cExport-noconfig.cmake
[0.637s] -- Up-to-date: /home/wythe/PWCL_ws/install/tutorial_interfaces/share/tutorial_interfaces/cmake/tutorial_interfaces__rosidl_typesupport_introspection_cExport.cmake
[0.637s] -- Up-to-date: /home/wythe/PWCL_ws/install/tutorial_interfaces/share/tutorial_interfaces/cmake/tutorial_interfaces__rosidl_typesupport_introspection_cExport-noconfig.cmake
[0.637s] -- Up-to-date: /home/wythe/PWCL_ws/install/tutorial_interfaces/share/tutorial_interfaces/cmake/tutorial_interfaces__rosidl_typesupport_cExport.cmake
[0.638s] -- Up-to-date: /home/wythe/PWCL_ws/install/tutorial_interfaces/share/tutorial_interfaces/cmake/tutorial_interfaces__rosidl_typesupport_cExport-noconfig.cmake
[0.638s] -- Up-to-date: /home/wythe/PWCL_ws/install/tutorial_interfaces/share/tutorial_interfaces/cmake/tutorial_interfaces__rosidl_generator_cppExport.cmake
[0.638s] -- Up-to-date: /home/wythe/PWCL_ws/install/tutorial_interfaces/share/tutorial_interfaces/cmake/tutorial_interfaces__rosidl_typesupport_introspection_cppExport.cmake
[0.638s] -- Up-to-date: /home/wythe/PWCL_ws/install/tutorial_interfaces/share/tutorial_interfaces/cmake/tutorial_interfaces__rosidl_typesupport_introspection_cppExport-noconfig.cmake
[0.638s] -- Up-to-date: /home/wythe/PWCL_ws/install/tutorial_interfaces/share/tutorial_interfaces/cmake/tutorial_interfaces__rosidl_typesupport_cppExport.cmake
[0.638s] -- Up-to-date: /home/wythe/PWCL_ws/install/tutorial_interfaces/share/tutorial_interfaces/cmake/tutorial_interfaces__rosidl_typesupport_cppExport-noconfig.cmake
[0.638s] -- Up-to-date: /home/wythe/PWCL_ws/install/tutorial_interfaces/share/tutorial_interfaces/cmake/rosidl_cmake-extras.cmake
[0.639s] -- Up-to-date: /home/wythe/PWCL_ws/install/tutorial_interfaces/share/tutorial_interfaces/cmake/ament_cmake_export_dependencies-extras.cmake
[0.639s] -- Up-to-date: /home/wythe/PWCL_ws/install/tutorial_interfaces/share/tutorial_interfaces/cmake/ament_cmake_export_libraries-extras.cmake
[0.639s] -- Up-to-date: /home/wythe/PWCL_ws/install/tutorial_interfaces/share/tutorial_interfaces/cmake/ament_cmake_export_targets-extras.cmake
[0.639s] -- Up-to-date: /home/wythe/PWCL_ws/install/tutorial_interfaces/share/tutorial_interfaces/cmake/ament_cmake_export_include_directories-extras.cmake
[0.639s] -- Up-to-date: /home/wythe/PWCL_ws/install/tutorial_interfaces/share/tutorial_interfaces/cmake/rosidl_cmake_export_typesupport_libraries-extras.cmake
[0.642s] -- Up-to-date: /home/wythe/PWCL_ws/install/tutorial_interfaces/share/tutorial_interfaces/cmake/rosidl_cmake_export_typesupport_targets-extras.cmake
[0.642s] -- Up-to-date: /home/wythe/PWCL_ws/install/tutorial_interfaces/share/tutorial_interfaces/cmake/tutorial_interfacesConfig.cmake
[0.642s] -- Up-to-date: /home/wythe/PWCL_ws/install/tutorial_interfaces/share/tutorial_interfaces/cmake/tutorial_interfacesConfig-version.cmake
[0.643s] -- Up-to-date: /home/wythe/PWCL_ws/install/tutorial_interfaces/share/tutorial_interfaces/package.xml
[0.643s] Invoked command in '/home/wythe/PWCL_ws/build/tutorial_interfaces' returned '0': CMAKE_PREFIX_PATH=/opt/ros/foxy /usr/bin/cmake --install /home/wythe/PWCL_ws/build/tutorial_interfaces
