[  5%] Built target servo_state_publisher
[ 10%] Built target mavros_extras
[100%] Built target mavros_extras_plugins
-- Install configuration: ""
-- Installing: /home/wythe/PWCL_ws/install/mavros_extras/share/mavros_extras/mavros_plugins.xml
-- Installing: /home/wythe/PWCL_ws/install/mavros_extras/lib/mavros_extras/servo_state_publisher
-- Set runtime path of "/home/wythe/PWCL_ws/install/mavros_extras/lib/mavros_extras/servo_state_publisher" to ""
-- Installing: /home/wythe/PWCL_ws/install/mavros_extras/lib/libmavros_extras.so
-- Set runtime path of "/home/wythe/PWCL_ws/install/mavros_extras/lib/libmavros_extras.so" to ""
-- Installing: /home/wythe/PWCL_ws/install/mavros_extras/lib/libmavros_extras_plugins.so
-- Set runtime path of "/home/wythe/PWCL_ws/install/mavros_extras/lib/libmavros_extras_plugins.so" to ""
-- Installing: /home/wythe/PWCL_ws/install/mavros_extras/include
-- Installing: /home/wythe/PWCL_ws/install/mavros_extras/include/mavros_extras
-- Installing: /home/wythe/PWCL_ws/install/mavros_extras/include/mavros_extras/servo_state_publisher.hpp
-- Installing: /home/wythe/PWCL_ws/install/mavros_extras/share/mavros_extras/launch
-- Installing: /home/wythe/PWCL_ws/install/mavros_extras/share/mavros_extras/launch/px4flow_config.yaml
-- Installing: /home/wythe/PWCL_ws/install/mavros_extras/share/mavros_extras/launch/px4flow_pluginlists.yaml
-- Installing: /home/wythe/PWCL_ws/install/mavros_extras/share/mavros_extras/launch/px4flow.launch
-- Installing: /home/wythe/PWCL_ws/install/mavros_extras/share/mavros_extras/launch/servo_state_publisher.yaml
-- Installing: /home/wythe/PWCL_ws/install/mavros_extras/share/mavros_extras/environment/library_path.sh
-- Installing: /home/wythe/PWCL_ws/install/mavros_extras/share/mavros_extras/environment/library_path.dsv
-- Installing: /home/wythe/PWCL_ws/install/mavros_extras/share/ament_index/resource_index/package_run_dependencies/mavros_extras
-- Installing: /home/wythe/PWCL_ws/install/mavros_extras/share/ament_index/resource_index/parent_prefix_path/mavros_extras
-- Installing: /home/wythe/PWCL_ws/install/mavros_extras/share/mavros_extras/environment/ament_prefix_path.sh
-- Installing: /home/wythe/PWCL_ws/install/mavros_extras/share/mavros_extras/environment/ament_prefix_path.dsv
-- Installing: /home/wythe/PWCL_ws/install/mavros_extras/share/mavros_extras/environment/path.sh
-- Installing: /home/wythe/PWCL_ws/install/mavros_extras/share/mavros_extras/environment/path.dsv
-- Installing: /home/wythe/PWCL_ws/install/mavros_extras/share/mavros_extras/local_setup.bash
-- Installing: /home/wythe/PWCL_ws/install/mavros_extras/share/mavros_extras/local_setup.sh
-- Installing: /home/wythe/PWCL_ws/install/mavros_extras/share/mavros_extras/local_setup.zsh
-- Installing: /home/wythe/PWCL_ws/install/mavros_extras/share/mavros_extras/local_setup.dsv
-- Installing: /home/wythe/PWCL_ws/install/mavros_extras/share/mavros_extras/package.dsv
-- Installing: /home/wythe/PWCL_ws/install/mavros_extras/share/ament_index/resource_index/packages/mavros_extras
-- Installing: /home/wythe/PWCL_ws/install/mavros_extras/share/ament_index/resource_index/mavros__pluginlib__plugin/mavros_extras
-- Installing: /home/wythe/PWCL_ws/install/mavros_extras/share/ament_index/resource_index/rclcpp_components/mavros_extras
-- Installing: /home/wythe/PWCL_ws/install/mavros_extras/share/mavros_extras/cmake/ament_cmake_export_include_directories-extras.cmake
-- Installing: /home/wythe/PWCL_ws/install/mavros_extras/share/mavros_extras/cmake/ament_cmake_export_libraries-extras.cmake
-- Installing: /home/wythe/PWCL_ws/install/mavros_extras/share/mavros_extras/cmake/ament_cmake_export_dependencies-extras.cmake
-- Installing: /home/wythe/PWCL_ws/install/mavros_extras/share/mavros_extras/cmake/mavros_extrasConfig.cmake
-- Installing: /home/wythe/PWCL_ws/install/mavros_extras/share/mavros_extras/cmake/mavros_extrasConfig-version.cmake
-- Installing: /home/wythe/PWCL_ws/install/mavros_extras/share/mavros_extras/package.xml
